2015-12-08 12:52:02.307;p2syslog;;Use async writing mode; msg_pool_size: 2048; logthread_affinity 0x0;TID 5896
2015-12-08 12:52:02.307;cgate.env;;Registered default p2 logger cgate.env.;TID 5896
2015-12-08 12:52:02.307;cgate.env;;Registered default p2 logger cgate.user.;TID 5896
2015-12-08 12:52:02.307;p2mq-cli;;MQ library started.;TID 5896
2015-12-08 12:52:02.307;p2repl-cli;;Client replication library started;TID 5896
2015-12-08 12:52:02.307;cgate.env;;New conn impl registered: p2tcp.;TID 5896
2015-12-08 12:52:02.307;cgate.env;;New conn impl registered: p2lrpcq.;TID 5896
2015-12-08 12:52:02.307;cgate.env;;New conn impl registered: p2sys.;TID 5896
2015-12-08 12:52:02.307;cgate.env;;New listener impl registered: p2sys.;TID 5896
2015-12-08 12:52:02.307;cgate.env;;New publisher impl registered: p2sys.;TID 5896
2015-12-08 12:52:02.307;cgate.env;;New publisher impl registered: p2mq.;TID 5896
2015-12-08 12:52:02.307;cgate.env;;New listener impl registered: p2repl.;TID 5896
2015-12-08 12:52:02.307;cgate.env;;New listener impl registered: p2mqreply.;TID 5896
2015-12-08 12:52:02.307;cgate.env;;New listener impl registered: p2ordbook.;TID 5896
2015-12-08 12:52:02.307;cgate.env;;New conn impl registered: timer.;TID 5896
2015-12-08 12:52:02.307;cgate.env;;New listener impl registered: interval_timer.;TID 5896
2015-12-08 12:52:02.307;cgate.env;;New listener impl registered: cron_timer.;TID 5896
2015-12-08 12:52:02.307;cgate.user;;Cgate version: 1.3.12;TID 5896
2015-12-08 12:52:02.307;cgate.user;;OS version: Microsoft Windows 7 Ultimate Edition Service Pack 1 (build 7601), 64-bit;TID 5896
2015-12-08 12:52:02.307;cgate.user;;P2 version: 203.;TID 5896
2015-12-08 12:52:02.307;cgate.user;;Current work path: C:\Repository\-AistTrader\AistTrader\AistTrader\bin\Debug;TID 5896
2015-12-08 12:52:02.307;cgate.user;;cg_env_open settings: ini=StockSharp.Plaza.CGate.ini;key=11111111;TID 5896
2015-12-08 12:52:02.307;cgate.user;;cg_conn_new settings: p2tcp://127.0.0.1:4001;app_name=TESTName_4;TID 5896
2015-12-08 12:52:02.307;cgate.env;;Registered default p2 logger cgate.connection.p2.;TID 5896
2015-12-08 12:52:02.307;cgate.connection.p2;;init: connection init. Connection settings: p2tcp://127.0.0.1:4001;app_name=TESTName_4;name=noname1 @cee{name: , obj: 0x4BA4250, thread: 5896};TID 5896
2015-12-08 12:52:02.307;cgate.env;;New connection was registered: noname1.;TID 5896
2015-12-08 12:52:02.307;cgate.user;;cg_conn_new settings: p2tcp://127.0.0.1:4001;app_name=TESTName_3;TID 3980
2015-12-08 12:52:02.307;cgate.connection.p2;;init: connection init. Connection settings: p2tcp://127.0.0.1:4001;app_name=TESTName_3;name=noname2 @cee{name: , obj: 0x4BA3D88, thread: 3980};TID 3980
2015-12-08 12:52:02.307;cgate.env;;New connection was registered: noname2.;TID 3980
2015-12-08 12:52:02.307;cgate.user;;cg_conn_new settings: p2tcp://127.0.0.1:4001;app_name=TESTName_2;TID 12756
2015-12-08 12:52:02.308;cgate.connection.p2;;init: connection init. Connection settings: p2tcp://127.0.0.1:4001;app_name=TESTName_2;name=noname3 @cee{name: , obj: 0x4BA40B8, thread: 12756};TID 12756
2015-12-08 12:52:02.308;cgate.env;;New connection was registered: noname3.;TID 12756
2015-12-08 12:52:02.308;cgate.user;;cg_conn_open: 4BA40F0;TID 12756
2015-12-08 12:52:02.308;cgate.user;;cg_conn_open settings: ;TID 12756
2015-12-08 12:52:02.308;cgate.user;;cg_conn_open: 4BA4288;TID 5896
2015-12-08 12:52:02.308;cgate.user;;cg_conn_open settings: ;TID 5896
2015-12-08 12:52:02.308;cgate.connection.p2;;open: connection open. @cee{name: noname3, obj: 0x4BA40B8, thread: 12756};TID 12756
2015-12-08 12:52:02.308;cgate.connection.p2;;open: connection open. @cee{name: noname1, obj: 0x4BA4250, thread: 5896};TID 5896
2015-12-08 12:52:02.308;cgate.connection.p2;;P2MQ connection string: appName=TESTName_2;host=127.0.0.1;port=4001;timeout=3000;localTimeout=30000;
 @cee{name: noname3, obj: 0x4BA40B8, thread: 12756};TID 12756
2015-12-08 12:52:02.308;cgate.user;;cg_conn_open: 4BA3DC0;TID 3980
2015-12-08 12:52:02.308;cgate.user;;cg_conn_open settings: ;TID 3980
2015-12-08 12:52:02.308;cgate.connection.p2;;P2MQ connection string: appName=TESTName_4;host=127.0.0.1;port=4001;timeout=3000;localTimeout=30000;
 @cee{name: noname1, obj: 0x4BA4250, thread: 5896};TID 5896
2015-12-08 12:52:02.308;cgate.connection.p2;;open: connection open. @cee{name: noname2, obj: 0x4BA3D88, thread: 3980};TID 3980
2015-12-08 12:52:02.308;cgate.connection.p2;;P2MQ connection string: appName=TESTName_3;host=127.0.0.1;port=4001;timeout=3000;localTimeout=30000;
 @cee{name: noname2, obj: 0x4BA3D88, thread: 3980};TID 3980
2015-12-08 12:52:02.308;cgate.user;;cg_conn_new settings: p2tcp://127.0.0.1:4001;app_name=TESTName_1;TID 12772
2015-12-08 12:52:02.308;cgate.connection.p2;;init: connection init. Connection settings: p2tcp://127.0.0.1:4001;app_name=TESTName_1;name=noname4 @cee{name: , obj: 0x4BA4580, thread: 12772};TID 12772
2015-12-08 12:52:02.308;cgate.env;;New connection was registered: noname4.;TID 12772
2015-12-08 12:52:02.308;cgate.user;;cg_conn_open: 4BA45B8;TID 12772
2015-12-08 12:52:02.308;cgate.user;;cg_conn_open settings: ;TID 12772
2015-12-08 12:52:02.308;cgate.connection.p2;;open: connection open. @cee{name: noname4, obj: 0x4BA4580, thread: 12772};TID 12772
2015-12-08 12:52:02.308;cgate.connection.p2;;P2MQ connection string: appName=TESTName_1;host=127.0.0.1;port=4001;timeout=3000;localTimeout=30000;
 @cee{name: noname4, obj: 0x4BA4580, thread: 12772};TID 12772
2015-12-08 12:52:02.308;cgate.user;;cg_conn_new settings: p2tcp://127.0.0.1:4001;app_name=TESTName_0;TID 14192
2015-12-08 12:52:02.308;cgate.connection.p2;;init: connection init. Connection settings: p2tcp://127.0.0.1:4001;app_name=TESTName_0;name=noname5 @cee{name: , obj: 0x4BA43E8, thread: 14192};TID 14192
2015-12-08 12:52:02.308;cgate.env;;New connection was registered: noname5.;TID 14192
2015-12-08 12:52:02.309;cgate.user;;cg_conn_open: 4BA4420;TID 14192
2015-12-08 12:52:02.309;cgate.user;;cg_conn_open settings: ;TID 14192
2015-12-08 12:52:02.309;cgate.connection.p2;;open: connection open. @cee{name: noname5, obj: 0x4BA43E8, thread: 14192};TID 14192
2015-12-08 12:52:02.309;cgate.connection.p2;;P2MQ connection string: appName=TESTName_0;host=127.0.0.1;port=4001;timeout=3000;localTimeout=30000;
 @cee{name: noname5, obj: 0x4BA43E8, thread: 14192};TID 14192
2015-12-08 12:52:02.309;p2mq-cli;;Connection 0xED53848 connected; mq-conn 0x3; router state 'connected'; 'appName=TESTName_2;host=127.0.0.1;port=4001;timeout=3000;localTimeout=30000;';TID 12756
2015-12-08 12:52:02.309;cgate.connection.p2;;State changed CLOSED -> OPENING @cee{name: noname3, obj: 0x4BA40B8, thread: 12756};TID 12756
2015-12-08 12:52:02.309;cgate.connection.p2;;Checking certification for: 127.0.0.1:4001, key: 11111111 @cee{name: noname3, obj: 0x4BA40B8, thread: 12756};TID 12756
2015-12-08 12:52:02.309;cgate.connection.p2;;State changed OPENING -> ACTIVE @cee{name: noname3, obj: 0x4BA40B8, thread: 12756};TID 12756
2015-12-08 12:52:02.309;p2mq-cli;;Connection 0xED53A10 connected; mq-conn 0x2; router state 'connected'; 'appName=TESTName_3;host=127.0.0.1;port=4001;timeout=3000;localTimeout=30000;';TID 3980
2015-12-08 12:52:02.309;cgate.connection.p2;;State changed CLOSED -> OPENING @cee{name: noname2, obj: 0x4BA3D88, thread: 3980};TID 3980
2015-12-08 12:52:02.309;cgate.connection.p2;;Checking certification for: 127.0.0.1:4001, key: 11111111 @cee{name: noname2, obj: 0x4BA3D88, thread: 3980};TID 3980
2015-12-08 12:52:02.309;cgate.connection.p2;;State changed OPENING -> ACTIVE @cee{name: noname2, obj: 0x4BA3D88, thread: 3980};TID 3980
2015-12-08 12:52:02.309;p2mq-cli;;Connection 0xED53BD8 connected; mq-conn 0x1; router state 'connected'; 'appName=TESTName_4;host=127.0.0.1;port=4001;timeout=3000;localTimeout=30000;';TID 5896
2015-12-08 12:52:02.310;cgate.connection.p2;;State changed CLOSED -> OPENING @cee{name: noname1, obj: 0x4BA4250, thread: 5896};TID 5896
2015-12-08 12:52:02.310;cgate.connection.p2;;Checking certification for: 127.0.0.1:4001, key: 11111111 @cee{name: noname1, obj: 0x4BA4250, thread: 5896};TID 5896
2015-12-08 12:52:02.310;cgate.connection.p2;;State changed OPENING -> ACTIVE @cee{name: noname1, obj: 0x4BA4250, thread: 5896};TID 5896
2015-12-08 12:52:02.310;p2mq-cli;;Connection 0xED53DA0 connected; mq-conn 0x4; router state 'connected'; 'appName=TESTName_1;host=127.0.0.1;port=4001;timeout=3000;localTimeout=30000;';TID 12772
2015-12-08 12:52:02.310;cgate.connection.p2;;State changed CLOSED -> OPENING @cee{name: noname4, obj: 0x4BA4580, thread: 12772};TID 12772
2015-12-08 12:52:02.310;cgate.connection.p2;;Checking certification for: 127.0.0.1:4001, key: 11111111 @cee{name: noname4, obj: 0x4BA4580, thread: 12772};TID 12772
2015-12-08 12:52:02.310;cgate.connection.p2;;State changed OPENING -> ACTIVE @cee{name: noname4, obj: 0x4BA4580, thread: 12772};TID 12772
2015-12-08 12:52:02.310;p2mq-cli;;Connection 0xED53F68 connected; mq-conn 0x5; router state 'connected'; 'appName=TESTName_0;host=127.0.0.1;port=4001;timeout=3000;localTimeout=30000;';TID 14192
2015-12-08 12:52:02.311;cgate.connection.p2;;State changed CLOSED -> OPENING @cee{name: noname5, obj: 0x4BA43E8, thread: 14192};TID 14192
2015-12-08 12:52:02.311;cgate.connection.p2;;Checking certification for: 127.0.0.1:4001, key: 11111111 @cee{name: noname5, obj: 0x4BA43E8, thread: 14192};TID 14192
2015-12-08 12:52:02.311;cgate.connection.p2;;State changed OPENING -> ACTIVE @cee{name: noname5, obj: 0x4BA43E8, thread: 14192};TID 14192
2015-12-08 12:52:02.324;cgate.user;;cg_pub_new settings: p2mq://SOFTWARE_AUTH;category=CERT_MSG;format=raw;name=certlistner_04BA40F0;timeout=10000;scheme=noscheme;TID 12756
2015-12-08 12:52:02.324;cgate.user;;cg_pub_new settings: p2mq://SOFTWARE_AUTH;category=CERT_MSG;format=raw;name=certlistner_04BA3DC0;timeout=10000;scheme=noscheme;TID 3980
2015-12-08 12:52:02.324;cgate.env;;Registered default p2 logger cgate.publisher.p2mq.;TID 12756
2015-12-08 12:52:02.324;cgate.env;;Registered default p2 logger scheme.;TID 12756
2015-12-08 12:52:02.324;cgate.publisher.p2mq;;init: init publisher. @cee{name: , obj: 0x4BD15C0, thread: 12756};TID 12756
2015-12-08 12:52:02.324;cgate.publisher.p2mq;;init: init publisher. @cee{name: , obj: 0x4BD1910, thread: 3980};TID 3980
2015-12-08 12:52:02.324;cgate.env;;New publisher was registered: certlistner_04BA40F0.;TID 12756
2015-12-08 12:52:02.324;cgate.user;;cg_lsn_new settings: p2mqreply://;category=CERT_MSG;format=raw;ref=certlistner_04BA40F0;scheme=noscheme;TID 12756
2015-12-08 12:52:02.324;cgate.env;;New publisher was registered: certlistner_04BA3DC0.;TID 3980
2015-12-08 12:52:02.324;cgate.user;;cg_lsn_new settings: p2mqreply://;category=CERT_MSG;format=raw;ref=certlistner_04BA3DC0;scheme=noscheme;TID 3980
2015-12-08 12:52:02.324;cgate.env;;Registered default p2 logger cgate.listener.p2mqreply.;TID 12756
2015-12-08 12:52:02.324;cgate.listener.p2mqreply;;init: init listener: p2mqreply://;category=CERT_MSG;format=raw;ref=certlistner_04BA40F0;scheme=noscheme;name=noname6. @cee{name: , obj: 0x4BC10D8, thread: 12756};TID 12756
2015-12-08 12:52:02.324;cgate.listener.p2mqreply;;init: init listener: p2mqreply://;category=CERT_MSG;format=raw;ref=certlistner_04BA3DC0;scheme=noscheme;name=noname7. @cee{name: , obj: 0x56746C0, thread: 3980};TID 3980
2015-12-08 12:52:02.324;cgate.env;;New listener was registered: noname6.;TID 12756
2015-12-08 12:52:02.324;cgate.user;;cg_pub_open: 4BD15FC;TID 12756
2015-12-08 12:52:02.324;cgate.publisher.p2mq;;open: (null). @cee{name: certlistner_04BA40F0, obj: 0x4BD15C0, thread: 12756};TID 12756
2015-12-08 12:52:02.324;cgate.env;;New listener was registered: noname7.;TID 3980
2015-12-08 12:52:02.324;cgate.user;;cg_pub_open: 4BD194C;TID 3980
2015-12-08 12:52:02.324;cgate.publisher.p2mq;;open: (null). @cee{name: certlistner_04BA3DC0, obj: 0x4BD1910, thread: 3980};TID 3980
2015-12-08 12:52:02.324;cgate.publisher.p2mq;;State changed CLOSED -> OPENING @cee{name: certlistner_04BA40F0, obj: 0x4BD15C0, thread: 12756};TID 12756
2015-12-08 12:52:02.324;cgate.publisher.p2mq;;open: settings scheme is noscheme. @cee{name: certlistner_04BA40F0, obj: 0x4BD15C0, thread: 12756};TID 12756
2015-12-08 12:52:02.324;cgate.publisher.p2mq;;State changed CLOSED -> OPENING @cee{name: certlistner_04BA3DC0, obj: 0x4BD1910, thread: 3980};TID 3980
2015-12-08 12:52:02.324;cgate.publisher.p2mq;;open: settings scheme is noscheme. @cee{name: certlistner_04BA3DC0, obj: 0x4BD1910, thread: 3980};TID 3980
2015-12-08 12:52:02.325;cgate.user;;cg_pub_new settings: p2mq://SOFTWARE_AUTH;category=CERT_MSG;format=raw;name=certlistner_04BA4288;timeout=10000;scheme=noscheme;TID 5896
2015-12-08 12:52:02.325;cgate.user;;cg_pub_new settings: p2mq://SOFTWARE_AUTH;category=CERT_MSG;format=raw;name=certlistner_04BA45B8;timeout=10000;scheme=noscheme;TID 12772
2015-12-08 12:52:02.325;cgate.publisher.p2mq;;init: init publisher. @cee{name: , obj: 0x4BD1418, thread: 5896};TID 5896
2015-12-08 12:52:02.325;cgate.publisher.p2mq;;init: init publisher. @cee{name: , obj: 0x4BD1AB8, thread: 12772};TID 12772
2015-12-08 12:52:02.325;cgate.env;;New publisher was registered: certlistner_04BA4288.;TID 5896
2015-12-08 12:52:02.325;cgate.env;;New publisher was registered: certlistner_04BA45B8.;TID 12772
2015-12-08 12:52:02.325;cgate.user;;cg_lsn_new settings: p2mqreply://;category=CERT_MSG;format=raw;ref=certlistner_04BA4288;scheme=noscheme;TID 5896
2015-12-08 12:52:02.325;cgate.user;;cg_lsn_new settings: p2mqreply://;category=CERT_MSG;format=raw;ref=certlistner_04BA45B8;scheme=noscheme;TID 12772
2015-12-08 12:52:02.325;cgate.listener.p2mqreply;;init: init listener: p2mqreply://;category=CERT_MSG;format=raw;ref=certlistner_04BA4288;scheme=noscheme;name=noname8. @cee{name: , obj: 0x56747C8, thread: 5896};TID 5896
2015-12-08 12:52:02.325;cgate.listener.p2mqreply;;init: init listener: p2mqreply://;category=CERT_MSG;format=raw;ref=certlistner_04BA45B8;scheme=noscheme;name=noname9. @cee{name: , obj: 0x56748D0, thread: 12772};TID 12772
2015-12-08 12:52:02.325;cgate.env;;New listener was registered: noname8.;TID 5896
2015-12-08 12:52:02.325;cgate.user;;cg_pub_open: 4BD1454;TID 5896
2015-12-08 12:52:02.325;cgate.publisher.p2mq;;open: (null). @cee{name: certlistner_04BA4288, obj: 0x4BD1418, thread: 5896};TID 5896
2015-12-08 12:52:02.325;cgate.env;;New listener was registered: noname9.;TID 12772
2015-12-08 12:52:02.325;cgate.user;;cg_pub_open: 4BD1AF4;TID 12772
2015-12-08 12:52:02.325;cgate.publisher.p2mq;;open: (null). @cee{name: certlistner_04BA45B8, obj: 0x4BD1AB8, thread: 12772};TID 12772
2015-12-08 12:52:02.325;cgate.publisher.p2mq;;State changed CLOSED -> OPENING @cee{name: certlistner_04BA4288, obj: 0x4BD1418, thread: 5896};TID 5896
2015-12-08 12:52:02.325;cgate.publisher.p2mq;;open: settings scheme is noscheme. @cee{name: certlistner_04BA4288, obj: 0x4BD1418, thread: 5896};TID 5896
2015-12-08 12:52:02.325;cgate.publisher.p2mq;;State changed CLOSED -> OPENING @cee{name: certlistner_04BA45B8, obj: 0x4BD1AB8, thread: 12772};TID 12772
2015-12-08 12:52:02.325;cgate.publisher.p2mq;;open: settings scheme is noscheme. @cee{name: certlistner_04BA45B8, obj: 0x4BD1AB8, thread: 12772};TID 12772
2015-12-08 12:52:02.326;cgate.user;;cg_pub_new settings: p2mq://SOFTWARE_AUTH;category=CERT_MSG;format=raw;name=certlistner_04BA4420;timeout=10000;scheme=noscheme;TID 14192
2015-12-08 12:52:02.326;cgate.publisher.p2mq;;init: init publisher. @cee{name: , obj: 0x4BD1C60, thread: 14192};TID 14192
2015-12-08 12:52:02.326;cgate.env;;New publisher was registered: certlistner_04BA4420.;TID 14192
2015-12-08 12:52:02.326;cgate.user;;cg_lsn_new settings: p2mqreply://;category=CERT_MSG;format=raw;ref=certlistner_04BA4420;scheme=noscheme;TID 14192
2015-12-08 12:52:02.326;cgate.listener.p2mqreply;;init: init listener: p2mqreply://;category=CERT_MSG;format=raw;ref=certlistner_04BA4420;scheme=noscheme;name=noname10. @cee{name: , obj: 0x56749D8, thread: 14192};TID 14192
2015-12-08 12:52:02.326;cgate.env;;New listener was registered: noname10.;TID 14192
2015-12-08 12:52:02.326;cgate.user;;cg_pub_open: 4BD1C9C;TID 14192
2015-12-08 12:52:02.326;cgate.publisher.p2mq;;open: (null). @cee{name: certlistner_04BA4420, obj: 0x4BD1C60, thread: 14192};TID 14192
2015-12-08 12:52:02.326;cgate.publisher.p2mq;;State changed CLOSED -> OPENING @cee{name: certlistner_04BA4420, obj: 0x4BD1C60, thread: 14192};TID 14192
2015-12-08 12:52:02.326;cgate.publisher.p2mq;;open: settings scheme is noscheme. @cee{name: certlistner_04BA4420, obj: 0x4BD1C60, thread: 14192};TID 14192
2015-12-08 12:52:02.348;cgate.publisher.p2mq;;State changed OPENING -> ACTIVE @cee{name: certlistner_04BA40F0, obj: 0x4BD15C0, thread: 12756};TID 12756
2015-12-08 12:52:02.348;cgate.user;;cg_lsn_open: 4BC1114;TID 12756
2015-12-08 12:52:02.348;cgate.listener.p2mqreply;;Open (null) @cee{name: noname6, obj: 0x4BC10D8, thread: 12756};TID 12756
2015-12-08 12:52:02.348;cgate.listener.p2mqreply;;open: (null). @cee{name: noname6, obj: 0x4BC10D8, thread: 12756};TID 12756
2015-12-08 12:52:02.348;cgate.publisher.p2mq;;addHandler: 0x04BC119C. @cee{name: certlistner_04BA40F0, obj: 0x4BD15C0, thread: 12756};TID 12756
2015-12-08 12:52:02.348;cgate.publisher.p2mq;;State changed OPENING -> ACTIVE @cee{name: certlistner_04BA3DC0, obj: 0x4BD1910, thread: 3980};TID 3980
2015-12-08 12:52:02.348;cgate.user;;cg_lsn_open: 56746FC;TID 3980
2015-12-08 12:52:02.348;cgate.listener.p2mqreply;;State changed CLOSED -> ACTIVE @cee{name: noname6, obj: 0x4BC10D8, thread: 12756};TID 12756
2015-12-08 12:52:02.348;cgate.listener.p2mqreply;;Open (null) @cee{name: noname7, obj: 0x56746C0, thread: 3980};TID 3980
2015-12-08 12:52:02.348;cgate.listener.p2mqreply;;open: (null). @cee{name: noname7, obj: 0x56746C0, thread: 3980};TID 3980
2015-12-08 12:52:02.348;cgate.publisher.p2mq;;addHandler: 0x05674784. @cee{name: certlistner_04BA3DC0, obj: 0x4BD1910, thread: 3980};TID 3980
2015-12-08 12:52:02.348;cgate.listener.p2mqreply;;State changed CLOSED -> ACTIVE @cee{name: noname7, obj: 0x56746C0, thread: 3980};TID 3980
2015-12-08 12:52:02.349;cgate.publisher.p2mq;;State changed OPENING -> ACTIVE @cee{name: certlistner_04BA45B8, obj: 0x4BD1AB8, thread: 12772};TID 12772
2015-12-08 12:52:02.349;cgate.user;;cg_lsn_open: 567490C;TID 12772
2015-12-08 12:52:02.349;cgate.listener.p2mqreply;;Open (null) @cee{name: noname9, obj: 0x56748D0, thread: 12772};TID 12772
2015-12-08 12:52:02.349;cgate.listener.p2mqreply;;open: (null). @cee{name: noname9, obj: 0x56748D0, thread: 12772};TID 12772
2015-12-08 12:52:02.349;cgate.publisher.p2mq;;addHandler: 0x05674994. @cee{name: certlistner_04BA45B8, obj: 0x4BD1AB8, thread: 12772};TID 12772
2015-12-08 12:52:02.349;cgate.listener.p2mqreply;;State changed CLOSED -> ACTIVE @cee{name: noname9, obj: 0x56748D0, thread: 12772};TID 12772
2015-12-08 12:52:02.349;cgate.publisher.p2mq;;State changed OPENING -> ACTIVE @cee{name: certlistner_04BA4288, obj: 0x4BD1418, thread: 5896};TID 5896
2015-12-08 12:52:02.349;cgate.user;;cg_lsn_open: 5674804;TID 5896
2015-12-08 12:52:02.349;cgate.listener.p2mqreply;;Open (null) @cee{name: noname8, obj: 0x56747C8, thread: 5896};TID 5896
2015-12-08 12:52:02.349;cgate.listener.p2mqreply;;open: (null). @cee{name: noname8, obj: 0x56747C8, thread: 5896};TID 5896
2015-12-08 12:52:02.349;cgate.publisher.p2mq;;addHandler: 0x0567488C. @cee{name: certlistner_04BA4288, obj: 0x4BD1418, thread: 5896};TID 5896
2015-12-08 12:52:02.349;cgate.listener.p2mqreply;;State changed CLOSED -> ACTIVE @cee{name: noname8, obj: 0x56747C8, thread: 5896};TID 5896
2015-12-08 12:52:02.350;cgate.publisher.p2mq;;State changed OPENING -> ACTIVE @cee{name: certlistner_04BA4420, obj: 0x4BD1C60, thread: 14192};TID 14192
2015-12-08 12:52:02.350;cgate.user;;cg_lsn_open: 5674A14;TID 14192
2015-12-08 12:52:02.350;cgate.listener.p2mqreply;;Open (null) @cee{name: noname10, obj: 0x56749D8, thread: 14192};TID 14192
2015-12-08 12:52:02.350;cgate.listener.p2mqreply;;open: (null). @cee{name: noname10, obj: 0x56749D8, thread: 14192};TID 14192
2015-12-08 12:52:02.350;cgate.publisher.p2mq;;addHandler: 0x05674A9C. @cee{name: certlistner_04BA4420, obj: 0x4BD1C60, thread: 14192};TID 14192
2015-12-08 12:52:02.350;cgate.listener.p2mqreply;;State changed CLOSED -> ACTIVE @cee{name: noname10, obj: 0x56749D8, thread: 14192};TID 14192
2015-12-08 12:52:02.373;cgate.connection.p2;;Response from cert service was received. @cee{name: noname3, obj: 0x4BA40B8, thread: 12756};TID 12756
2015-12-08 12:52:02.373;cgate.connection.p2;;Connection was successfully verified: 127.0.0.1:4001 @cee{name: noname3, obj: 0x4BA40B8, thread: 12756};TID 12756
2015-12-08 12:52:02.373;cgate.user;;cg_pub_destroy: 4BD15FC;TID 12756
2015-12-08 12:52:02.373;cgate.publisher.p2mq;;Close @cee{name: certlistner_04BA40F0, obj: 0x4BD15C0, thread: 12756};TID 12756
2015-12-08 12:52:02.373;cgate.publisher.p2mq;;close. @cee{name: certlistner_04BA40F0, obj: 0x4BD15C0, thread: 12756};TID 12756
2015-12-08 12:52:02.373;cgate.publisher.p2mq;;State changed ACTIVE -> CLOSED @cee{name: certlistner_04BA40F0, obj: 0x4BD15C0, thread: 12756};TID 12756
2015-12-08 12:52:02.373;cgate.publisher.p2mq;;close: notify listeners publisher is closing. @cee{name: certlistner_04BA40F0, obj: 0x4BD15C0, thread: 12756};TID 12756
2015-12-08 12:52:02.373;cgate.publisher.p2mq;;done: done publisher. @cee{name: certlistner_04BA40F0, obj: 0x4BD15C0, thread: 12756};TID 12756
2015-12-08 12:52:02.373;cgate.publisher.p2mq;;done: notify listeners publisher is destroyed. @cee{name: certlistner_04BA40F0, obj: 0x4BD15C0, thread: 12756};TID 12756
2015-12-08 12:52:02.373;cgate.listener.p2mqreply;;listener will be closed because ref publisher certlistner_04BA40F0 is done @cee{name: noname6, obj: 0x4BC10D8, thread: 12756};TID 12756
2015-12-08 12:52:02.373;cgate.listener.p2mqreply;;Close @cee{name: noname6, obj: 0x4BC10D8, thread: 12756};TID 12756
2015-12-08 12:52:02.373;cgate.listener.p2mqreply;;Post close messages (parent) @cee{name: noname6, obj: 0x4BC10D8, thread: 12756};TID 12756
2015-12-08 12:52:02.373;cgate.listener.p2mqreply;;close. @cee{name: noname6, obj: 0x4BC10D8, thread: 12756};TID 12756
2015-12-08 12:52:02.373;cgate.publisher.p2mq;;removeHandler: 0x04BC119C. @cee{name: certlistner_04BA40F0, obj: 0x4BD15C0, thread: 12756};TID 12756
2015-12-08 12:52:02.373;cgate.listener.p2mqreply;;State changed ACTIVE -> CLOSED @cee{name: noname6, obj: 0x4BC10D8, thread: 12756};TID 12756
2015-12-08 12:52:02.373;cgate.env;;Publisher was unregistered: 0x4BD15FC.;TID 12756
2015-12-08 12:52:02.373;cgate.user;;cg_lsn_destroy: 4BC1114;TID 12756
2015-12-08 12:52:02.373;cgate.listener.p2mqreply;;Done @cee{name: noname6, obj: 0x4BC10D8, thread: 12756};TID 12756
2015-12-08 12:52:02.373;cgate.listener.p2mqreply;;done: done listener. @cee{name: noname6, obj: 0x4BC10D8, thread: 12756};TID 12756
2015-12-08 12:52:02.373;cgate.env;;Listener was unregistered: 0x4BC1114.;TID 12756
2015-12-08 12:52:02.378;cgate.connection.p2;;Response from cert service was received. @cee{name: noname2, obj: 0x4BA3D88, thread: 3980};TID 3980
2015-12-08 12:52:02.378;cgate.connection.p2;;Connection was successfully verified: 127.0.0.1:4001 @cee{name: noname2, obj: 0x4BA3D88, thread: 3980};TID 3980
2015-12-08 12:52:02.378;cgate.user;;cg_pub_destroy: 4BD194C;TID 3980
2015-12-08 12:52:02.378;cgate.publisher.p2mq;;Close @cee{name: certlistner_04BA3DC0, obj: 0x4BD1910, thread: 3980};TID 3980
2015-12-08 12:52:02.378;cgate.publisher.p2mq;;close. @cee{name: certlistner_04BA3DC0, obj: 0x4BD1910, thread: 3980};TID 3980
2015-12-08 12:52:02.378;cgate.publisher.p2mq;;State changed ACTIVE -> CLOSED @cee{name: certlistner_04BA3DC0, obj: 0x4BD1910, thread: 3980};TID 3980
2015-12-08 12:52:02.378;cgate.publisher.p2mq;;close: notify listeners publisher is closing. @cee{name: certlistner_04BA3DC0, obj: 0x4BD1910, thread: 3980};TID 3980
2015-12-08 12:52:02.378;cgate.publisher.p2mq;;done: done publisher. @cee{name: certlistner_04BA3DC0, obj: 0x4BD1910, thread: 3980};TID 3980
2015-12-08 12:52:02.378;cgate.publisher.p2mq;;done: notify listeners publisher is destroyed. @cee{name: certlistner_04BA3DC0, obj: 0x4BD1910, thread: 3980};TID 3980
2015-12-08 12:52:02.378;cgate.listener.p2mqreply;;listener will be closed because ref publisher certlistner_04BA3DC0 is done @cee{name: noname7, obj: 0x56746C0, thread: 3980};TID 3980
2015-12-08 12:52:02.378;cgate.listener.p2mqreply;;Close @cee{name: noname7, obj: 0x56746C0, thread: 3980};TID 3980
2015-12-08 12:52:02.378;cgate.listener.p2mqreply;;Post close messages (parent) @cee{name: noname7, obj: 0x56746C0, thread: 3980};TID 3980
2015-12-08 12:52:02.378;cgate.listener.p2mqreply;;close. @cee{name: noname7, obj: 0x56746C0, thread: 3980};TID 3980
2015-12-08 12:52:02.378;cgate.publisher.p2mq;;removeHandler: 0x05674784. @cee{name: certlistner_04BA3DC0, obj: 0x4BD1910, thread: 3980};TID 3980
2015-12-08 12:52:02.378;cgate.listener.p2mqreply;;State changed ACTIVE -> CLOSED @cee{name: noname7, obj: 0x56746C0, thread: 3980};TID 3980
2015-12-08 12:52:02.378;cgate.env;;Publisher was unregistered: 0x4BD194C.;TID 3980
2015-12-08 12:52:02.378;cgate.user;;cg_lsn_destroy: 56746FC;TID 3980
2015-12-08 12:52:02.378;cgate.listener.p2mqreply;;Done @cee{name: noname7, obj: 0x56746C0, thread: 3980};TID 3980
2015-12-08 12:52:02.378;cgate.listener.p2mqreply;;done: done listener. @cee{name: noname7, obj: 0x56746C0, thread: 3980};TID 3980
2015-12-08 12:52:02.378;cgate.env;;Listener was unregistered: 0x56746FC.;TID 3980
2015-12-08 12:52:02.379;cgate.connection.p2;;Response from cert service was received. @cee{name: noname1, obj: 0x4BA4250, thread: 5896};TID 5896
2015-12-08 12:52:02.379;cgate.connection.p2;;Response from cert service was received. @cee{name: noname4, obj: 0x4BA4580, thread: 12772};TID 12772
2015-12-08 12:52:02.379;cgate.connection.p2;;Connection was successfully verified: 127.0.0.1:4001 @cee{name: noname1, obj: 0x4BA4250, thread: 5896};TID 5896
2015-12-08 12:52:02.379;cgate.connection.p2;;Connection was successfully verified: 127.0.0.1:4001 @cee{name: noname4, obj: 0x4BA4580, thread: 12772};TID 12772
2015-12-08 12:52:02.379;cgate.user;;cg_pub_destroy: 4BD1454;TID 5896
2015-12-08 12:52:02.379;cgate.user;;cg_pub_destroy: 4BD1AF4;TID 12772
2015-12-08 12:52:02.379;cgate.publisher.p2mq;;Close @cee{name: certlistner_04BA4288, obj: 0x4BD1418, thread: 5896};TID 5896
2015-12-08 12:52:02.379;cgate.publisher.p2mq;;Close @cee{name: certlistner_04BA45B8, obj: 0x4BD1AB8, thread: 12772};TID 12772
2015-12-08 12:52:02.379;cgate.publisher.p2mq;;close. @cee{name: certlistner_04BA4288, obj: 0x4BD1418, thread: 5896};TID 5896
2015-12-08 12:52:02.379;cgate.publisher.p2mq;;close. @cee{name: certlistner_04BA45B8, obj: 0x4BD1AB8, thread: 12772};TID 12772
2015-12-08 12:52:02.379;cgate.publisher.p2mq;;State changed ACTIVE -> CLOSED @cee{name: certlistner_04BA4288, obj: 0x4BD1418, thread: 5896};TID 5896
2015-12-08 12:52:02.379;cgate.publisher.p2mq;;State changed ACTIVE -> CLOSED @cee{name: certlistner_04BA45B8, obj: 0x4BD1AB8, thread: 12772};TID 12772
2015-12-08 12:52:02.379;cgate.publisher.p2mq;;close: notify listeners publisher is closing. @cee{name: certlistner_04BA4288, obj: 0x4BD1418, thread: 5896};TID 5896
2015-12-08 12:52:02.379;cgate.publisher.p2mq;;close: notify listeners publisher is closing. @cee{name: certlistner_04BA45B8, obj: 0x4BD1AB8, thread: 12772};TID 12772
2015-12-08 12:52:02.379;cgate.publisher.p2mq;;done: done publisher. @cee{name: certlistner_04BA4288, obj: 0x4BD1418, thread: 5896};TID 5896
2015-12-08 12:52:02.379;cgate.publisher.p2mq;;done: done publisher. @cee{name: certlistner_04BA45B8, obj: 0x4BD1AB8, thread: 12772};TID 12772
2015-12-08 12:52:02.379;cgate.publisher.p2mq;;done: notify listeners publisher is destroyed. @cee{name: certlistner_04BA4288, obj: 0x4BD1418, thread: 5896};TID 5896
2015-12-08 12:52:02.379;cgate.publisher.p2mq;;done: notify listeners publisher is destroyed. @cee{name: certlistner_04BA45B8, obj: 0x4BD1AB8, thread: 12772};TID 12772
2015-12-08 12:52:02.379;cgate.listener.p2mqreply;;listener will be closed because ref publisher certlistner_04BA4288 is done @cee{name: noname8, obj: 0x56747C8, thread: 5896};TID 5896
2015-12-08 12:52:02.379;cgate.listener.p2mqreply;;listener will be closed because ref publisher certlistner_04BA45B8 is done @cee{name: noname9, obj: 0x56748D0, thread: 12772};TID 12772
2015-12-08 12:52:02.379;cgate.listener.p2mqreply;;Close @cee{name: noname8, obj: 0x56747C8, thread: 5896};TID 5896
2015-12-08 12:52:02.379;cgate.listener.p2mqreply;;Close @cee{name: noname9, obj: 0x56748D0, thread: 12772};TID 12772
2015-12-08 12:52:02.379;cgate.listener.p2mqreply;;Post close messages (parent) @cee{name: noname8, obj: 0x56747C8, thread: 5896};TID 5896
2015-12-08 12:52:02.379;cgate.listener.p2mqreply;;Post close messages (parent) @cee{name: noname9, obj: 0x56748D0, thread: 12772};TID 12772
2015-12-08 12:52:02.379;cgate.listener.p2mqreply;;close. @cee{name: noname8, obj: 0x56747C8, thread: 5896};TID 5896
2015-12-08 12:52:02.379;cgate.listener.p2mqreply;;close. @cee{name: noname9, obj: 0x56748D0, thread: 12772};TID 12772
2015-12-08 12:52:02.379;cgate.publisher.p2mq;;removeHandler: 0x0567488C. @cee{name: certlistner_04BA4288, obj: 0x4BD1418, thread: 5896};TID 5896
2015-12-08 12:52:02.379;cgate.publisher.p2mq;;removeHandler: 0x05674994. @cee{name: certlistner_04BA45B8, obj: 0x4BD1AB8, thread: 12772};TID 12772
2015-12-08 12:52:02.379;cgate.listener.p2mqreply;;State changed ACTIVE -> CLOSED @cee{name: noname8, obj: 0x56747C8, thread: 5896};TID 5896
2015-12-08 12:52:02.379;cgate.listener.p2mqreply;;State changed ACTIVE -> CLOSED @cee{name: noname9, obj: 0x56748D0, thread: 12772};TID 12772
2015-12-08 12:52:02.379;cgate.env;;Publisher was unregistered: 0x4BD1454.;TID 5896
2015-12-08 12:52:02.379;cgate.user;;cg_lsn_destroy: 5674804;TID 5896
2015-12-08 12:52:02.379;cgate.listener.p2mqreply;;Done @cee{name: noname8, obj: 0x56747C8, thread: 5896};TID 5896
2015-12-08 12:52:02.379;cgate.env;;Publisher was unregistered: 0x4BD1AF4.;TID 12772
2015-12-08 12:52:02.379;cgate.listener.p2mqreply;;done: done listener. @cee{name: noname8, obj: 0x56747C8, thread: 5896};TID 5896
2015-12-08 12:52:02.379;cgate.user;;cg_lsn_destroy: 567490C;TID 12772
2015-12-08 12:52:02.379;cgate.env;;Listener was unregistered: 0x5674804.;TID 5896
2015-12-08 12:52:02.379;cgate.listener.p2mqreply;;Done @cee{name: noname9, obj: 0x56748D0, thread: 12772};TID 12772
2015-12-08 12:52:02.379;cgate.listener.p2mqreply;;done: done listener. @cee{name: noname9, obj: 0x56748D0, thread: 12772};TID 12772
2015-12-08 12:52:02.379;cgate.env;;Listener was unregistered: 0x567490C.;TID 12772
2015-12-08 12:52:02.380;cgate.connection.p2;;Response from cert service was received. @cee{name: noname5, obj: 0x4BA43E8, thread: 14192};TID 14192
2015-12-08 12:52:02.380;cgate.connection.p2;;Connection was successfully verified: 127.0.0.1:4001 @cee{name: noname5, obj: 0x4BA43E8, thread: 14192};TID 14192
2015-12-08 12:52:02.380;cgate.user;;cg_pub_destroy: 4BD1C9C;TID 14192
2015-12-08 12:52:02.380;cgate.publisher.p2mq;;Close @cee{name: certlistner_04BA4420, obj: 0x4BD1C60, thread: 14192};TID 14192
2015-12-08 12:52:02.380;cgate.publisher.p2mq;;close. @cee{name: certlistner_04BA4420, obj: 0x4BD1C60, thread: 14192};TID 14192
2015-12-08 12:52:02.380;cgate.publisher.p2mq;;State changed ACTIVE -> CLOSED @cee{name: certlistner_04BA4420, obj: 0x4BD1C60, thread: 14192};TID 14192
2015-12-08 12:52:02.380;cgate.publisher.p2mq;;close: notify listeners publisher is closing. @cee{name: certlistner_04BA4420, obj: 0x4BD1C60, thread: 14192};TID 14192
2015-12-08 12:52:02.380;cgate.publisher.p2mq;;done: done publisher. @cee{name: certlistner_04BA4420, obj: 0x4BD1C60, thread: 14192};TID 14192
2015-12-08 12:52:02.380;cgate.publisher.p2mq;;done: notify listeners publisher is destroyed. @cee{name: certlistner_04BA4420, obj: 0x4BD1C60, thread: 14192};TID 14192
2015-12-08 12:52:02.380;cgate.listener.p2mqreply;;listener will be closed because ref publisher certlistner_04BA4420 is done @cee{name: noname10, obj: 0x56749D8, thread: 14192};TID 14192
2015-12-08 12:52:02.380;cgate.listener.p2mqreply;;Close @cee{name: noname10, obj: 0x56749D8, thread: 14192};TID 14192
2015-12-08 12:52:02.380;cgate.listener.p2mqreply;;Post close messages (parent) @cee{name: noname10, obj: 0x56749D8, thread: 14192};TID 14192
2015-12-08 12:52:02.380;cgate.listener.p2mqreply;;close. @cee{name: noname10, obj: 0x56749D8, thread: 14192};TID 14192
2015-12-08 12:52:02.380;cgate.publisher.p2mq;;removeHandler: 0x05674A9C. @cee{name: certlistner_04BA4420, obj: 0x4BD1C60, thread: 14192};TID 14192
2015-12-08 12:52:02.380;cgate.listener.p2mqreply;;State changed ACTIVE -> CLOSED @cee{name: noname10, obj: 0x56749D8, thread: 14192};TID 14192
2015-12-08 12:52:02.380;cgate.env;;Publisher was unregistered: 0x4BD1C9C.;TID 14192
2015-12-08 12:52:02.380;cgate.user;;cg_lsn_destroy: 5674A14;TID 14192
2015-12-08 12:52:02.380;cgate.listener.p2mqreply;;Done @cee{name: noname10, obj: 0x56749D8, thread: 14192};TID 14192
2015-12-08 12:52:02.380;cgate.listener.p2mqreply;;done: done listener. @cee{name: noname10, obj: 0x56749D8, thread: 14192};TID 14192
2015-12-08 12:52:02.380;cgate.env;;Listener was unregistered: 0x5674A14.;TID 14192
2015-12-08 12:52:02.384;cgate.user;;cg_lsn_new settings: p2repl://FORTS_FUTTRADE_REPL;scheme=|FILE|StockSharp_Plaza\Configs\FORTS_FUTTRADE_REPL.ini|CustReplScheme;TID 12756
2015-12-08 12:52:02.384;cgate.user;;cg_lsn_new settings: p2repl://RTS_INDEX_REPL;scheme=|FILE|StockSharp_Plaza\Configs\RTS_INDEX_REPL.ini|CustReplScheme;TID 3980
2015-12-08 12:52:02.384;cgate.env;;Registered default p2 logger cgate.listener.p2repl.;TID 3980
2015-12-08 12:52:02.384;cgate.env;;Registered default p2 logger scheme.;TID 3980
2015-12-08 12:52:02.384;cgate.listener.p2repl;;init: init listener: p2repl://RTS_INDEX_REPL;scheme=|FILE|StockSharp_Plaza\Configs\RTS_INDEX_REPL.ini|CustReplScheme;name=noname11. @cee{name: , obj: 0xEF068B0, thread: 3980};TID 3980
2015-12-08 12:52:02.384;p2repl-cli;;Stream created;strm 0xEF08898;TID 3980
2015-12-08 12:52:02.384;cgate.env;;New listener was registered: noname11.;TID 3980
2015-12-08 12:52:02.384;cgate.user;;cg_lsn_new settings: p2repl://FORTS_FUTCOMMON_REPL;scheme=|FILE|StockSharp_Plaza\Configs\FORTS_FUTCOMMON_REPL.ini|CustReplScheme;TID 12772
2015-12-08 12:52:02.384;cgate.listener.p2repl;;init: init listener: p2repl://FORTS_FUTCOMMON_REPL;scheme=|FILE|StockSharp_Plaza\Configs\FORTS_FUTCOMMON_REPL.ini|CustReplScheme;name=noname13. @cee{name: , obj: 0xEF07A38, thread: 12772};TID 12772
2015-12-08 12:52:02.384;p2repl-cli;;Stream created;strm 0xEF0C968;TID 12772
2015-12-08 12:52:02.384;cgate.env;;New listener was registered: noname13.;TID 12772
2015-12-08 12:52:02.385;cgate.listener.p2repl;;init: init listener: p2repl://FORTS_FUTTRADE_REPL;scheme=|FILE|StockSharp_Plaza\Configs\FORTS_FUTTRADE_REPL.ini|CustReplScheme;name=noname12. @cee{name: , obj: 0xEF078B0, thread: 12756};TID 12756
2015-12-08 12:52:02.385;p2repl-cli;;Stream created;strm 0xEF0DA38;TID 12756
2015-12-08 12:52:02.385;cgate.env;;New listener was registered: noname12.;TID 12756
2015-12-08 12:52:02.388;cgate.user;;cg_pub_new settings: p2mq://FORTS_SRV;category=FORTS_MSG;name=pub_127_0_0_1_4001_TESTName_0;timeout=5000;scheme=|FILE|StockSharp.Plaza.Messages.ini|message;TID 14192
2015-12-08 12:52:02.388;cgate.env;;Registered default p2 logger cgate.publisher.p2mq.;TID 14192
2015-12-08 12:52:02.388;cgate.publisher.p2mq;;init: init publisher. @cee{name: , obj: 0x4BD1C60, thread: 14192};TID 14192
2015-12-08 12:52:02.388;cgate.env;;New publisher was registered: pub_127_0_0_1_4001_TESTName_0.;TID 14192
2015-12-08 12:52:02.389;cgate.user;;cg_pub_open: 4BD1C9C;TID 14192
2015-12-08 12:52:02.389;cgate.user;;cg_pub_new settings: ;TID 14192
2015-12-08 12:52:02.389;cgate.publisher.p2mq;;open: . @cee{name: pub_127_0_0_1_4001_TESTName_0, obj: 0x4BD1C60, thread: 14192};TID 14192
2015-12-08 12:52:02.389;cgate.publisher.p2mq;;State changed CLOSED -> OPENING @cee{name: pub_127_0_0_1_4001_TESTName_0, obj: 0x4BD1C60, thread: 14192};TID 14192
2015-12-08 12:52:02.389;scheme;;Scheme::make: URL: |FILE|StockSharp.Plaza.Messages.ini|message @cee{name: , obj: 0x4BD1CBC, thread: 14192};TID 14192
2015-12-08 12:52:02.394;cgate.user;;cg_lsn_new settings: p2repl://FORTS_OPTTRADE_REPL;scheme=|FILE|StockSharp_Plaza\Configs\FORTS_OPTTRADE_REPL.ini|CustReplScheme;TID 12756
2015-12-08 12:52:02.394;cgate.listener.p2repl;;init: init listener: p2repl://FORTS_OPTTRADE_REPL;scheme=|FILE|StockSharp_Plaza\Configs\FORTS_OPTTRADE_REPL.ini|CustReplScheme;name=noname14. @cee{name: , obj: 0xEF07BC0, thread: 12756};TID 12756
2015-12-08 12:52:02.394;p2repl-cli;;Stream created;strm 0xEDA0DF0;TID 12756
2015-12-08 12:52:02.394;cgate.env;;New listener was registered: noname14.;TID 12756
2015-12-08 12:52:02.394;cgate.user;;cg_lsn_new settings: p2repl://FORTS_OPTCOMMON_REPL;scheme=|FILE|StockSharp_Plaza\Configs\FORTS_OPTCOMMON_REPL.ini|CustReplScheme;TID 12772
2015-12-08 12:52:02.394;cgate.listener.p2repl;;init: init listener: p2repl://FORTS_OPTCOMMON_REPL;scheme=|FILE|StockSharp_Plaza\Configs\FORTS_OPTCOMMON_REPL.ini|CustReplScheme;name=noname15. @cee{name: , obj: 0xEF07D48, thread: 12772};TID 12772
2015-12-08 12:52:02.394;p2repl-cli;;Stream created;strm 0xEF20608;TID 12772
2015-12-08 12:52:02.394;cgate.env;;New listener was registered: noname15.;TID 12772
2015-12-08 12:52:02.394;cgate.user;;cg_lsn_new settings: p2repl://FORTS_OPTINFO_REPL;scheme=|FILE|StockSharp_Plaza\Configs\FORTS_OPTINFO_REPL.ini|CustReplScheme;TID 12772
2015-12-08 12:52:02.394;cgate.listener.p2repl;;init: init listener: p2repl://FORTS_OPTINFO_REPL;scheme=|FILE|StockSharp_Plaza\Configs\FORTS_OPTINFO_REPL.ini|CustReplScheme;name=noname16. @cee{name: , obj: 0xEF07ED0, thread: 12772};TID 12772
2015-12-08 12:52:02.394;p2repl-cli;;Stream created;strm 0xEF216D8;TID 12772
2015-12-08 12:52:02.394;cgate.env;;New listener was registered: noname16.;TID 12772
2015-12-08 12:52:02.394;cgate.user;;cg_lsn_new settings: p2repl://FORTS_FUTINFO_REPL;scheme=|FILE|StockSharp_Plaza\Configs\FORTS_FUTINFO_REPL.ini|CustReplScheme;TID 12772
2015-12-08 12:52:02.394;cgate.listener.p2repl;;init: init listener: p2repl://FORTS_FUTINFO_REPL;scheme=|FILE|StockSharp_Plaza\Configs\FORTS_FUTINFO_REPL.ini|CustReplScheme;name=noname17. @cee{name: , obj: 0xEF08058, thread: 12772};TID 12772
2015-12-08 12:52:02.394;p2repl-cli;;Stream created;strm 0xEF22380;TID 12772
2015-12-08 12:52:02.394;cgate.env;;New listener was registered: noname17.;TID 12772
2015-12-08 12:52:02.394;cgate.user;;cg_lsn_new settings: p2repl://FORTS_PART_REPL;scheme=|FILE|StockSharp_Plaza\Configs\FORTS_PART_REPL.ini|CustReplScheme;TID 12772
2015-12-08 12:52:02.394;cgate.listener.p2repl;;init: init listener: p2repl://FORTS_PART_REPL;scheme=|FILE|StockSharp_Plaza\Configs\FORTS_PART_REPL.ini|CustReplScheme;name=noname18. @cee{name: , obj: 0xEF081E0, thread: 12772};TID 12772
2015-12-08 12:52:02.394;p2repl-cli;;Stream created;strm 0xED9E388;TID 12772
2015-12-08 12:52:02.394;cgate.env;;New listener was registered: noname18.;TID 12772
2015-12-08 12:52:02.394;cgate.user;;cg_lsn_new settings: p2repl://FORTS_POS_REPL;scheme=|FILE|StockSharp_Plaza\Configs\FORTS_POS_REPL.ini|CustReplScheme;TID 12772
2015-12-08 12:52:02.394;cgate.listener.p2repl;;init: init listener: p2repl://FORTS_POS_REPL;scheme=|FILE|StockSharp_Plaza\Configs\FORTS_POS_REPL.ini|CustReplScheme;name=noname19. @cee{name: , obj: 0xEF08368, thread: 12772};TID 12772
2015-12-08 12:52:02.394;p2repl-cli;;Stream created;strm 0xEF286B0;TID 12772
2015-12-08 12:52:02.394;cgate.env;;New listener was registered: noname19.;TID 12772
2015-12-08 12:52:02.394;cgate.user;;cg_lsn_new settings: p2repl://FORTS_DEALS_REPL;scheme=|FILE|StockSharp_Plaza\Configs\FORTS_DEALS_REPL.ini|CustReplScheme;TID 12772
2015-12-08 12:52:02.394;cgate.listener.p2repl;;init: init listener: p2repl://FORTS_DEALS_REPL;scheme=|FILE|StockSharp_Plaza\Configs\FORTS_DEALS_REPL.ini|CustReplScheme;name=noname20. @cee{name: , obj: 0xEF084F0, thread: 12772};TID 12772
2015-12-08 12:52:02.395;p2repl-cli;;Stream created;strm 0xEF29728;TID 12772
2015-12-08 12:52:02.395;cgate.env;;New listener was registered: noname20.;TID 12772
2015-12-08 12:52:02.399;cgate.publisher.p2mq;;initScheme: init publisher scheme. @cee{name: pub_127_0_0_1_4001_TESTName_0, obj: 0x4BD1C60, thread: 14192};TID 14192
2015-12-08 12:52:02.399;cgate.user;;cg_lsn_new settings: p2repl://FORTS_FUTAGGR5_REPL;scheme=|FILE|StockSharp_Plaza\Configs\FORTS_FUTAGGR5_REPL.ini|CustReplScheme;TID 5896
2015-12-08 12:52:02.399;cgate.listener.p2repl;;init: init listener: p2repl://FORTS_FUTAGGR5_REPL;scheme=|FILE|StockSharp_Plaza\Configs\FORTS_FUTAGGR5_REPL.ini|CustReplScheme;name=noname21. @cee{name: , obj: 0xEF08678, thread: 5896};TID 5896
2015-12-08 12:52:02.399;p2repl-cli;;Stream created;strm 0xEF33A90;TID 5896
2015-12-08 12:52:02.399;cgate.env;;New listener was registered: noname21.;TID 5896
2015-12-08 12:52:02.399;cgate.user;;cg_lsn_new settings: p2repl://FORTS_OPTAGGR5_REPL;scheme=|FILE|StockSharp_Plaza\Configs\FORTS_OPTAGGR5_REPL.ini|CustReplScheme;TID 5896
2015-12-08 12:52:02.399;cgate.listener.p2repl;;init: init listener: p2repl://FORTS_OPTAGGR5_REPL;scheme=|FILE|StockSharp_Plaza\Configs\FORTS_OPTAGGR5_REPL.ini|CustReplScheme;name=noname22. @cee{name: , obj: 0xEF06A38, thread: 5896};TID 5896
2015-12-08 12:52:02.399;p2repl-cli;;Stream created;strm 0xEF313F8;TID 5896
2015-12-08 12:52:02.399;cgate.env;;New listener was registered: noname22.;TID 5896
2015-12-08 12:52:02.403;cgate.user;;cg_lsn_open: EF068EC;TID 3980
2015-12-08 12:52:02.403;cgate.user;;cg_lsn_open: EF086B4;TID 5896
2015-12-08 12:52:02.403;cgate.user;;cg_lsn_open settings: mode=snapshot+online;TID 3980
2015-12-08 12:52:02.403;cgate.user;;cg_lsn_open settings: mode=snapshot+online;TID 5896
2015-12-08 12:52:02.403;cgate.listener.p2repl;;Open mode=snapshot+online @cee{name: noname11, obj: 0xEF068B0, thread: 3980};TID 3980
2015-12-08 12:52:02.403;cgate.listener.p2repl;;Open mode=snapshot+online @cee{name: noname21, obj: 0xEF08678, thread: 5896};TID 5896
2015-12-08 12:52:02.403;cgate.listener.p2repl;;open: mode=snapshot+online. @cee{name: noname11, obj: 0xEF068B0, thread: 3980};TID 3980
2015-12-08 12:52:02.403;cgate.listener.p2repl;;open: mode=snapshot+online. @cee{name: noname21, obj: 0xEF08678, thread: 5896};TID 5896
2015-12-08 12:52:02.403;cgate.listener.p2repl;;open: stream type + snapshot. @cee{name: noname11, obj: 0xEF068B0, thread: 3980};TID 3980
2015-12-08 12:52:02.403;cgate.listener.p2repl;;open: stream type + snapshot. @cee{name: noname21, obj: 0xEF08678, thread: 5896};TID 5896
2015-12-08 12:52:02.403;cgate.listener.p2repl;;open: stream type + online. @cee{name: noname11, obj: 0xEF068B0, thread: 3980};TID 3980
2015-12-08 12:52:02.404;cgate.listener.p2repl;;open: blob is empty. @cee{name: noname11, obj: 0xEF068B0, thread: 3980};TID 3980
2015-12-08 12:52:02.404;cgate.listener.p2repl;;open: state changed to MODE_ONLINE. @cee{name: noname11, obj: 0xEF068B0, thread: 3980};TID 3980
2015-12-08 12:52:02.404;scheme;;Scheme::make: URL: |FILE|StockSharp_Plaza\Configs\RTS_INDEX_REPL.ini|CustReplScheme @cee{name: , obj: 0xE25EB24, thread: 3980};TID 3980
2015-12-08 12:52:02.404;cgate.user;;cg_lsn_open: EF078EC;TID 12756
2015-12-08 12:52:02.404;cgate.user;;cg_lsn_open settings: mode=snapshot+online;TID 12756
2015-12-08 12:52:02.404;cgate.listener.p2repl;;Open mode=snapshot+online @cee{name: noname12, obj: 0xEF078B0, thread: 12756};TID 12756
2015-12-08 12:52:02.404;cgate.listener.p2repl;;open: mode=snapshot+online. @cee{name: noname12, obj: 0xEF078B0, thread: 12756};TID 12756
2015-12-08 12:52:02.404;cgate.listener.p2repl;;open: stream type + snapshot. @cee{name: noname12, obj: 0xEF078B0, thread: 12756};TID 12756
2015-12-08 12:52:02.404;cgate.listener.p2repl;;open: stream type + online. @cee{name: noname12, obj: 0xEF078B0, thread: 12756};TID 12756
2015-12-08 12:52:02.404;cgate.listener.p2repl;;open: blob is empty. @cee{name: noname12, obj: 0xEF078B0, thread: 12756};TID 12756
2015-12-08 12:52:02.404;cgate.listener.p2repl;;open: state changed to MODE_ONLINE. @cee{name: noname12, obj: 0xEF078B0, thread: 12756};TID 12756
2015-12-08 12:52:02.404;scheme;;Scheme::make: URL: |FILE|StockSharp_Plaza\Configs\FORTS_FUTTRADE_REPL.ini|CustReplScheme @cee{name: , obj: 0xDFFE994, thread: 12756};TID 12756
2015-12-08 12:52:02.404;cgate.listener.p2repl;;open: stream type + online. @cee{name: noname21, obj: 0xEF08678, thread: 5896};TID 5896
2015-12-08 12:52:02.404;cgate.listener.p2repl;;open: blob is empty. @cee{name: noname21, obj: 0xEF08678, thread: 5896};TID 5896
2015-12-08 12:52:02.404;cgate.listener.p2repl;;open: state changed to MODE_ONLINE. @cee{name: noname21, obj: 0xEF08678, thread: 5896};TID 5896
2015-12-08 12:52:02.404;scheme;;Scheme::make: URL: |FILE|StockSharp_Plaza\Configs\FORTS_FUTAGGR5_REPL.ini|CustReplScheme @cee{name: , obj: 0xE47EC84, thread: 5896};TID 5896
2015-12-08 12:52:02.404;P2ReplStorage;;Basic policy created;policy 0xED519C0;strm 0xED519C0;TID 3980
2015-12-08 12:52:02.404;cgate.listener.p2repl;;State changed CLOSED -> OPENING @cee{name: noname11, obj: 0xEF068B0, thread: 3980};TID 3980
2015-12-08 12:52:02.404;cgate.user;;cg_lsn_open: EF07A74;TID 12772
2015-12-08 12:52:02.404;cgate.user;;cg_lsn_open settings: mode=snapshot+online;TID 12772
2015-12-08 12:52:02.404;cgate.listener.p2repl;;Open mode=snapshot+online @cee{name: noname13, obj: 0xEF07A38, thread: 12772};TID 12772
2015-12-08 12:52:02.404;cgate.listener.p2repl;;open: mode=snapshot+online. @cee{name: noname13, obj: 0xEF07A38, thread: 12772};TID 12772
2015-12-08 12:52:02.404;cgate.listener.p2repl;;open: stream type + snapshot. @cee{name: noname13, obj: 0xEF07A38, thread: 12772};TID 12772
2015-12-08 12:52:02.404;cgate.listener.p2repl;;open: stream type + online. @cee{name: noname13, obj: 0xEF07A38, thread: 12772};TID 12772
2015-12-08 12:52:02.404;P2ReplStorage;;Basic policy created;policy 0xED51750;strm 0xED51750;TID 5896
2015-12-08 12:52:02.404;cgate.listener.p2repl;;open: blob is empty. @cee{name: noname13, obj: 0xEF07A38, thread: 12772};TID 12772
2015-12-08 12:52:02.404;P2ReplStorage;;Basic policy created;policy 0xED518F0;strm 0xED518F0;TID 12756
2015-12-08 12:52:02.404;cgate.listener.p2repl;;open: state changed to MODE_ONLINE. @cee{name: noname13, obj: 0xEF07A38, thread: 12772};TID 12772
2015-12-08 12:52:02.404;cgate.listener.p2repl;;State changed CLOSED -> OPENING @cee{name: noname12, obj: 0xEF078B0, thread: 12756};TID 12756
2015-12-08 12:52:02.404;cgate.listener.p2repl;;State changed CLOSED -> OPENING @cee{name: noname21, obj: 0xEF08678, thread: 5896};TID 5896
2015-12-08 12:52:02.404;scheme;;Scheme::make: URL: |FILE|StockSharp_Plaza\Configs\FORTS_FUTCOMMON_REPL.ini|CustReplScheme @cee{name: , obj: 0xDC3E9A4, thread: 12772};TID 12772
2015-12-08 12:52:02.405;cgate.user;;cg_lsn_open: EF07BFC;TID 12756
2015-12-08 12:52:02.405;cgate.user;;cg_lsn_open settings: mode=snapshot+online;TID 12756
2015-12-08 12:52:02.405;cgate.listener.p2repl;;Open mode=snapshot+online @cee{name: noname14, obj: 0xEF07BC0, thread: 12756};TID 12756
2015-12-08 12:52:02.405;cgate.listener.p2repl;;open: mode=snapshot+online. @cee{name: noname14, obj: 0xEF07BC0, thread: 12756};TID 12756
2015-12-08 12:52:02.405;cgate.listener.p2repl;;open: stream type + snapshot. @cee{name: noname14, obj: 0xEF07BC0, thread: 12756};TID 12756
2015-12-08 12:52:02.405;cgate.listener.p2repl;;open: stream type + online. @cee{name: noname14, obj: 0xEF07BC0, thread: 12756};TID 12756
2015-12-08 12:52:02.405;cgate.listener.p2repl;;open: blob is empty. @cee{name: noname14, obj: 0xEF07BC0, thread: 12756};TID 12756
2015-12-08 12:52:02.405;cgate.listener.p2repl;;open: state changed to MODE_ONLINE. @cee{name: noname14, obj: 0xEF07BC0, thread: 12756};TID 12756
2015-12-08 12:52:02.405;cgate.user;;cg_lsn_open: EF06A74;TID 5896
2015-12-08 12:52:02.405;cgate.user;;cg_lsn_open settings: mode=snapshot+online;TID 5896
2015-12-08 12:52:02.405;scheme;;Scheme::make: URL: |FILE|StockSharp_Plaza\Configs\FORTS_OPTTRADE_REPL.ini|CustReplScheme @cee{name: , obj: 0xDFFE994, thread: 12756};TID 12756
2015-12-08 12:52:02.405;cgate.listener.p2repl;;Open mode=snapshot+online @cee{name: noname22, obj: 0xEF06A38, thread: 5896};TID 5896
2015-12-08 12:52:02.405;cgate.listener.p2repl;;open: mode=snapshot+online. @cee{name: noname22, obj: 0xEF06A38, thread: 5896};TID 5896
2015-12-08 12:52:02.405;cgate.listener.p2repl;;open: stream type + snapshot. @cee{name: noname22, obj: 0xEF06A38, thread: 5896};TID 5896
2015-12-08 12:52:02.405;cgate.listener.p2repl;;open: stream type + online. @cee{name: noname22, obj: 0xEF06A38, thread: 5896};TID 5896
2015-12-08 12:52:02.405;cgate.listener.p2repl;;open: blob is empty. @cee{name: noname22, obj: 0xEF06A38, thread: 5896};TID 5896
2015-12-08 12:52:02.405;cgate.listener.p2repl;;open: state changed to MODE_ONLINE. @cee{name: noname22, obj: 0xEF06A38, thread: 5896};TID 5896
2015-12-08 12:52:02.405;scheme;;Scheme::make: URL: |FILE|StockSharp_Plaza\Configs\FORTS_OPTAGGR5_REPL.ini|CustReplScheme @cee{name: , obj: 0xE47EC84, thread: 5896};TID 5896
2015-12-08 12:52:02.405;P2ReplStorage;;Basic policy created;policy 0xED51340;strm 0xED51340;TID 5896
2015-12-08 12:52:02.405;P2ReplStorage;;Basic policy created;policy 0xED515B0;strm 0xED515B0;TID 12772
2015-12-08 12:52:02.405;cgate.listener.p2repl;;State changed CLOSED -> OPENING @cee{name: noname22, obj: 0xEF06A38, thread: 5896};TID 5896
2015-12-08 12:52:02.405;P2ReplStorage;;Basic policy created;policy 0xED51680;strm 0xED51680;TID 12756
2015-12-08 12:52:02.405;cgate.listener.p2repl;;State changed CLOSED -> OPENING @cee{name: noname14, obj: 0xEF07BC0, thread: 12756};TID 12756
2015-12-08 12:52:02.405;cgate.listener.p2repl;;State changed CLOSED -> OPENING @cee{name: noname13, obj: 0xEF07A38, thread: 12772};TID 12772
2015-12-08 12:52:02.405;cgate.user;;cg_lsn_open: EF07D84;TID 12772
2015-12-08 12:52:02.405;cgate.user;;cg_lsn_open settings: mode=snapshot+online;TID 12772
2015-12-08 12:52:02.406;cgate.listener.p2repl;;Open mode=snapshot+online @cee{name: noname15, obj: 0xEF07D48, thread: 12772};TID 12772
2015-12-08 12:52:02.406;cgate.listener.p2repl;;open: mode=snapshot+online. @cee{name: noname15, obj: 0xEF07D48, thread: 12772};TID 12772
2015-12-08 12:52:02.406;cgate.listener.p2repl;;open: stream type + snapshot. @cee{name: noname15, obj: 0xEF07D48, thread: 12772};TID 12772
2015-12-08 12:52:02.406;cgate.listener.p2repl;;open: stream type + online. @cee{name: noname15, obj: 0xEF07D48, thread: 12772};TID 12772
2015-12-08 12:52:02.406;cgate.listener.p2repl;;open: blob is empty. @cee{name: noname15, obj: 0xEF07D48, thread: 12772};TID 12772
2015-12-08 12:52:02.406;cgate.listener.p2repl;;open: state changed to MODE_ONLINE. @cee{name: noname15, obj: 0xEF07D48, thread: 12772};TID 12772
2015-12-08 12:52:02.406;scheme;;Scheme::make: URL: |FILE|StockSharp_Plaza\Configs\FORTS_OPTCOMMON_REPL.ini|CustReplScheme @cee{name: , obj: 0xDC3E9A4, thread: 12772};TID 12772
2015-12-08 12:52:02.406;P2ReplStorage;;Basic policy created;policy 0xED51410;strm 0xED51410;TID 12772
2015-12-08 12:52:02.406;cgate.listener.p2repl;;State changed CLOSED -> OPENING @cee{name: noname15, obj: 0xEF07D48, thread: 12772};TID 12772
2015-12-08 12:52:02.406;cgate.user;;cg_lsn_open: EF07F0C;TID 12772
2015-12-08 12:52:02.406;cgate.user;;cg_lsn_open settings: mode=snapshot+online;TID 12772
2015-12-08 12:52:02.406;cgate.listener.p2repl;;Open mode=snapshot+online @cee{name: noname16, obj: 0xEF07ED0, thread: 12772};TID 12772
2015-12-08 12:52:02.406;cgate.listener.p2repl;;open: mode=snapshot+online. @cee{name: noname16, obj: 0xEF07ED0, thread: 12772};TID 12772
2015-12-08 12:52:02.406;cgate.listener.p2repl;;open: stream type + snapshot. @cee{name: noname16, obj: 0xEF07ED0, thread: 12772};TID 12772
2015-12-08 12:52:02.406;cgate.listener.p2repl;;open: stream type + online. @cee{name: noname16, obj: 0xEF07ED0, thread: 12772};TID 12772
2015-12-08 12:52:02.406;cgate.listener.p2repl;;open: blob is empty. @cee{name: noname16, obj: 0xEF07ED0, thread: 12772};TID 12772
2015-12-08 12:52:02.406;cgate.listener.p2repl;;open: state changed to MODE_ONLINE. @cee{name: noname16, obj: 0xEF07ED0, thread: 12772};TID 12772
2015-12-08 12:52:02.406;scheme;;Scheme::make: URL: |FILE|StockSharp_Plaza\Configs\FORTS_OPTINFO_REPL.ini|CustReplScheme @cee{name: , obj: 0xDC3E9A4, thread: 12772};TID 12772
2015-12-08 12:52:02.407;P2ReplStorage;;Basic policy created;policy 0xED51820;strm 0xED51820;TID 12772
2015-12-08 12:52:02.407;cgate.listener.p2repl;;State changed CLOSED -> OPENING @cee{name: noname16, obj: 0xEF07ED0, thread: 12772};TID 12772
2015-12-08 12:52:02.407;cgate.user;;cg_lsn_open: EF08094;TID 12772
2015-12-08 12:52:02.407;cgate.user;;cg_lsn_open settings: mode=snapshot+online;TID 12772
2015-12-08 12:52:02.407;cgate.listener.p2repl;;Open mode=snapshot+online @cee{name: noname17, obj: 0xEF08058, thread: 12772};TID 12772
2015-12-08 12:52:02.407;cgate.listener.p2repl;;open: mode=snapshot+online. @cee{name: noname17, obj: 0xEF08058, thread: 12772};TID 12772
2015-12-08 12:52:02.407;cgate.listener.p2repl;;open: stream type + snapshot. @cee{name: noname17, obj: 0xEF08058, thread: 12772};TID 12772
2015-12-08 12:52:02.407;cgate.listener.p2repl;;open: stream type + online. @cee{name: noname17, obj: 0xEF08058, thread: 12772};TID 12772
2015-12-08 12:52:02.407;cgate.listener.p2repl;;open: blob is empty. @cee{name: noname17, obj: 0xEF08058, thread: 12772};TID 12772
2015-12-08 12:52:02.407;cgate.listener.p2repl;;open: state changed to MODE_ONLINE. @cee{name: noname17, obj: 0xEF08058, thread: 12772};TID 12772
2015-12-08 12:52:02.407;scheme;;Scheme::make: URL: |FILE|StockSharp_Plaza\Configs\FORTS_FUTINFO_REPL.ini|CustReplScheme @cee{name: , obj: 0xDC3E9A4, thread: 12772};TID 12772
2015-12-08 12:52:02.407;P2ReplStorage;;Basic policy created;policy 0xED51958;strm 0xED51958;TID 12772
2015-12-08 12:52:02.407;cgate.listener.p2repl;;State changed CLOSED -> OPENING @cee{name: noname17, obj: 0xEF08058, thread: 12772};TID 12772
2015-12-08 12:52:02.407;cgate.user;;cg_lsn_open: EF0821C;TID 12772
2015-12-08 12:52:02.407;cgate.user;;cg_lsn_open settings: mode=snapshot+online;TID 12772
2015-12-08 12:52:02.407;cgate.listener.p2repl;;Open mode=snapshot+online @cee{name: noname18, obj: 0xEF081E0, thread: 12772};TID 12772
2015-12-08 12:52:02.407;cgate.listener.p2repl;;open: mode=snapshot+online. @cee{name: noname18, obj: 0xEF081E0, thread: 12772};TID 12772
2015-12-08 12:52:02.407;cgate.listener.p2repl;;open: stream type + snapshot. @cee{name: noname18, obj: 0xEF081E0, thread: 12772};TID 12772
2015-12-08 12:52:02.407;cgate.listener.p2repl;;open: stream type + online. @cee{name: noname18, obj: 0xEF081E0, thread: 12772};TID 12772
2015-12-08 12:52:02.407;cgate.listener.p2repl;;open: blob is empty. @cee{name: noname18, obj: 0xEF081E0, thread: 12772};TID 12772
2015-12-08 12:52:02.407;cgate.listener.p2repl;;open: state changed to MODE_ONLINE. @cee{name: noname18, obj: 0xEF081E0, thread: 12772};TID 12772
2015-12-08 12:52:02.407;scheme;;Scheme::make: URL: |FILE|StockSharp_Plaza\Configs\FORTS_PART_REPL.ini|CustReplScheme @cee{name: , obj: 0xDC3E9A4, thread: 12772};TID 12772
2015-12-08 12:52:02.408;P2ReplStorage;;Basic policy created;policy 0xED51478;strm 0xED51478;TID 12772
2015-12-08 12:52:02.408;cgate.listener.p2repl;;State changed CLOSED -> OPENING @cee{name: noname18, obj: 0xEF081E0, thread: 12772};TID 12772
2015-12-08 12:52:02.408;cgate.user;;cg_lsn_open: EF083A4;TID 12772
2015-12-08 12:52:02.408;cgate.user;;cg_lsn_open settings: mode=snapshot+online;TID 12772
2015-12-08 12:52:02.408;cgate.listener.p2repl;;Open mode=snapshot+online @cee{name: noname19, obj: 0xEF08368, thread: 12772};TID 12772
2015-12-08 12:52:02.408;cgate.listener.p2repl;;open: mode=snapshot+online. @cee{name: noname19, obj: 0xEF08368, thread: 12772};TID 12772
2015-12-08 12:52:02.408;cgate.listener.p2repl;;open: stream type + snapshot. @cee{name: noname19, obj: 0xEF08368, thread: 12772};TID 12772
2015-12-08 12:52:02.408;cgate.listener.p2repl;;open: stream type + online. @cee{name: noname19, obj: 0xEF08368, thread: 12772};TID 12772
2015-12-08 12:52:02.408;cgate.listener.p2repl;;open: blob is empty. @cee{name: noname19, obj: 0xEF08368, thread: 12772};TID 12772
2015-12-08 12:52:02.408;cgate.listener.p2repl;;open: state changed to MODE_ONLINE. @cee{name: noname19, obj: 0xEF08368, thread: 12772};TID 12772
2015-12-08 12:52:02.408;scheme;;Scheme::make: URL: |FILE|StockSharp_Plaza\Configs\FORTS_POS_REPL.ini|CustReplScheme @cee{name: , obj: 0xDC3E9A4, thread: 12772};TID 12772
2015-12-08 12:52:02.408;P2ReplStorage;;Basic policy created;policy 0xED51618;strm 0xED51618;TID 12772
2015-12-08 12:52:02.408;cgate.listener.p2repl;;State changed CLOSED -> OPENING @cee{name: noname19, obj: 0xEF08368, thread: 12772};TID 12772
2015-12-08 12:52:02.408;cgate.user;;cg_lsn_open: EF0852C;TID 12772
2015-12-08 12:52:02.408;cgate.user;;cg_lsn_open settings: mode=snapshot+online;TID 12772
2015-12-08 12:52:02.408;cgate.listener.p2repl;;Open mode=snapshot+online @cee{name: noname20, obj: 0xEF084F0, thread: 12772};TID 12772
2015-12-08 12:52:02.408;cgate.listener.p2repl;;open: mode=snapshot+online. @cee{name: noname20, obj: 0xEF084F0, thread: 12772};TID 12772
2015-12-08 12:52:02.408;cgate.listener.p2repl;;open: stream type + snapshot. @cee{name: noname20, obj: 0xEF084F0, thread: 12772};TID 12772
2015-12-08 12:52:02.408;cgate.listener.p2repl;;open: stream type + online. @cee{name: noname20, obj: 0xEF084F0, thread: 12772};TID 12772
2015-12-08 12:52:02.408;cgate.listener.p2repl;;open: blob is empty. @cee{name: noname20, obj: 0xEF084F0, thread: 12772};TID 12772
2015-12-08 12:52:02.408;cgate.listener.p2repl;;open: state changed to MODE_ONLINE. @cee{name: noname20, obj: 0xEF084F0, thread: 12772};TID 12772
2015-12-08 12:52:02.408;scheme;;Scheme::make: URL: |FILE|StockSharp_Plaza\Configs\FORTS_DEALS_REPL.ini|CustReplScheme @cee{name: , obj: 0xDC3E9A4, thread: 12772};TID 12772
2015-12-08 12:52:02.409;P2ReplStorage;;Basic policy created;policy 0xED51548;strm 0xED51548;TID 12772
2015-12-08 12:52:02.409;cgate.listener.p2repl;;State changed CLOSED -> OPENING @cee{name: noname20, obj: 0xEF084F0, thread: 12772};TID 12772
2015-12-08 12:52:02.429;cgate.publisher.p2mq;;State changed OPENING -> ACTIVE @cee{name: pub_127_0_0_1_4001_TESTName_0, obj: 0x4BD1C60, thread: 14192};TID 14192
2015-12-08 12:52:02.429;cgate.user;;cg_lsn_new settings: p2mqreply://;name=lis_127_0_0_1_4001_TESTName_0;ref=pub_127_0_0_1_4001_TESTName_0;TID 14192
2015-12-08 12:52:02.429;cgate.env;;Registered default p2 logger cgate.listener.p2mqreply.;TID 14192
2015-12-08 12:52:02.429;cgate.listener.p2mqreply;;init: init listener: p2mqreply://;name=lis_127_0_0_1_4001_TESTName_0;ref=pub_127_0_0_1_4001_TESTName_0. @cee{name: , obj: 0x56746C0, thread: 14192};TID 14192
2015-12-08 12:52:02.429;cgate.env;;New listener was registered: lis_127_0_0_1_4001_TESTName_0.;TID 14192
2015-12-08 12:52:02.429;cgate.user;;cg_lsn_open: 56746FC;TID 14192
2015-12-08 12:52:02.429;cgate.listener.p2mqreply;;Open (null) @cee{name: lis_127_0_0_1_4001_TESTName_0, obj: 0x56746C0, thread: 14192};TID 14192
2015-12-08 12:52:02.429;cgate.listener.p2mqreply;;open: (null). @cee{name: lis_127_0_0_1_4001_TESTName_0, obj: 0x56746C0, thread: 14192};TID 14192
2015-12-08 12:52:02.429;cgate.publisher.p2mq;;addHandler: 0x05674784. @cee{name: pub_127_0_0_1_4001_TESTName_0, obj: 0x4BD1C60, thread: 14192};TID 14192
2015-12-08 12:52:02.431;p2repl-cli;;Stream opening started;type 0x1;name 'RTS_INDEX_REPL';srv_addr 'FINTER_FORTS3.inter_rtsindex';strm 0xEF08898;TID 3980
2015-12-08 12:52:02.431;p2repl-cli;;Stream opening started;type 0x1;name 'FORTS_FUTAGGR5_REPL';srv_addr 'FINTER_FORTS3.inter_futaggr5';strm 0xEF33A90;TID 5896
2015-12-08 12:52:02.431;p2repl-cli;;Stream opening started;type 0x1;name 'FORTS_FUTTRADE_REPL';srv_addr 'FINTER_FORTS3.inter_futtrade';strm 0xEF0DA38;TID 12756
2015-12-08 12:52:02.431;p2repl-cli;;Stream opening started;type 0x1;name 'FORTS_OPTAGGR5_REPL';srv_addr 'FINTER_FORTS3.inter_optaggr5';strm 0xEF313F8;TID 5896
2015-12-08 12:52:02.431;p2repl-cli;;Stream opening started;type 0x1;name 'FORTS_OPTTRADE_REPL';srv_addr 'FINTER_FORTS3.inter_opttrade';strm 0xEDA0DF0;TID 12756
2015-12-08 12:52:02.431;p2repl-cli;;Stream opening started;type 0x1;name 'FORTS_FUTCOMMON_REPL';srv_addr 'FINTER_FORTS3.inter_futcommon';strm 0xEF0C968;TID 12772
2015-12-08 12:52:02.431;p2repl-cli;;Stream opening started;type 0x1;name 'FORTS_OPTCOMMON_REPL';srv_addr 'FINTER_FORTS3.inter_optcommon';strm 0xEF20608;TID 12772
2015-12-08 12:52:02.437;p2repl-cli;;Stream opening started;type 0x1;name 'FORTS_OPTINFO_REPL';srv_addr 'FINTER_FORTS3.inter_info';strm 0xEF216D8;TID 12772
2015-12-08 12:52:02.442;p2repl-cli;;Stream opening started;type 0x1;name 'FORTS_FUTINFO_REPL';srv_addr 'FINTER_FORTS3.inter_info';strm 0xEF22380;TID 12772
2015-12-08 12:52:02.442;p2repl-cli;;Stream opening started;type 0x1;name 'FORTS_PART_REPL';srv_addr 'FINTER_FORTS3.inter_part';strm 0xED9E388;TID 12772
2015-12-08 12:52:02.442;p2repl-cli;;Stream opening started;type 0x1;name 'FORTS_POS_REPL';srv_addr 'FINTER_FORTS3.inter_pos';strm 0xEF286B0;TID 12772
2015-12-08 12:52:02.442;p2repl-cli;;Stream opening started;type 0x1;name 'FORTS_DEALS_REPL';srv_addr 'FINTER_FORTS3.inter_ordLog';strm 0xEF29728;TID 12772
