2015-12-03 16:33:56.302;p2syslog;;Use async writing mode; msg_pool_size: 2048; logthread_affinity 0x0;TID 14656
2015-12-03 16:33:56.302;cgate.env;;Registered default p2 logger cgate.env.;TID 14656
2015-12-03 16:33:56.302;cgate.env;;Registered default p2 logger cgate.user.;TID 14656
2015-12-03 16:33:56.302;p2mq-cli;;MQ library started.;TID 14656
2015-12-03 16:33:56.302;p2repl-cli;;Client replication library started;TID 14656
2015-12-03 16:33:56.302;cgate.env;;New conn impl registered: p2tcp.;TID 14656
2015-12-03 16:33:56.302;cgate.env;;New conn impl registered: p2lrpcq.;TID 14656
2015-12-03 16:33:56.302;cgate.env;;New conn impl registered: p2sys.;TID 14656
2015-12-03 16:33:56.302;cgate.env;;New listener impl registered: p2sys.;TID 14656
2015-12-03 16:33:56.302;cgate.env;;New publisher impl registered: p2sys.;TID 14656
2015-12-03 16:33:56.302;cgate.env;;New publisher impl registered: p2mq.;TID 14656
2015-12-03 16:33:56.302;cgate.env;;New listener impl registered: p2repl.;TID 14656
2015-12-03 16:33:56.302;cgate.env;;New listener impl registered: p2mqreply.;TID 14656
2015-12-03 16:33:56.302;cgate.env;;New listener impl registered: p2ordbook.;TID 14656
2015-12-03 16:33:56.302;cgate.env;;New conn impl registered: timer.;TID 14656
2015-12-03 16:33:56.302;cgate.env;;New listener impl registered: interval_timer.;TID 14656
2015-12-03 16:33:56.302;cgate.env;;New listener impl registered: cron_timer.;TID 14656
2015-12-03 16:33:56.302;cgate.user;;Cgate version: 1.3.12;TID 14656
2015-12-03 16:33:56.302;cgate.user;;OS version: Microsoft Windows 7 Ultimate Edition Service Pack 1 (build 7601), 64-bit;TID 14656
2015-12-03 16:33:56.302;cgate.user;;P2 version: 203.;TID 14656
2015-12-03 16:33:56.302;cgate.user;;Current work path: C:\Repository\-AistTrader\AistTrader\AistTrader\bin\Debug;TID 14656
2015-12-03 16:33:56.302;cgate.user;;cg_env_open settings: ini=StockSharp.Plaza.CGate.ini;key=C99ElZcac2yZzSC9xSYqyaq8xXAnNrW;TID 14656
2015-12-03 16:33:56.302;cgate.user;;cg_conn_new settings: p2tcp://127.0.0.1:4001;app_name=SS_4;TID 14656
2015-12-03 16:33:56.302;cgate.env;;Registered default p2 logger cgate.connection.p2.;TID 14656
2015-12-03 16:33:56.302;cgate.connection.p2;;init: connection init. Connection settings: p2tcp://127.0.0.1:4001;app_name=SS_4;name=noname1 @cee{name: , obj: 0x56E7FE8, thread: 14656};TID 14656
2015-12-03 16:33:56.302;cgate.env;;New connection was registered: noname1.;TID 14656
2015-12-03 16:33:56.302;cgate.user;;cg_conn_new settings: p2tcp://127.0.0.1:4001;app_name=SS_1;TID 7112
2015-12-03 16:33:56.302;cgate.connection.p2;;init: connection init. Connection settings: p2tcp://127.0.0.1:4001;app_name=SS_1;name=noname2 @cee{name: , obj: 0x56E7E50, thread: 7112};TID 7112
2015-12-03 16:33:56.302;cgate.env;;New connection was registered: noname2.;TID 7112
2015-12-03 16:33:56.302;cgate.user;;cg_conn_new settings: p2tcp://127.0.0.1:4001;app_name=SS_0;TID 11424
2015-12-03 16:33:56.302;cgate.connection.p2;;init: connection init. Connection settings: p2tcp://127.0.0.1:4001;app_name=SS_0;name=noname3 @cee{name: , obj: 0x56E8180, thread: 11424};TID 11424
2015-12-03 16:33:56.302;cgate.env;;New connection was registered: noname3.;TID 11424
2015-12-03 16:33:56.303;cgate.user;;cg_conn_open: 56E7E88;TID 7112
2015-12-03 16:33:56.303;cgate.user;;cg_conn_open settings: ;TID 7112
2015-12-03 16:33:56.303;cgate.connection.p2;;open: connection open. @cee{name: noname2, obj: 0x56E7E50, thread: 7112};TID 7112
2015-12-03 16:33:56.303;cgate.connection.p2;;P2MQ connection string: appName=SS_1;host=127.0.0.1;port=4001;timeout=3000;localTimeout=30000;
 @cee{name: noname2, obj: 0x56E7E50, thread: 7112};TID 7112
2015-12-03 16:33:56.303;cgate.user;;cg_conn_new settings: p2tcp://127.0.0.1:4001;app_name=SS_3;TID 12616
2015-12-03 16:33:56.303;cgate.user;;cg_conn_open: 56E8020;TID 14656
2015-12-03 16:33:56.303;cgate.user;;cg_conn_open settings: ;TID 14656
2015-12-03 16:33:56.303;cgate.connection.p2;;init: connection init. Connection settings: p2tcp://127.0.0.1:4001;app_name=SS_3;name=noname4 @cee{name: , obj: 0x56E8318, thread: 12616};TID 12616
2015-12-03 16:33:56.303;cgate.connection.p2;;open: connection open. @cee{name: noname1, obj: 0x56E7FE8, thread: 14656};TID 14656
2015-12-03 16:33:56.303;cgate.connection.p2;;P2MQ connection string: appName=SS_4;host=127.0.0.1;port=4001;timeout=3000;localTimeout=30000;
 @cee{name: noname1, obj: 0x56E7FE8, thread: 14656};TID 14656
2015-12-03 16:33:56.303;cgate.user;;cg_conn_open: 56E81B8;TID 11424
2015-12-03 16:33:56.303;cgate.user;;cg_conn_open settings: ;TID 11424
2015-12-03 16:33:56.303;cgate.connection.p2;;open: connection open. @cee{name: noname3, obj: 0x56E8180, thread: 11424};TID 11424
2015-12-03 16:33:56.303;cgate.connection.p2;;P2MQ connection string: appName=SS_0;host=127.0.0.1;port=4001;timeout=3000;localTimeout=30000;
 @cee{name: noname3, obj: 0x56E8180, thread: 11424};TID 11424
2015-12-03 16:33:56.303;cgate.env;;New connection was registered: noname4.;TID 12616
2015-12-03 16:33:56.303;cgate.user;;cg_conn_open: 56E8350;TID 12616
2015-12-03 16:33:56.303;cgate.user;;cg_conn_open settings: ;TID 12616
2015-12-03 16:33:56.303;cgate.connection.p2;;open: connection open. @cee{name: noname4, obj: 0x56E8318, thread: 12616};TID 12616
2015-12-03 16:33:56.303;cgate.connection.p2;;P2MQ connection string: appName=SS_3;host=127.0.0.1;port=4001;timeout=3000;localTimeout=30000;
 @cee{name: noname4, obj: 0x56E8318, thread: 12616};TID 12616
2015-12-03 16:33:56.303;cgate.user;;cg_conn_new settings: p2tcp://127.0.0.1:4001;app_name=SS_2;TID 8680
2015-12-03 16:33:56.303;cgate.connection.p2;;init: connection init. Connection settings: p2tcp://127.0.0.1:4001;app_name=SS_2;name=noname5 @cee{name: , obj: 0x56E84B0, thread: 8680};TID 8680
2015-12-03 16:33:56.303;cgate.env;;New connection was registered: noname5.;TID 8680
2015-12-03 16:33:56.303;cgate.user;;cg_conn_open: 56E84E8;TID 8680
2015-12-03 16:33:56.303;cgate.user;;cg_conn_open settings: ;TID 8680
2015-12-03 16:33:56.303;cgate.connection.p2;;open: connection open. @cee{name: noname5, obj: 0x56E84B0, thread: 8680};TID 8680
2015-12-03 16:33:56.303;cgate.connection.p2;;P2MQ connection string: appName=SS_2;host=127.0.0.1;port=4001;timeout=3000;localTimeout=30000;
 @cee{name: noname5, obj: 0x56E84B0, thread: 8680};TID 8680
2015-12-03 16:33:56.304;p2mq-cli;;Connection 0x4D224B0 connected; mq-conn 0x1; router state 'reconnecting'; 'appName=SS_4;host=127.0.0.1;port=4001;timeout=3000;localTimeout=30000;';TID 14656
2015-12-03 16:33:56.304;cgate.connection.p2;;State changed CLOSED -> OPENING @cee{name: noname1, obj: 0x56E7FE8, thread: 14656};TID 14656
2015-12-03 16:33:56.304;cgate.connection.p2;;Checking certification for: 127.0.0.1:4001, key: C99ElZcac2yZzSC9xSYqyaq8xXAnNrW @cee{name: noname1, obj: 0x56E7FE8, thread: 14656};TID 14656
2015-12-03 16:33:56.304;cgate.connection.p2;;State changed OPENING -> ACTIVE @cee{name: noname1, obj: 0x56E7FE8, thread: 14656};TID 14656
2015-12-03 16:33:56.304;p2mq-cli;;Connection 0x4D222E8 connected; mq-conn 0x2; router state 'reconnecting'; 'appName=SS_1;host=127.0.0.1;port=4001;timeout=3000;localTimeout=30000;';TID 7112
2015-12-03 16:33:56.304;cgate.connection.p2;;State changed CLOSED -> OPENING @cee{name: noname2, obj: 0x56E7E50, thread: 7112};TID 7112
2015-12-03 16:33:56.304;cgate.connection.p2;;Checking certification for: 127.0.0.1:4001, key: C99ElZcac2yZzSC9xSYqyaq8xXAnNrW @cee{name: noname2, obj: 0x56E7E50, thread: 7112};TID 7112
2015-12-03 16:33:56.304;cgate.connection.p2;;State changed OPENING -> ACTIVE @cee{name: noname2, obj: 0x56E7E50, thread: 7112};TID 7112
2015-12-03 16:33:56.305;p2mq-cli;;Connection 0x4D22A08 connected; mq-conn 0x3; router state 'reconnecting'; 'appName=SS_0;host=127.0.0.1;port=4001;timeout=3000;localTimeout=30000;';TID 11424
2015-12-03 16:33:56.305;cgate.connection.p2;;State changed CLOSED -> OPENING @cee{name: noname3, obj: 0x56E8180, thread: 11424};TID 11424
2015-12-03 16:33:56.305;cgate.connection.p2;;Checking certification for: 127.0.0.1:4001, key: C99ElZcac2yZzSC9xSYqyaq8xXAnNrW @cee{name: noname3, obj: 0x56E8180, thread: 11424};TID 11424
2015-12-03 16:33:56.305;cgate.connection.p2;;State changed OPENING -> ACTIVE @cee{name: noname3, obj: 0x56E8180, thread: 11424};TID 11424
2015-12-03 16:33:56.305;p2mq-cli;;Connection 0x4D22840 connected; mq-conn 0x4; router state 'reconnecting'; 'appName=SS_3;host=127.0.0.1;port=4001;timeout=3000;localTimeout=30000;';TID 12616
2015-12-03 16:33:56.305;cgate.connection.p2;;State changed CLOSED -> OPENING @cee{name: noname4, obj: 0x56E8318, thread: 12616};TID 12616
2015-12-03 16:33:56.305;cgate.connection.p2;;Checking certification for: 127.0.0.1:4001, key: C99ElZcac2yZzSC9xSYqyaq8xXAnNrW @cee{name: noname4, obj: 0x56E8318, thread: 12616};TID 12616
2015-12-03 16:33:56.305;cgate.connection.p2;;State changed OPENING -> ACTIVE @cee{name: noname4, obj: 0x56E8318, thread: 12616};TID 12616
2015-12-03 16:33:56.306;p2mq-cli;;Connection 0x4D22678 connected; mq-conn 0x5; router state 'reconnecting'; 'appName=SS_2;host=127.0.0.1;port=4001;timeout=3000;localTimeout=30000;';TID 8680
2015-12-03 16:33:56.306;cgate.connection.p2;;State changed CLOSED -> OPENING @cee{name: noname5, obj: 0x56E84B0, thread: 8680};TID 8680
2015-12-03 16:33:56.306;cgate.connection.p2;;Checking certification for: 127.0.0.1:4001, key: C99ElZcac2yZzSC9xSYqyaq8xXAnNrW @cee{name: noname5, obj: 0x56E84B0, thread: 8680};TID 8680
2015-12-03 16:33:56.306;cgate.connection.p2;;State changed OPENING -> ACTIVE @cee{name: noname5, obj: 0x56E84B0, thread: 8680};TID 8680
2015-12-03 16:33:56.319;cgate.user;;cg_pub_new settings: p2mq://SOFTWARE_AUTH;category=CERT_MSG;format=raw;name=certlistner_056E7E88;timeout=10000;scheme=noscheme;TID 7112
2015-12-03 16:33:56.319;cgate.user;;cg_pub_new settings: p2mq://SOFTWARE_AUTH;category=CERT_MSG;format=raw;name=certlistner_056E8020;timeout=10000;scheme=noscheme;TID 14656
2015-12-03 16:33:56.319;cgate.env;;Registered default p2 logger cgate.publisher.p2mq.;TID 7112
2015-12-03 16:33:56.319;cgate.env;;Registered default p2 logger scheme.;TID 7112
2015-12-03 16:33:56.319;cgate.publisher.p2mq;;init: init publisher. @cee{name: , obj: 0xB1C9B20, thread: 7112};TID 7112
2015-12-03 16:33:56.319;cgate.publisher.p2mq;;init: init publisher. @cee{name: , obj: 0xB1A76B8, thread: 14656};TID 14656
2015-12-03 16:33:56.319;cgate.env;;New publisher was registered: certlistner_056E7E88.;TID 7112
2015-12-03 16:33:56.319;cgate.user;;cg_lsn_new settings: p2mqreply://;category=CERT_MSG;format=raw;ref=certlistner_056E7E88;scheme=noscheme;TID 7112
2015-12-03 16:33:56.319;cgate.env;;New publisher was registered: certlistner_056E8020.;TID 14656
2015-12-03 16:33:56.319;cgate.user;;cg_lsn_new settings: p2mqreply://;category=CERT_MSG;format=raw;ref=certlistner_056E8020;scheme=noscheme;TID 14656
2015-12-03 16:33:56.319;cgate.env;;Registered default p2 logger cgate.listener.p2mqreply.;TID 7112
2015-12-03 16:33:56.319;cgate.listener.p2mqreply;;init: init listener: p2mqreply://;category=CERT_MSG;format=raw;ref=certlistner_056E7E88;scheme=noscheme;name=noname6. @cee{name: , obj: 0x4D1DEA8, thread: 7112};TID 7112
2015-12-03 16:33:56.319;cgate.listener.p2mqreply;;init: init listener: p2mqreply://;category=CERT_MSG;format=raw;ref=certlistner_056E8020;scheme=noscheme;name=noname7. @cee{name: , obj: 0xB1E3ED8, thread: 14656};TID 14656
2015-12-03 16:33:56.319;cgate.env;;New listener was registered: noname6.;TID 7112
2015-12-03 16:33:56.319;cgate.user;;cg_pub_open: B1C9B5C;TID 7112
2015-12-03 16:33:56.319;cgate.publisher.p2mq;;open: (null). @cee{name: certlistner_056E7E88, obj: 0xB1C9B20, thread: 7112};TID 7112
2015-12-03 16:33:56.319;cgate.env;;New listener was registered: noname7.;TID 14656
2015-12-03 16:33:56.319;cgate.user;;cg_pub_open: B1A76F4;TID 14656
2015-12-03 16:33:56.319;cgate.publisher.p2mq;;open: (null). @cee{name: certlistner_056E8020, obj: 0xB1A76B8, thread: 14656};TID 14656
2015-12-03 16:33:56.319;cgate.publisher.p2mq;;State changed CLOSED -> OPENING @cee{name: certlistner_056E7E88, obj: 0xB1C9B20, thread: 7112};TID 7112
2015-12-03 16:33:56.319;cgate.publisher.p2mq;;open: settings scheme is noscheme. @cee{name: certlistner_056E7E88, obj: 0xB1C9B20, thread: 7112};TID 7112
2015-12-03 16:33:56.319;cgate.publisher.p2mq;;State changed CLOSED -> OPENING @cee{name: certlistner_056E8020, obj: 0xB1A76B8, thread: 14656};TID 14656
2015-12-03 16:33:56.319;cgate.publisher.p2mq;;open: settings scheme is noscheme. @cee{name: certlistner_056E8020, obj: 0xB1A76B8, thread: 14656};TID 14656
2015-12-03 16:33:56.319;cgate.publisher.p2mq;error;open: P2MQServiceResolve failed with error: 0x9002. 'SERV:NO_SERVICE' @cee{name: certlistner_056E8020, obj: 0xB1A76B8, thread: 14656};TID 14656
2015-12-03 16:33:56.319;cgate.publisher.p2mq;error;open: P2MQServiceResolve failed with error: 0x9002. 'SERV:NO_SERVICE' @cee{name: certlistner_056E7E88, obj: 0xB1C9B20, thread: 7112};TID 7112
2015-12-03 16:33:56.319;cgate.publisher.p2mq;;State changed OPENING -> ERROR @cee{name: certlistner_056E7E88, obj: 0xB1C9B20, thread: 7112};TID 7112
2015-12-03 16:33:56.319;cgate.publisher.p2mq;;State changed OPENING -> ERROR @cee{name: certlistner_056E8020, obj: 0xB1A76B8, thread: 14656};TID 14656
2015-12-03 16:33:56.319;cgate.user;;cg_pub_destroy: B1C9B5C;TID 7112
2015-12-03 16:33:56.319;cgate.user;;cg_pub_destroy: B1A76F4;TID 14656
2015-12-03 16:33:56.319;cgate.publisher.p2mq;;Close @cee{name: certlistner_056E7E88, obj: 0xB1C9B20, thread: 7112};TID 7112
2015-12-03 16:33:56.319;cgate.publisher.p2mq;;Close @cee{name: certlistner_056E8020, obj: 0xB1A76B8, thread: 14656};TID 14656
2015-12-03 16:33:56.319;cgate.publisher.p2mq;;close. @cee{name: certlistner_056E8020, obj: 0xB1A76B8, thread: 14656};TID 14656
2015-12-03 16:33:56.319;cgate.publisher.p2mq;;close. @cee{name: certlistner_056E7E88, obj: 0xB1C9B20, thread: 7112};TID 7112
2015-12-03 16:33:56.319;cgate.publisher.p2mq;;State changed ERROR -> CLOSED @cee{name: certlistner_056E8020, obj: 0xB1A76B8, thread: 14656};TID 14656
2015-12-03 16:33:56.319;cgate.publisher.p2mq;;close: notify listeners publisher is closing. @cee{name: certlistner_056E8020, obj: 0xB1A76B8, thread: 14656};TID 14656
2015-12-03 16:33:56.319;cgate.publisher.p2mq;;State changed ERROR -> CLOSED @cee{name: certlistner_056E7E88, obj: 0xB1C9B20, thread: 7112};TID 7112
2015-12-03 16:33:56.319;cgate.publisher.p2mq;;done: done publisher. @cee{name: certlistner_056E8020, obj: 0xB1A76B8, thread: 14656};TID 14656
2015-12-03 16:33:56.319;cgate.publisher.p2mq;;close: notify listeners publisher is closing. @cee{name: certlistner_056E7E88, obj: 0xB1C9B20, thread: 7112};TID 7112
2015-12-03 16:33:56.319;cgate.publisher.p2mq;;done: notify listeners publisher is destroyed. @cee{name: certlistner_056E8020, obj: 0xB1A76B8, thread: 14656};TID 14656
2015-12-03 16:33:56.319;cgate.publisher.p2mq;;done: done publisher. @cee{name: certlistner_056E7E88, obj: 0xB1C9B20, thread: 7112};TID 7112
2015-12-03 16:33:56.319;cgate.publisher.p2mq;;done: notify listeners publisher is destroyed. @cee{name: certlistner_056E7E88, obj: 0xB1C9B20, thread: 7112};TID 7112
2015-12-03 16:33:56.319;cgate.env;;Publisher was unregistered: 0xB1A76F4.;TID 14656
2015-12-03 16:33:56.319;cgate.user;;cg_lsn_destroy: B1E3F14;TID 14656
2015-12-03 16:33:56.319;cgate.listener.p2mqreply;;Done @cee{name: noname7, obj: 0xB1E3ED8, thread: 14656};TID 14656
2015-12-03 16:33:56.319;cgate.listener.p2mqreply;;done: done listener. @cee{name: noname7, obj: 0xB1E3ED8, thread: 14656};TID 14656
2015-12-03 16:33:56.319;cgate.env;;Publisher was unregistered: 0xB1C9B5C.;TID 7112
2015-12-03 16:33:56.319;cgate.user;;cg_lsn_destroy: 4D1DEE4;TID 7112
2015-12-03 16:33:56.319;cgate.listener.p2mqreply;;Done @cee{name: noname6, obj: 0x4D1DEA8, thread: 7112};TID 7112
2015-12-03 16:33:56.319;cgate.env;;Listener was unregistered: 0xB1E3F14.;TID 14656
2015-12-03 16:33:56.319;cgate.listener.p2mqreply;;done: done listener. @cee{name: noname6, obj: 0x4D1DEA8, thread: 7112};TID 7112
2015-12-03 16:33:56.319;cgate.env;;Listener was unregistered: 0x4D1DEE4.;TID 7112
2015-12-03 16:33:56.320;cgate.user;;cg_pub_new settings: p2mq://SOFTWARE_AUTH;category=CERT_MSG;format=raw;name=certlistner_056E81B8;timeout=10000;scheme=noscheme;TID 11424
2015-12-03 16:33:56.320;cgate.user;error;Unable to open certificate publisher, error 0x20000.;TID 14656
2015-12-03 16:33:56.320;cgate.connection.p2;error;Certificate check failed @cee{name: noname1, obj: 0x56E7FE8, thread: 14656};TID 14656
2015-12-03 16:33:56.320;cgate.connection.p2;;Close @cee{name: noname1, obj: 0x56E7FE8, thread: 14656};TID 14656
2015-12-03 16:33:56.320;cgate.env;;Registered default p2 logger cgate.publisher.p2mq.;TID 11424
2015-12-03 16:33:56.320;cgate.env;;Registered default p2 logger scheme.;TID 11424
2015-12-03 16:33:56.320;cgate.publisher.p2mq;;init: init publisher. @cee{name: , obj: 0x5688BE0, thread: 11424};TID 11424
2015-12-03 16:33:56.320;p2mq-cli;;Connection disconnected; mq-conn 0x1;TID 14656
2015-12-03 16:33:56.320;cgate.user;;cg_pub_new settings: p2mq://SOFTWARE_AUTH;category=CERT_MSG;format=raw;name=certlistner_056E8350;timeout=10000;scheme=noscheme;TID 12616
2015-12-03 16:33:56.320;cgate.env;;New publisher was registered: certlistner_056E81B8.;TID 11424
2015-12-03 16:33:56.320;cgate.user;;cg_lsn_new settings: p2mqreply://;category=CERT_MSG;format=raw;ref=certlistner_056E81B8;scheme=noscheme;TID 11424
2015-12-03 16:33:56.320;cgate.env;;Registered default p2 logger cgate.listener.p2mqreply.;TID 11424
2015-12-03 16:33:56.320;cgate.listener.p2mqreply;;init: init listener: p2mqreply://;category=CERT_MSG;format=raw;ref=certlistner_056E81B8;scheme=noscheme;name=noname8. @cee{name: , obj: 0x4D1DEA8, thread: 11424};TID 11424
2015-12-03 16:33:56.320;cgate.publisher.p2mq;;init: init publisher. @cee{name: , obj: 0x5688D88, thread: 12616};TID 12616
2015-12-03 16:33:56.320;cgate.env;;New listener was registered: noname8.;TID 11424
2015-12-03 16:33:56.320;cgate.user;;cg_pub_open: 5688C1C;TID 11424
2015-12-03 16:33:56.320;cgate.publisher.p2mq;;open: (null). @cee{name: certlistner_056E81B8, obj: 0x5688BE0, thread: 11424};TID 11424
2015-12-03 16:33:56.320;cgate.publisher.p2mq;;State changed CLOSED -> OPENING @cee{name: certlistner_056E81B8, obj: 0x5688BE0, thread: 11424};TID 11424
2015-12-03 16:33:56.320;cgate.publisher.p2mq;;open: settings scheme is noscheme. @cee{name: certlistner_056E81B8, obj: 0x5688BE0, thread: 11424};TID 11424
2015-12-03 16:33:56.320;cgate.env;;New publisher was registered: certlistner_056E8350.;TID 12616
2015-12-03 16:33:56.320;cgate.user;;cg_lsn_new settings: p2mqreply://;category=CERT_MSG;format=raw;ref=certlistner_056E8350;scheme=noscheme;TID 12616
2015-12-03 16:33:56.320;cgate.connection.p2;;State changed ACTIVE -> CLOSED @cee{name: noname1, obj: 0x56E7FE8, thread: 14656};TID 14656
2015-12-03 16:33:56.320;cgate.listener.p2mqreply;;init: init listener: p2mqreply://;category=CERT_MSG;format=raw;ref=certlistner_056E8350;scheme=noscheme;name=noname9. @cee{name: , obj: 0xB1E3ED8, thread: 12616};TID 12616
2015-12-03 16:33:56.320;cgate.env;;New listener was registered: noname9.;TID 12616
2015-12-03 16:33:56.320;cgate.user;;cg_pub_open: 5688DC4;TID 12616
2015-12-03 16:33:56.320;cgate.publisher.p2mq;;open: (null). @cee{name: certlistner_056E8350, obj: 0x5688D88, thread: 12616};TID 12616
2015-12-03 16:33:56.320;cgate.publisher.p2mq;;State changed CLOSED -> OPENING @cee{name: certlistner_056E8350, obj: 0x5688D88, thread: 12616};TID 12616
2015-12-03 16:33:56.320;cgate.publisher.p2mq;;open: settings scheme is noscheme. @cee{name: certlistner_056E8350, obj: 0x5688D88, thread: 12616};TID 12616
2015-12-03 16:33:56.320;cgate.publisher.p2mq;error;open: P2MQServiceResolve failed with error: 0x9002. 'SERV:NO_SERVICE' @cee{name: certlistner_056E81B8, obj: 0x5688BE0, thread: 11424};TID 11424
2015-12-03 16:33:56.320;cgate.publisher.p2mq;;State changed OPENING -> ERROR @cee{name: certlistner_056E81B8, obj: 0x5688BE0, thread: 11424};TID 11424
2015-12-03 16:33:56.320;cgate.user;;cg_pub_destroy: 5688C1C;TID 11424
2015-12-03 16:33:56.320;cgate.publisher.p2mq;;Close @cee{name: certlistner_056E81B8, obj: 0x5688BE0, thread: 11424};TID 11424
2015-12-03 16:33:56.320;cgate.publisher.p2mq;;close. @cee{name: certlistner_056E81B8, obj: 0x5688BE0, thread: 11424};TID 11424
2015-12-03 16:33:56.320;cgate.publisher.p2mq;error;open: P2MQServiceResolve failed with error: 0x9002. 'SERV:NO_SERVICE' @cee{name: certlistner_056E8350, obj: 0x5688D88, thread: 12616};TID 12616
2015-12-03 16:33:56.320;cgate.publisher.p2mq;;State changed ERROR -> CLOSED @cee{name: certlistner_056E81B8, obj: 0x5688BE0, thread: 11424};TID 11424
2015-12-03 16:33:56.320;cgate.publisher.p2mq;;close: notify listeners publisher is closing. @cee{name: certlistner_056E81B8, obj: 0x5688BE0, thread: 11424};TID 11424
2015-12-03 16:33:56.320;cgate.publisher.p2mq;;State changed OPENING -> ERROR @cee{name: certlistner_056E8350, obj: 0x5688D88, thread: 12616};TID 12616
2015-12-03 16:33:56.320;cgate.publisher.p2mq;;done: done publisher. @cee{name: certlistner_056E81B8, obj: 0x5688BE0, thread: 11424};TID 11424
2015-12-03 16:33:56.320;cgate.publisher.p2mq;;done: notify listeners publisher is destroyed. @cee{name: certlistner_056E81B8, obj: 0x5688BE0, thread: 11424};TID 11424
2015-12-03 16:33:56.320;cgate.env;;Publisher was unregistered: 0x5688C1C.;TID 11424
2015-12-03 16:33:56.320;cgate.user;;cg_lsn_destroy: 4D1DEE4;TID 11424
2015-12-03 16:33:56.320;cgate.listener.p2mqreply;;Done @cee{name: noname8, obj: 0x4D1DEA8, thread: 11424};TID 11424
2015-12-03 16:33:56.320;cgate.listener.p2mqreply;;done: done listener. @cee{name: noname8, obj: 0x4D1DEA8, thread: 11424};TID 11424
2015-12-03 16:33:56.320;cgate.env;;Listener was unregistered: 0x4D1DEE4.;TID 11424
2015-12-03 16:33:56.320;cgate.user;;cg_pub_destroy: 5688DC4;TID 12616
2015-12-03 16:33:56.320;cgate.publisher.p2mq;;Close @cee{name: certlistner_056E8350, obj: 0x5688D88, thread: 12616};TID 12616
2015-12-03 16:33:56.320;cgate.publisher.p2mq;;close. @cee{name: certlistner_056E8350, obj: 0x5688D88, thread: 12616};TID 12616
2015-12-03 16:33:56.320;cgate.publisher.p2mq;;State changed ERROR -> CLOSED @cee{name: certlistner_056E8350, obj: 0x5688D88, thread: 12616};TID 12616
2015-12-03 16:33:56.320;cgate.publisher.p2mq;;close: notify listeners publisher is closing. @cee{name: certlistner_056E8350, obj: 0x5688D88, thread: 12616};TID 12616
2015-12-03 16:33:56.320;cgate.publisher.p2mq;;done: done publisher. @cee{name: certlistner_056E8350, obj: 0x5688D88, thread: 12616};TID 12616
2015-12-03 16:33:56.320;cgate.publisher.p2mq;;done: notify listeners publisher is destroyed. @cee{name: certlistner_056E8350, obj: 0x5688D88, thread: 12616};TID 12616
2015-12-03 16:33:56.320;cgate.env;;Publisher was unregistered: 0x5688DC4.;TID 12616
2015-12-03 16:33:56.320;cgate.user;;cg_lsn_destroy: B1E3F14;TID 12616
2015-12-03 16:33:56.320;cgate.listener.p2mqreply;;Done @cee{name: noname9, obj: 0xB1E3ED8, thread: 12616};TID 12616
2015-12-03 16:33:56.320;cgate.user;error;Unable to open certificate publisher, error 0x20000.;TID 11424
2015-12-03 16:33:56.320;cgate.connection.p2;error;Certificate check failed @cee{name: noname3, obj: 0x56E8180, thread: 11424};TID 11424
2015-12-03 16:33:56.320;cgate.connection.p2;;Close @cee{name: noname3, obj: 0x56E8180, thread: 11424};TID 11424
2015-12-03 16:33:56.320;cgate.listener.p2mqreply;;done: done listener. @cee{name: noname9, obj: 0xB1E3ED8, thread: 12616};TID 12616
2015-12-03 16:33:56.320;cgate.env;;Listener was unregistered: 0xB1E3F14.;TID 12616
2015-12-03 16:33:56.320;p2mq-cli;;Connection disconnected; mq-conn 0x3;TID 11424
2015-12-03 16:33:56.320;cgate.connection.p2;;State changed ACTIVE -> CLOSED @cee{name: noname3, obj: 0x56E8180, thread: 11424};TID 11424
2015-12-03 16:33:56.320;cgate.user;error;Unable to open certificate publisher, error 0x20000.;TID 12616
2015-12-03 16:33:56.320;cgate.connection.p2;error;Certificate check failed @cee{name: noname4, obj: 0x56E8318, thread: 12616};TID 12616
2015-12-03 16:33:56.320;cgate.connection.p2;;Close @cee{name: noname4, obj: 0x56E8318, thread: 12616};TID 12616
2015-12-03 16:33:56.320;p2mq-cli;;Connection disconnected; mq-conn 0x4;TID 12616
2015-12-03 16:33:56.320;cgate.connection.p2;;State changed ACTIVE -> CLOSED @cee{name: noname4, obj: 0x56E8318, thread: 12616};TID 12616
2015-12-03 16:33:56.321;cgate.user;;cg_pub_new settings: p2mq://SOFTWARE_AUTH;category=CERT_MSG;format=raw;name=certlistner_056E84E8;timeout=10000;scheme=noscheme;TID 8680
2015-12-03 16:33:56.321;cgate.user;error;Unable to open certificate publisher, error 0x20000.;TID 7112
2015-12-03 16:33:56.321;cgate.connection.p2;error;Certificate check failed @cee{name: noname2, obj: 0x56E7E50, thread: 7112};TID 7112
2015-12-03 16:33:56.321;cgate.connection.p2;;Close @cee{name: noname2, obj: 0x56E7E50, thread: 7112};TID 7112
2015-12-03 16:33:56.321;cgate.env;;Registered default p2 logger cgate.publisher.p2mq.;TID 8680
2015-12-03 16:33:56.321;cgate.env;;Registered default p2 logger scheme.;TID 8680
2015-12-03 16:33:56.321;cgate.publisher.p2mq;;init: init publisher. @cee{name: , obj: 0x5688D88, thread: 8680};TID 8680
2015-12-03 16:33:56.321;p2mq-cli;;Connection disconnected; mq-conn 0x2;TID 7112
2015-12-03 16:33:56.321;cgate.env;;New publisher was registered: certlistner_056E84E8.;TID 8680
2015-12-03 16:33:56.321;cgate.user;;cg_lsn_new settings: p2mqreply://;category=CERT_MSG;format=raw;ref=certlistner_056E84E8;scheme=noscheme;TID 8680
2015-12-03 16:33:56.321;cgate.env;;Registered default p2 logger cgate.listener.p2mqreply.;TID 8680
2015-12-03 16:33:56.321;cgate.listener.p2mqreply;;init: init listener: p2mqreply://;category=CERT_MSG;format=raw;ref=certlistner_056E84E8;scheme=noscheme;name=noname10. @cee{name: , obj: 0xB1E3ED8, thread: 8680};TID 8680
2015-12-03 16:33:56.321;cgate.env;;New listener was registered: noname10.;TID 8680
2015-12-03 16:33:56.321;cgate.user;;cg_pub_open: 5688DC4;TID 8680
2015-12-03 16:33:56.321;cgate.publisher.p2mq;;open: (null). @cee{name: certlistner_056E84E8, obj: 0x5688D88, thread: 8680};TID 8680
2015-12-03 16:33:56.321;cgate.publisher.p2mq;;State changed CLOSED -> OPENING @cee{name: certlistner_056E84E8, obj: 0x5688D88, thread: 8680};TID 8680
2015-12-03 16:33:56.321;cgate.publisher.p2mq;;open: settings scheme is noscheme. @cee{name: certlistner_056E84E8, obj: 0x5688D88, thread: 8680};TID 8680
2015-12-03 16:33:56.321;cgate.connection.p2;;State changed ACTIVE -> CLOSED @cee{name: noname2, obj: 0x56E7E50, thread: 7112};TID 7112
2015-12-03 16:33:56.321;cgate.publisher.p2mq;error;open: P2MQServiceResolve failed with error: 0x9002. 'SERV:NO_SERVICE' @cee{name: certlistner_056E84E8, obj: 0x5688D88, thread: 8680};TID 8680
2015-12-03 16:33:56.321;cgate.publisher.p2mq;;State changed OPENING -> ERROR @cee{name: certlistner_056E84E8, obj: 0x5688D88, thread: 8680};TID 8680
2015-12-03 16:33:56.321;cgate.user;;cg_pub_destroy: 5688DC4;TID 8680
2015-12-03 16:33:56.321;cgate.publisher.p2mq;;Close @cee{name: certlistner_056E84E8, obj: 0x5688D88, thread: 8680};TID 8680
2015-12-03 16:33:56.321;cgate.publisher.p2mq;;close. @cee{name: certlistner_056E84E8, obj: 0x5688D88, thread: 8680};TID 8680
2015-12-03 16:33:56.322;cgate.publisher.p2mq;;State changed ERROR -> CLOSED @cee{name: certlistner_056E84E8, obj: 0x5688D88, thread: 8680};TID 8680
2015-12-03 16:33:56.322;cgate.publisher.p2mq;;close: notify listeners publisher is closing. @cee{name: certlistner_056E84E8, obj: 0x5688D88, thread: 8680};TID 8680
2015-12-03 16:33:56.322;cgate.publisher.p2mq;;done: done publisher. @cee{name: certlistner_056E84E8, obj: 0x5688D88, thread: 8680};TID 8680
2015-12-03 16:33:56.322;cgate.publisher.p2mq;;done: notify listeners publisher is destroyed. @cee{name: certlistner_056E84E8, obj: 0x5688D88, thread: 8680};TID 8680
2015-12-03 16:33:56.322;cgate.env;;Publisher was unregistered: 0x5688DC4.;TID 8680
2015-12-03 16:33:56.322;cgate.user;;cg_lsn_destroy: B1E3F14;TID 8680
2015-12-03 16:33:56.322;cgate.listener.p2mqreply;;Done @cee{name: noname10, obj: 0xB1E3ED8, thread: 8680};TID 8680
2015-12-03 16:33:56.322;cgate.listener.p2mqreply;;done: done listener. @cee{name: noname10, obj: 0xB1E3ED8, thread: 8680};TID 8680
2015-12-03 16:33:56.322;cgate.env;;Listener was unregistered: 0xB1E3F14.;TID 8680
2015-12-03 16:33:56.322;cgate.user;error;Unable to open certificate publisher, error 0x20000.;TID 8680
2015-12-03 16:33:56.322;cgate.connection.p2;error;Certificate check failed @cee{name: noname5, obj: 0x56E84B0, thread: 8680};TID 8680
2015-12-03 16:33:56.322;cgate.connection.p2;;Close @cee{name: noname5, obj: 0x56E84B0, thread: 8680};TID 8680
2015-12-03 16:33:56.322;p2mq-cli;;Connection disconnected; mq-conn 0x5;TID 8680
2015-12-03 16:33:56.322;cgate.connection.p2;;State changed ACTIVE -> CLOSED @cee{name: noname5, obj: 0x56E84B0, thread: 8680};TID 8680
2015-12-03 16:33:56.355;cgate.user;;cg_conn_destroy: 56E7E88;TID 7112
2015-12-03 16:33:56.355;cgate.connection.p2;;done: connection done. @cee{name: noname2, obj: 0x56E7E50, thread: 7112};TID 7112
2015-12-03 16:33:56.355;cgate.connection.p2;;Close @cee{name: noname2, obj: 0x56E7E50, thread: 7112};TID 7112
2015-12-03 16:33:56.355;cgate.env;;Connection was unregistered: 0x56E7E88.;TID 7112
2015-12-03 16:33:56.355;cgate.user;;cg_conn_destroy: 56E8350;TID 12616
2015-12-03 16:33:56.355;cgate.user;;cg_conn_destroy: 56E84E8;TID 8680
2015-12-03 16:33:56.355;cgate.connection.p2;;done: connection done. @cee{name: noname4, obj: 0x56E8318, thread: 12616};TID 12616
2015-12-03 16:33:56.355;cgate.connection.p2;;done: connection done. @cee{name: noname5, obj: 0x56E84B0, thread: 8680};TID 8680
2015-12-03 16:33:56.355;cgate.connection.p2;;Close @cee{name: noname4, obj: 0x56E8318, thread: 12616};TID 12616
2015-12-03 16:33:56.355;cgate.connection.p2;;Close @cee{name: noname5, obj: 0x56E84B0, thread: 8680};TID 8680
2015-12-03 16:33:56.355;cgate.env;;Connection was unregistered: 0x56E8350.;TID 12616
2015-12-03 16:33:56.355;cgate.env;;Connection was unregistered: 0x56E84E8.;TID 8680
2015-12-03 16:33:56.356;cgate.user;;cg_conn_destroy: 56E8020;TID 14656
2015-12-03 16:33:56.356;cgate.connection.p2;;done: connection done. @cee{name: noname1, obj: 0x56E7FE8, thread: 14656};TID 14656
2015-12-03 16:33:56.356;cgate.connection.p2;;Close @cee{name: noname1, obj: 0x56E7FE8, thread: 14656};TID 14656
2015-12-03 16:33:56.356;cgate.env;;Connection was unregistered: 0x56E8020.;TID 14656
2015-12-03 16:33:56.359;cgate.user;;cg_conn_destroy: 56E81B8;TID 11424
2015-12-03 16:33:56.359;cgate.connection.p2;;done: connection done. @cee{name: noname3, obj: 0x56E8180, thread: 11424};TID 11424
2015-12-03 16:33:56.359;cgate.connection.p2;;Close @cee{name: noname3, obj: 0x56E8180, thread: 11424};TID 11424
2015-12-03 16:33:56.359;cgate.env;;Connection was unregistered: 0x56E81B8.;TID 11424
