2016-06-06 09:26:14.001429;p2syslog;;Use async writing mode; msg_pool_size: 2048; logthread_affinity 0x0;TID 8476
2016-06-06 09:26:14.001456;p2syslog;;Precise system time supported;TID 8476
2016-06-06 09:26:14.001457;p2syslog;WARNING;Use default buffer size;TID 8476
2016-06-06 09:26:14.001510;cgate.env;;Registered default p2 logger cgate.env.;TID 8476
2016-06-06 09:26:14.001513;cgate.env;;Registered default p2 logger cgate.user.;TID 8476
2016-06-06 09:26:14.001562;p2mq-cli;;MQ library started.;TID 8476
2016-06-06 09:26:14.001583;p2repl-cli;;Client replication library started;TID 8476
2016-06-06 09:26:14.001704;cgate.env;;New conn impl registered: p2tcp.;TID 8476
2016-06-06 09:26:14.001706;cgate.env;;New conn impl registered: p2lrpcq.;TID 8476
2016-06-06 09:26:14.001708;cgate.env;;New conn impl registered: p2sys.;TID 8476
2016-06-06 09:26:14.001721;cgate.env;;New listener impl registered: p2sys.;TID 8476
2016-06-06 09:26:14.001723;cgate.env;;New publisher impl registered: p2sys.;TID 8476
2016-06-06 09:26:14.001724;cgate.env;;New publisher impl registered: p2mq.;TID 8476
2016-06-06 09:26:14.001725;cgate.env;;New listener impl registered: p2repl.;TID 8476
2016-06-06 09:26:14.001727;cgate.env;;New listener impl registered: p2mqreply.;TID 8476
2016-06-06 09:26:14.001728;cgate.env;;New listener impl registered: p2ordbook.;TID 8476
2016-06-06 09:26:14.001731;cgate.env;;New conn impl registered: test.;TID 8476
2016-06-06 09:26:14.001734;cgate.env;;New publisher impl registered: test.;TID 8476
2016-06-06 09:26:14.001735;cgate.env;;New listener impl registered: test.;TID 8476
2016-06-06 09:26:14.001736;cgate.env;;New conn impl registered: timer.;TID 8476
2016-06-06 09:26:14.001738;cgate.env;;New listener impl registered: interval_timer.;TID 8476
2016-06-06 09:26:14.001740;cgate.env;;New listener impl registered: cron_timer.;TID 8476
2016-06-06 09:26:14.001741;cgate.env;;New publisher impl registered: file.;TID 8476
2016-06-06 09:26:14.001746;cgate.user;;Cgate version: 5.1.0;TID 8476
2016-06-06 09:26:14.001781;cgate.user;;OS version: Microsoft  (build 9200), 64-bit;TID 8476
2016-06-06 09:26:14.001782;cgate.user;;P2 version: 206.;TID 8476
2016-06-06 09:26:14.001786;cgate.user;;Current work path: C:\REPOSITORY\-AistTrader\AistTrader\AistTrader\bin\Debug;TID 8476
2016-06-06 09:26:14.001787;cgate.user;;cg_env_open settings: ini=StockSharp.Plaza.CGate.ini;key=11111111;TID 8476
2016-06-06 09:26:14.002056;cgate.user;;cg_conn_new settings: p2tcp://127.0.0.1:4001;app_name=SS_0;TID 8476
2016-06-06 09:26:14.002098;cgate.env;;Registered default p2 logger cgate.connection.p2.;TID 8476
2016-06-06 09:26:14.002147;cgate.connection.p2;;init: connection init. Connection settings: p2tcp://127.0.0.1:4001;app_name=SS_0;name=noname1 @cee{name: , obj: 0x1001F4A0, thread: 8476};TID 8476
2016-06-06 09:26:14.002176;cgate.env;;New connection was registered: noname1.;TID 8476
2016-06-06 09:26:14.002207;cgate.user;;cg_conn_new settings: p2tcp://127.0.0.1:4001;app_name=SS_1;TID 8328
2016-06-06 09:26:14.002244;cgate.connection.p2;;init: connection init. Connection settings: p2tcp://127.0.0.1:4001;app_name=SS_1;name=noname2 @cee{name: , obj: 0x1001FB80, thread: 8328};TID 8328
2016-06-06 09:26:14.002255;cgate.env;;New connection was registered: noname2.;TID 8328
2016-06-06 09:26:14.002268;cgate.user;;cg_conn_new settings: p2tcp://127.0.0.1:4001;app_name=SS_2;TID 948
2016-06-06 09:26:14.002291;cgate.connection.p2;;init: connection init. Connection settings: p2tcp://127.0.0.1:4001;app_name=SS_2;name=noname3 @cee{name: , obj: 0x1001FD38, thread: 948};TID 948
2016-06-06 09:26:14.002301;cgate.env;;New connection was registered: noname3.;TID 948
2016-06-06 09:26:14.002313;cgate.user;;cg_conn_new settings: p2tcp://127.0.0.1:4001;app_name=SS_3;TID 8044
2016-06-06 09:26:14.002331;cgate.connection.p2;;init: connection init. Connection settings: p2tcp://127.0.0.1:4001;app_name=SS_3;name=noname4 @cee{name: , obj: 0x1001F130, thread: 8044};TID 8044
2016-06-06 09:26:14.002342;cgate.env;;New connection was registered: noname4.;TID 8044
2016-06-06 09:26:14.002551;cgate.user;;cg_conn_new settings: p2tcp://127.0.0.1:4001;app_name=SS_4;TID 5876
2016-06-06 09:26:14.002564;cgate.connection.p2;;init: connection init. Connection settings: p2tcp://127.0.0.1:4001;app_name=SS_4;name=noname5 @cee{name: , obj: 0x1001F2E8, thread: 5876};TID 5876
2016-06-06 09:26:14.002573;cgate.env;;New connection was registered: noname5.;TID 5876
2016-06-06 09:26:14.002578;cgate.user;;cg_conn_open: 1001F4D8;TID 8476
2016-06-06 09:26:14.002580;cgate.user;;cg_conn_open settings: ;TID 8476
2016-06-06 09:26:14.002581;cgate.user;;cg_conn_open: 1001F320;TID 5876
2016-06-06 09:26:14.002582;cgate.user;;cg_conn_open settings: ;TID 5876
2016-06-06 09:26:14.002582;cgate.connection.p2;;open: connection open. @cee{name: noname1, obj: 0x1001F4A0, thread: 8476};TID 8476
2016-06-06 09:26:14.002584;cgate.connection.p2;;open: connection open. @cee{name: noname5, obj: 0x1001F2E8, thread: 5876};TID 5876
2016-06-06 09:26:14.002601;cgate.connection.p2;;P2MQ connection string: appName=SS_0;host=127.0.0.1;port=4001;
 @cee{name: noname1, obj: 0x1001F4A0, thread: 8476};TID 8476
2016-06-06 09:26:14.002602;cgate.connection.p2;;P2MQ connection string: appName=SS_4;host=127.0.0.1;port=4001;
 @cee{name: noname5, obj: 0x1001F2E8, thread: 5876};TID 5876
2016-06-06 09:26:14.002619;cgate.user;;cg_conn_open: 1001FD70;TID 948
2016-06-06 09:26:14.002646;cgate.user;;cg_conn_open settings: ;TID 948
2016-06-06 09:26:14.002647;cgate.connection.p2;;open: connection open. @cee{name: noname3, obj: 0x1001FD38, thread: 948};TID 948
2016-06-06 09:26:14.002653;cgate.connection.p2;;P2MQ connection string: appName=SS_2;host=127.0.0.1;port=4001;
 @cee{name: noname3, obj: 0x1001FD38, thread: 948};TID 948
2016-06-06 09:26:14.002675;cgate.user;;cg_conn_open: 1001FBB8;TID 8328
2016-06-06 09:26:14.002678;cgate.user;;cg_conn_open: 1001F168;TID 8044
2016-06-06 09:26:14.002681;cgate.user;;cg_conn_open settings: ;TID 8044
2016-06-06 09:26:14.002680;cgate.user;;cg_conn_open settings: ;TID 8328
2016-06-06 09:26:14.002683;cgate.connection.p2;;open: connection open. @cee{name: noname4, obj: 0x1001F130, thread: 8044};TID 8044
2016-06-06 09:26:14.002687;cgate.connection.p2;;open: connection open. @cee{name: noname2, obj: 0x1001FB80, thread: 8328};TID 8328
2016-06-06 09:26:14.002690;cgate.connection.p2;;P2MQ connection string: appName=SS_3;host=127.0.0.1;port=4001;
 @cee{name: noname4, obj: 0x1001F130, thread: 8044};TID 8044
2016-06-06 09:26:14.002697;cgate.connection.p2;;P2MQ connection string: appName=SS_1;host=127.0.0.1;port=4001;
 @cee{name: noname2, obj: 0x1001FB80, thread: 8328};TID 8328
2016-06-06 09:26:14.004090;p2mq-cli;;Connection 0xFEC6238 connected; mq-conn 0x5; router state 'connected'; 'appName=SS_4;host=127.0.0.1;port=4001;';TID 5876
2016-06-06 09:26:14.004122;cgate.connection.p2;;State changed CLOSED -> OPENING @cee{name: noname5, obj: 0x1001F2E8, thread: 5876};TID 5876
2016-06-06 09:26:14.004139;cgate.connection.p2;;Checking certification for: 127.0.0.1:4001, key: 11111111 @cee{name: noname5, obj: 0x1001F2E8, thread: 5876};TID 5876
2016-06-06 09:26:14.004178;cgate.connection.p2;;State changed OPENING -> ACTIVE @cee{name: noname5, obj: 0x1001F2E8, thread: 5876};TID 5876
2016-06-06 09:26:14.004392;p2mq-cli;;Connection 0xFEC65C8 connected; mq-conn 0x3; router state 'connected'; 'appName=SS_2;host=127.0.0.1;port=4001;';TID 948
2016-06-06 09:26:14.004405;cgate.connection.p2;;State changed CLOSED -> OPENING @cee{name: noname3, obj: 0x1001FD38, thread: 948};TID 948
2016-06-06 09:26:14.004411;cgate.connection.p2;;Checking certification for: 127.0.0.1:4001, key: 11111111 @cee{name: noname3, obj: 0x1001FD38, thread: 948};TID 948
2016-06-06 09:26:14.004418;cgate.connection.p2;;State changed OPENING -> ACTIVE @cee{name: noname3, obj: 0x1001FD38, thread: 948};TID 948
2016-06-06 09:26:14.004766;p2mq-cli;;Connection 0xFEC6400 connected; mq-conn 0x1; router state 'connected'; 'appName=SS_0;host=127.0.0.1;port=4001;';TID 8476
2016-06-06 09:26:14.004775;cgate.connection.p2;;State changed CLOSED -> OPENING @cee{name: noname1, obj: 0x1001F4A0, thread: 8476};TID 8476
2016-06-06 09:26:14.004779;cgate.connection.p2;;Checking certification for: 127.0.0.1:4001, key: 11111111 @cee{name: noname1, obj: 0x1001F4A0, thread: 8476};TID 8476
2016-06-06 09:26:14.004786;cgate.connection.p2;;State changed OPENING -> ACTIVE @cee{name: noname1, obj: 0x1001F4A0, thread: 8476};TID 8476
2016-06-06 09:26:14.005104;p2mq-cli;;Connection 0xFEC6790 connected; mq-conn 0x4; router state 'connected'; 'appName=SS_3;host=127.0.0.1;port=4001;';TID 8044
2016-06-06 09:26:14.005125;cgate.connection.p2;;State changed CLOSED -> OPENING @cee{name: noname4, obj: 0x1001F130, thread: 8044};TID 8044
2016-06-06 09:26:14.005130;cgate.connection.p2;;Checking certification for: 127.0.0.1:4001, key: 11111111 @cee{name: noname4, obj: 0x1001F130, thread: 8044};TID 8044
2016-06-06 09:26:14.005137;cgate.connection.p2;;State changed OPENING -> ACTIVE @cee{name: noname4, obj: 0x1001F130, thread: 8044};TID 8044
2016-06-06 09:26:14.005489;p2mq-cli;;Connection 0xFEC6958 connected; mq-conn 0x2; router state 'connected'; 'appName=SS_1;host=127.0.0.1;port=4001;';TID 8328
2016-06-06 09:26:14.005499;cgate.connection.p2;;State changed CLOSED -> OPENING @cee{name: noname2, obj: 0x1001FB80, thread: 8328};TID 8328
2016-06-06 09:26:14.005503;cgate.connection.p2;;Checking certification for: 127.0.0.1:4001, key: 11111111 @cee{name: noname2, obj: 0x1001FB80, thread: 8328};TID 8328
2016-06-06 09:26:14.005510;cgate.connection.p2;;State changed OPENING -> ACTIVE @cee{name: noname2, obj: 0x1001FB80, thread: 8328};TID 8328
2016-06-06 09:26:14.019262;cgate.user;;cg_pub_new settings: p2mq://SOFTWARE_AUTH;category=CERT_MSG;format=raw;name=certlistner_1001F320;timeout=10000;scheme=noscheme;TID 5876
2016-06-06 09:26:14.019264;cgate.user;;cg_pub_new settings: p2mq://SOFTWARE_AUTH;category=CERT_MSG;format=raw;name=certlistner_1001FD70;timeout=10000;scheme=noscheme;TID 948
2016-06-06 09:26:14.019265;cgate.user;;cg_pub_new settings: p2mq://SOFTWARE_AUTH;category=CERT_MSG;format=raw;name=certlistner_1001F4D8;timeout=10000;scheme=noscheme;TID 8476
2016-06-06 09:26:14.019266;cgate.user;;cg_pub_new settings: p2mq://SOFTWARE_AUTH;category=CERT_MSG;format=raw;name=certlistner_1001F168;timeout=10000;scheme=noscheme;TID 8044
2016-06-06 09:26:14.019325;cgate.env;;Registered default p2 logger cgate.publisher.p2mq.;TID 948
2016-06-06 09:26:14.019338;cgate.env;;Registered default p2 logger scheme.;TID 948
2016-06-06 09:26:14.019382;cgate.publisher.p2mq;;init: init publisher. @cee{name: , obj: 0x100201A8, thread: 948};TID 948
2016-06-06 09:26:14.019383;cgate.publisher.p2mq;;init: init publisher. @cee{name: , obj: 0x1001F658, thread: 5876};TID 5876
2016-06-06 09:26:14.019384;cgate.publisher.p2mq;;init: init publisher. @cee{name: , obj: 0x10046CF0, thread: 8476};TID 8476
2016-06-06 09:26:14.019384;cgate.publisher.p2mq;;init: init publisher. @cee{name: , obj: 0xFEF0AD8, thread: 8044};TID 8044
2016-06-06 09:26:14.019420;cgate.env;;New publisher was registered: certlistner_1001FD70.;TID 948
2016-06-06 09:26:14.019426;cgate.env;;New publisher was registered: certlistner_1001F4D8.;TID 8476
2016-06-06 09:26:14.019434;cgate.env;;New publisher was registered: certlistner_1001F168.;TID 8044
2016-06-06 09:26:14.019442;cgate.env;;New publisher was registered: certlistner_1001F320.;TID 5876
2016-06-06 09:26:14.019448;cgate.user;;cg_lsn_new settings: p2mqreply://;category=CERT_MSG;format=raw;ref=certlistner_1001F168;scheme=noscheme;TID 8044
2016-06-06 09:26:14.019448;cgate.user;;cg_lsn_new settings: p2mqreply://;category=CERT_MSG;format=raw;ref=certlistner_1001FD70;scheme=noscheme;TID 948
2016-06-06 09:26:14.019449;cgate.user;;cg_lsn_new settings: p2mqreply://;category=CERT_MSG;format=raw;ref=certlistner_1001F4D8;scheme=noscheme;TID 8476
2016-06-06 09:26:14.019451;cgate.user;;cg_lsn_new settings: p2mqreply://;category=CERT_MSG;format=raw;ref=certlistner_1001F320;scheme=noscheme;TID 5876
2016-06-06 09:26:14.019494;cgate.env;;Registered default p2 logger cgate.listener.p2mqreply.;TID 5876
2016-06-06 09:26:14.019506;cgate.listener.p2mqreply;;init: init listener: p2mqreply://;category=CERT_MSG;format=raw;ref=certlistner_1001F320;scheme=noscheme;name=noname9. @cee{name: , obj: 0x10054338, thread: 5876};TID 5876
2016-06-06 09:26:14.019506;cgate.listener.p2mqreply;;init: init listener: p2mqreply://;category=CERT_MSG;format=raw;ref=certlistner_1001F168;scheme=noscheme;name=noname6. @cee{name: , obj: 0x10054680, thread: 8044};TID 8044
2016-06-06 09:26:14.019508;cgate.listener.p2mqreply;;init: init listener: p2mqreply://;category=CERT_MSG;format=raw;ref=certlistner_1001FD70;scheme=noscheme;name=noname7. @cee{name: , obj: 0x100531B8, thread: 948};TID 948
2016-06-06 09:26:14.019510;cgate.listener.p2mqreply;;init: init listener: p2mqreply://;category=CERT_MSG;format=raw;ref=certlistner_1001F4D8;scheme=noscheme;name=noname8. @cee{name: , obj: 0x10054450, thread: 8476};TID 8476
2016-06-06 09:26:14.019517;cgate.env;;New listener was registered: noname9.;TID 5876
2016-06-06 09:26:14.019521;cgate.env;;New listener was registered: noname6.;TID 8044
2016-06-06 09:26:14.019524;cgate.user;;cg_pub_open: FEF0B14;TID 8044
2016-06-06 09:26:14.019525;cgate.user;;cg_pub_open: 1001F694;TID 5876
2016-06-06 09:26:14.019527;cgate.env;;New listener was registered: noname8.;TID 8476
2016-06-06 09:26:14.019532;cgate.env;;New listener was registered: noname7.;TID 948
2016-06-06 09:26:14.019534;cgate.user;;cg_pub_open: 10046D2C;TID 8476
2016-06-06 09:26:14.019535;cgate.user;;cg_pub_open: 100201E4;TID 948
2016-06-06 09:26:14.019535;cgate.publisher.p2mq;;open: (null). @cee{name: certlistner_1001F168, obj: 0xFEF0AD8, thread: 8044};TID 8044
2016-06-06 09:26:14.019536;cgate.publisher.p2mq;;open: (null). @cee{name: certlistner_1001F320, obj: 0x1001F658, thread: 5876};TID 5876
2016-06-06 09:26:14.019538;cgate.publisher.p2mq;;open: (null). @cee{name: certlistner_1001FD70, obj: 0x100201A8, thread: 948};TID 948
2016-06-06 09:26:14.019537;cgate.publisher.p2mq;;open: (null). @cee{name: certlistner_1001F4D8, obj: 0x10046CF0, thread: 8476};TID 8476
2016-06-06 09:26:14.019545;cgate.publisher.p2mq;;State changed CLOSED -> OPENING @cee{name: certlistner_1001F168, obj: 0xFEF0AD8, thread: 8044};TID 8044
2016-06-06 09:26:14.019547;cgate.publisher.p2mq;;State changed CLOSED -> OPENING @cee{name: certlistner_1001F320, obj: 0x1001F658, thread: 5876};TID 5876
2016-06-06 09:26:14.019561;cgate.publisher.p2mq;;open: settings scheme is noscheme. @cee{name: certlistner_1001F168, obj: 0xFEF0AD8, thread: 8044};TID 8044
2016-06-06 09:26:14.019550;cgate.publisher.p2mq;;State changed CLOSED -> OPENING @cee{name: certlistner_1001F4D8, obj: 0x10046CF0, thread: 8476};TID 8476
2016-06-06 09:26:14.019561;cgate.publisher.p2mq;;open: settings scheme is noscheme. @cee{name: certlistner_1001F320, obj: 0x1001F658, thread: 5876};TID 5876
2016-06-06 09:26:14.019548;cgate.publisher.p2mq;;State changed CLOSED -> OPENING @cee{name: certlistner_1001FD70, obj: 0x100201A8, thread: 948};TID 948
2016-06-06 09:26:14.019563;cgate.publisher.p2mq;;open: settings scheme is noscheme. @cee{name: certlistner_1001F4D8, obj: 0x10046CF0, thread: 8476};TID 8476
2016-06-06 09:26:14.019564;cgate.publisher.p2mq;;open: settings scheme is noscheme. @cee{name: certlistner_1001FD70, obj: 0x100201A8, thread: 948};TID 948
2016-06-06 09:26:14.019727;p2mq-cli;;Service 'SOFTWARE_AUTH' resolved at 'P2PROXY-01.jcertserv'; mq-conn 0x3;TID 948
2016-06-06 09:26:14.019738;cgate.publisher.p2mq;;State changed OPENING -> ACTIVE @cee{name: certlistner_1001FD70, obj: 0x100201A8, thread: 948};TID 948
2016-06-06 09:26:14.019742;cgate.user;;cg_lsn_open: 100531F4;TID 948
2016-06-06 09:26:14.019741;p2mq-cli;;Service 'SOFTWARE_AUTH' resolved at 'P2PROXY-01.jcertserv'; mq-conn 0x5;TID 5876
2016-06-06 09:26:14.019751;cgate.publisher.p2mq;;State changed OPENING -> ACTIVE @cee{name: certlistner_1001F320, obj: 0x1001F658, thread: 5876};TID 5876
2016-06-06 09:26:14.019753;cgate.listener.p2mqreply;;Open (null) @cee{name: noname7, obj: 0x100531B8, thread: 948};TID 948
2016-06-06 09:26:14.019754;cgate.user;;cg_lsn_open: 10054374;TID 5876
2016-06-06 09:26:14.019755;cgate.listener.p2mqreply;;open: (null). @cee{name: noname7, obj: 0x100531B8, thread: 948};TID 948
2016-06-06 09:26:14.019756;cgate.listener.p2mqreply;;Open (null) @cee{name: noname9, obj: 0x10054338, thread: 5876};TID 5876
2016-06-06 09:26:14.019758;cgate.listener.p2mqreply;;open: (null). @cee{name: noname9, obj: 0x10054338, thread: 5876};TID 5876
2016-06-06 09:26:14.019793;cgate.publisher.p2mq;;addHandler: 0x10053284. @cee{name: certlistner_1001FD70, obj: 0x100201A8, thread: 948};TID 948
2016-06-06 09:26:14.019794;cgate.publisher.p2mq;;addHandler: 0x10054404. @cee{name: certlistner_1001F320, obj: 0x1001F658, thread: 5876};TID 5876
2016-06-06 09:26:14.019799;cgate.listener.p2mqreply;;State changed CLOSED -> ACTIVE @cee{name: noname7, obj: 0x100531B8, thread: 948};TID 948
2016-06-06 09:26:14.019801;cgate.listener.p2mqreply;;State changed CLOSED -> ACTIVE @cee{name: noname9, obj: 0x10054338, thread: 5876};TID 5876
2016-06-06 09:26:14.019805;p2mq-cli;;Service 'SOFTWARE_AUTH' resolved at 'P2PROXY-01.jcertserv'; mq-conn 0x1;TID 8476
2016-06-06 09:26:14.019815;cgate.publisher.p2mq;;State changed OPENING -> ACTIVE @cee{name: certlistner_1001F4D8, obj: 0x10046CF0, thread: 8476};TID 8476
2016-06-06 09:26:14.019817;cgate.user;;cg_lsn_open: 1005448C;TID 8476
2016-06-06 09:26:14.019820;cgate.listener.p2mqreply;;Open (null) @cee{name: noname8, obj: 0x10054450, thread: 8476};TID 8476
2016-06-06 09:26:14.019822;cgate.listener.p2mqreply;;open: (null). @cee{name: noname8, obj: 0x10054450, thread: 8476};TID 8476
2016-06-06 09:26:14.019827;cgate.publisher.p2mq;;addHandler: 0x1005451C. @cee{name: certlistner_1001F4D8, obj: 0x10046CF0, thread: 8476};TID 8476
2016-06-06 09:26:14.019834;cgate.listener.p2mqreply;;State changed CLOSED -> ACTIVE @cee{name: noname8, obj: 0x10054450, thread: 8476};TID 8476
2016-06-06 09:26:14.019884;p2mq-cli;;Service 'SOFTWARE_AUTH' resolved at 'P2PROXY-01.jcertserv'; mq-conn 0x4;TID 8044
2016-06-06 09:26:14.019894;cgate.publisher.p2mq;;State changed OPENING -> ACTIVE @cee{name: certlistner_1001F168, obj: 0xFEF0AD8, thread: 8044};TID 8044
2016-06-06 09:26:14.019897;cgate.user;;cg_lsn_open: 100546BC;TID 8044
2016-06-06 09:26:14.019899;cgate.listener.p2mqreply;;Open (null) @cee{name: noname6, obj: 0x10054680, thread: 8044};TID 8044
2016-06-06 09:26:14.019901;cgate.listener.p2mqreply;;open: (null). @cee{name: noname6, obj: 0x10054680, thread: 8044};TID 8044
2016-06-06 09:26:14.019904;cgate.publisher.p2mq;;addHandler: 0x1005474C. @cee{name: certlistner_1001F168, obj: 0xFEF0AD8, thread: 8044};TID 8044
2016-06-06 09:26:14.019911;cgate.listener.p2mqreply;;State changed CLOSED -> ACTIVE @cee{name: noname6, obj: 0x10054680, thread: 8044};TID 8044
2016-06-06 09:26:14.020229;cgate.user;;cg_pub_new settings: p2mq://SOFTWARE_AUTH;category=CERT_MSG;format=raw;name=certlistner_1001FBB8;timeout=10000;scheme=noscheme;TID 8328
2016-06-06 09:26:14.020253;cgate.publisher.p2mq;;init: init publisher. @cee{name: , obj: 0x1001F810, thread: 8328};TID 8328
2016-06-06 09:26:14.020267;cgate.env;;New publisher was registered: certlistner_1001FBB8.;TID 8328
2016-06-06 09:26:14.020280;cgate.user;;cg_lsn_new settings: p2mqreply://;category=CERT_MSG;format=raw;ref=certlistner_1001FBB8;scheme=noscheme;TID 8328
2016-06-06 09:26:14.020299;cgate.listener.p2mqreply;;init: init listener: p2mqreply://;category=CERT_MSG;format=raw;ref=certlistner_1001FBB8;scheme=noscheme;name=noname10. @cee{name: , obj: 0x10054568, thread: 8328};TID 8328
2016-06-06 09:26:14.020308;cgate.env;;New listener was registered: noname10.;TID 8328
2016-06-06 09:26:14.020310;cgate.user;;cg_pub_open: 1001F84C;TID 8328
2016-06-06 09:26:14.020312;cgate.publisher.p2mq;;open: (null). @cee{name: certlistner_1001FBB8, obj: 0x1001F810, thread: 8328};TID 8328
2016-06-06 09:26:14.020318;cgate.publisher.p2mq;;State changed CLOSED -> OPENING @cee{name: certlistner_1001FBB8, obj: 0x1001F810, thread: 8328};TID 8328
2016-06-06 09:26:14.020321;cgate.publisher.p2mq;;open: settings scheme is noscheme. @cee{name: certlistner_1001FBB8, obj: 0x1001F810, thread: 8328};TID 8328
2016-06-06 09:26:14.020471;p2mq-cli;;Service 'SOFTWARE_AUTH' resolved at 'P2PROXY-01.jcertserv'; mq-conn 0x2;TID 8328
2016-06-06 09:26:14.020483;cgate.publisher.p2mq;;State changed OPENING -> ACTIVE @cee{name: certlistner_1001FBB8, obj: 0x1001F810, thread: 8328};TID 8328
2016-06-06 09:26:14.020486;cgate.user;;cg_lsn_open: 100545A4;TID 8328
2016-06-06 09:26:14.020488;cgate.listener.p2mqreply;;Open (null) @cee{name: noname10, obj: 0x10054568, thread: 8328};TID 8328
2016-06-06 09:26:14.020501;cgate.listener.p2mqreply;;open: (null). @cee{name: noname10, obj: 0x10054568, thread: 8328};TID 8328
2016-06-06 09:26:14.020505;cgate.publisher.p2mq;;addHandler: 0x10054634. @cee{name: certlistner_1001FBB8, obj: 0x1001F810, thread: 8328};TID 8328
2016-06-06 09:26:14.020511;cgate.listener.p2mqreply;;State changed CLOSED -> ACTIVE @cee{name: noname10, obj: 0x10054568, thread: 8328};TID 8328
2016-06-06 09:26:14.049430;cgate.connection.p2;;Response from cert service was received. @cee{name: noname5, obj: 0x1001F2E8, thread: 5876};TID 5876
2016-06-06 09:26:14.049439;cgate.connection.p2;;Connection was successfully verified: 127.0.0.1:4001 @cee{name: noname5, obj: 0x1001F2E8, thread: 5876};TID 5876
2016-06-06 09:26:14.049453;cgate.user;;cg_pub_destroy: 1001F694;TID 5876
2016-06-06 09:26:14.049455;cgate.publisher.p2mq;;Close @cee{name: certlistner_1001F320, obj: 0x1001F658, thread: 5876};TID 5876
2016-06-06 09:26:14.049458;cgate.publisher.p2mq;;close. @cee{name: certlistner_1001F320, obj: 0x1001F658, thread: 5876};TID 5876
2016-06-06 09:26:14.049471;cgate.publisher.p2mq;;State changed ACTIVE -> CLOSED @cee{name: certlistner_1001F320, obj: 0x1001F658, thread: 5876};TID 5876
2016-06-06 09:26:14.049473;cgate.publisher.p2mq;;close: notify listeners publisher is closing. @cee{name: certlistner_1001F320, obj: 0x1001F658, thread: 5876};TID 5876
2016-06-06 09:26:14.049475;cgate.publisher.p2mq;;done: done publisher. @cee{name: certlistner_1001F320, obj: 0x1001F658, thread: 5876};TID 5876
2016-06-06 09:26:14.049478;cgate.publisher.p2mq;;done: notify listeners publisher is destroyed. @cee{name: certlistner_1001F320, obj: 0x1001F658, thread: 5876};TID 5876
2016-06-06 09:26:14.049480;cgate.listener.p2mqreply;;listener will be closed because ref publisher certlistner_1001F320 is done @cee{name: noname9, obj: 0x10054338, thread: 5876};TID 5876
2016-06-06 09:26:14.049483;cgate.listener.p2mqreply;;Close @cee{name: noname9, obj: 0x10054338, thread: 5876};TID 5876
2016-06-06 09:26:14.049486;cgate.listener.p2mqreply;;Post close messages (parent) @cee{name: noname9, obj: 0x10054338, thread: 5876};TID 5876
2016-06-06 09:26:14.049488;cgate.listener.p2mqreply;;close. @cee{name: noname9, obj: 0x10054338, thread: 5876};TID 5876
2016-06-06 09:26:14.049490;cgate.publisher.p2mq;;removeHandler: 0x10054404. @cee{name: certlistner_1001F320, obj: 0x1001F658, thread: 5876};TID 5876
2016-06-06 09:26:14.049496;cgate.listener.p2mqreply;;State changed ACTIVE -> CLOSED @cee{name: noname9, obj: 0x10054338, thread: 5876};TID 5876
2016-06-06 09:26:14.049506;cgate.env;;Publisher was unregistered: 0x1001F694.;TID 5876
2016-06-06 09:26:14.049510;cgate.user;;cg_lsn_destroy: 10054374;TID 5876
2016-06-06 09:26:14.049512;cgate.listener.p2mqreply;;Done @cee{name: noname9, obj: 0x10054338, thread: 5876};TID 5876
2016-06-06 09:26:14.049514;cgate.listener.p2mqreply;;done: done listener. @cee{name: noname9, obj: 0x10054338, thread: 5876};TID 5876
2016-06-06 09:26:14.049519;cgate.env;;Listener was unregistered: 0x10054374.;TID 5876
2016-06-06 09:26:14.050220;cgate.connection.p2;;Response from cert service was received. @cee{name: noname3, obj: 0x1001FD38, thread: 948};TID 948
2016-06-06 09:26:14.050224;cgate.connection.p2;;Response from cert service was received. @cee{name: noname1, obj: 0x1001F4A0, thread: 8476};TID 8476
2016-06-06 09:26:14.050226;cgate.connection.p2;;Connection was successfully verified: 127.0.0.1:4001 @cee{name: noname3, obj: 0x1001FD38, thread: 948};TID 948
2016-06-06 09:26:14.050228;cgate.user;;cg_pub_destroy: 100201E4;TID 948
2016-06-06 09:26:14.050229;cgate.connection.p2;;Connection was successfully verified: 127.0.0.1:4001 @cee{name: noname1, obj: 0x1001F4A0, thread: 8476};TID 8476
2016-06-06 09:26:14.050230;cgate.publisher.p2mq;;Close @cee{name: certlistner_1001FD70, obj: 0x100201A8, thread: 948};TID 948
2016-06-06 09:26:14.050232;cgate.user;;cg_pub_destroy: 10046D2C;TID 8476
2016-06-06 09:26:14.050234;cgate.publisher.p2mq;;Close @cee{name: certlistner_1001F4D8, obj: 0x10046CF0, thread: 8476};TID 8476
2016-06-06 09:26:14.050234;cgate.publisher.p2mq;;close. @cee{name: certlistner_1001FD70, obj: 0x100201A8, thread: 948};TID 948
2016-06-06 09:26:14.050236;cgate.publisher.p2mq;;close. @cee{name: certlistner_1001F4D8, obj: 0x10046CF0, thread: 8476};TID 8476
2016-06-06 09:26:14.050244;cgate.publisher.p2mq;;State changed ACTIVE -> CLOSED @cee{name: certlistner_1001FD70, obj: 0x100201A8, thread: 948};TID 948
2016-06-06 09:26:14.050245;cgate.publisher.p2mq;;State changed ACTIVE -> CLOSED @cee{name: certlistner_1001F4D8, obj: 0x10046CF0, thread: 8476};TID 8476
2016-06-06 09:26:14.050246;cgate.publisher.p2mq;;close: notify listeners publisher is closing. @cee{name: certlistner_1001FD70, obj: 0x100201A8, thread: 948};TID 948
2016-06-06 09:26:14.050248;cgate.publisher.p2mq;;close: notify listeners publisher is closing. @cee{name: certlistner_1001F4D8, obj: 0x10046CF0, thread: 8476};TID 8476
2016-06-06 09:26:14.050248;cgate.publisher.p2mq;;done: done publisher. @cee{name: certlistner_1001FD70, obj: 0x100201A8, thread: 948};TID 948
2016-06-06 09:26:14.050250;cgate.publisher.p2mq;;done: done publisher. @cee{name: certlistner_1001F4D8, obj: 0x10046CF0, thread: 8476};TID 8476
2016-06-06 09:26:14.050251;cgate.publisher.p2mq;;done: notify listeners publisher is destroyed. @cee{name: certlistner_1001FD70, obj: 0x100201A8, thread: 948};TID 948
2016-06-06 09:26:14.050253;cgate.publisher.p2mq;;done: notify listeners publisher is destroyed. @cee{name: certlistner_1001F4D8, obj: 0x10046CF0, thread: 8476};TID 8476
2016-06-06 09:26:14.050254;cgate.listener.p2mqreply;;listener will be closed because ref publisher certlistner_1001FD70 is done @cee{name: noname7, obj: 0x100531B8, thread: 948};TID 948
2016-06-06 09:26:14.050256;cgate.listener.p2mqreply;;listener will be closed because ref publisher certlistner_1001F4D8 is done @cee{name: noname8, obj: 0x10054450, thread: 8476};TID 8476
2016-06-06 09:26:14.050256;cgate.listener.p2mqreply;;Close @cee{name: noname7, obj: 0x100531B8, thread: 948};TID 948
2016-06-06 09:26:14.050258;cgate.listener.p2mqreply;;Close @cee{name: noname8, obj: 0x10054450, thread: 8476};TID 8476
2016-06-06 09:26:14.050259;cgate.listener.p2mqreply;;Post close messages (parent) @cee{name: noname7, obj: 0x100531B8, thread: 948};TID 948
2016-06-06 09:26:14.050260;cgate.listener.p2mqreply;;Post close messages (parent) @cee{name: noname8, obj: 0x10054450, thread: 8476};TID 8476
2016-06-06 09:26:14.050261;cgate.listener.p2mqreply;;close. @cee{name: noname7, obj: 0x100531B8, thread: 948};TID 948
2016-06-06 09:26:14.050262;cgate.listener.p2mqreply;;close. @cee{name: noname8, obj: 0x10054450, thread: 8476};TID 8476
2016-06-06 09:26:14.050263;cgate.publisher.p2mq;;removeHandler: 0x10053284. @cee{name: certlistner_1001FD70, obj: 0x100201A8, thread: 948};TID 948
2016-06-06 09:26:14.050266;cgate.publisher.p2mq;;removeHandler: 0x1005451C. @cee{name: certlistner_1001F4D8, obj: 0x10046CF0, thread: 8476};TID 8476
2016-06-06 09:26:14.050265;cgate.connection.p2;;Response from cert service was received. @cee{name: noname4, obj: 0x1001F130, thread: 8044};TID 8044
2016-06-06 09:26:14.050269;cgate.listener.p2mqreply;;State changed ACTIVE -> CLOSED @cee{name: noname7, obj: 0x100531B8, thread: 948};TID 948
2016-06-06 09:26:14.050271;cgate.connection.p2;;Connection was successfully verified: 127.0.0.1:4001 @cee{name: noname4, obj: 0x1001F130, thread: 8044};TID 8044
2016-06-06 09:26:14.050272;cgate.listener.p2mqreply;;State changed ACTIVE -> CLOSED @cee{name: noname8, obj: 0x10054450, thread: 8476};TID 8476
2016-06-06 09:26:14.050274;cgate.user;;cg_pub_destroy: FEF0B14;TID 8044
2016-06-06 09:26:14.050276;cgate.publisher.p2mq;;Close @cee{name: certlistner_1001F168, obj: 0xFEF0AD8, thread: 8044};TID 8044
2016-06-06 09:26:14.050278;cgate.env;;Publisher was unregistered: 0x100201E4.;TID 948
2016-06-06 09:26:14.050279;cgate.publisher.p2mq;;close. @cee{name: certlistner_1001F168, obj: 0xFEF0AD8, thread: 8044};TID 8044
2016-06-06 09:26:14.050282;cgate.user;;cg_lsn_destroy: 100531F4;TID 948
2016-06-06 09:26:14.050284;cgate.listener.p2mqreply;;Done @cee{name: noname7, obj: 0x100531B8, thread: 948};TID 948
2016-06-06 09:26:14.050285;cgate.env;;Publisher was unregistered: 0x10046D2C.;TID 8476
2016-06-06 09:26:14.050286;cgate.listener.p2mqreply;;done: done listener. @cee{name: noname7, obj: 0x100531B8, thread: 948};TID 948
2016-06-06 09:26:14.050287;cgate.publisher.p2mq;;State changed ACTIVE -> CLOSED @cee{name: certlistner_1001F168, obj: 0xFEF0AD8, thread: 8044};TID 8044
2016-06-06 09:26:14.050289;cgate.user;;cg_lsn_destroy: 1005448C;TID 8476
2016-06-06 09:26:14.050290;cgate.publisher.p2mq;;close: notify listeners publisher is closing. @cee{name: certlistner_1001F168, obj: 0xFEF0AD8, thread: 8044};TID 8044
2016-06-06 09:26:14.050291;cgate.listener.p2mqreply;;Done @cee{name: noname8, obj: 0x10054450, thread: 8476};TID 8476
2016-06-06 09:26:14.050291;cgate.env;;Listener was unregistered: 0x100531F4.;TID 948
2016-06-06 09:26:14.050293;cgate.publisher.p2mq;;done: done publisher. @cee{name: certlistner_1001F168, obj: 0xFEF0AD8, thread: 8044};TID 8044
2016-06-06 09:26:14.050293;cgate.listener.p2mqreply;;done: done listener. @cee{name: noname8, obj: 0x10054450, thread: 8476};TID 8476
2016-06-06 09:26:14.050295;cgate.publisher.p2mq;;done: notify listeners publisher is destroyed. @cee{name: certlistner_1001F168, obj: 0xFEF0AD8, thread: 8044};TID 8044
2016-06-06 09:26:14.050298;cgate.listener.p2mqreply;;listener will be closed because ref publisher certlistner_1001F168 is done @cee{name: noname6, obj: 0x10054680, thread: 8044};TID 8044
2016-06-06 09:26:14.050298;cgate.env;;Listener was unregistered: 0x1005448C.;TID 8476
2016-06-06 09:26:14.050300;cgate.listener.p2mqreply;;Close @cee{name: noname6, obj: 0x10054680, thread: 8044};TID 8044
2016-06-06 09:26:14.050303;cgate.listener.p2mqreply;;Post close messages (parent) @cee{name: noname6, obj: 0x10054680, thread: 8044};TID 8044
2016-06-06 09:26:14.050304;cgate.listener.p2mqreply;;close. @cee{name: noname6, obj: 0x10054680, thread: 8044};TID 8044
2016-06-06 09:26:14.050307;cgate.publisher.p2mq;;removeHandler: 0x1005474C. @cee{name: certlistner_1001F168, obj: 0xFEF0AD8, thread: 8044};TID 8044
2016-06-06 09:26:14.050313;cgate.listener.p2mqreply;;State changed ACTIVE -> CLOSED @cee{name: noname6, obj: 0x10054680, thread: 8044};TID 8044
2016-06-06 09:26:14.050320;cgate.env;;Publisher was unregistered: 0xFEF0B14.;TID 8044
2016-06-06 09:26:14.050323;cgate.user;;cg_lsn_destroy: 100546BC;TID 8044
2016-06-06 09:26:14.050324;cgate.listener.p2mqreply;;Done @cee{name: noname6, obj: 0x10054680, thread: 8044};TID 8044
2016-06-06 09:26:14.050326;cgate.listener.p2mqreply;;done: done listener. @cee{name: noname6, obj: 0x10054680, thread: 8044};TID 8044
2016-06-06 09:26:14.050330;cgate.env;;Listener was unregistered: 0x100546BC.;TID 8044
2016-06-06 09:26:14.051205;cgate.connection.p2;;Response from cert service was received. @cee{name: noname2, obj: 0x1001FB80, thread: 8328};TID 8328
2016-06-06 09:26:14.051209;cgate.connection.p2;;Connection was successfully verified: 127.0.0.1:4001 @cee{name: noname2, obj: 0x1001FB80, thread: 8328};TID 8328
2016-06-06 09:26:14.051210;cgate.user;;cg_pub_destroy: 1001F84C;TID 8328
2016-06-06 09:26:14.051212;cgate.publisher.p2mq;;Close @cee{name: certlistner_1001FBB8, obj: 0x1001F810, thread: 8328};TID 8328
2016-06-06 09:26:14.051215;cgate.publisher.p2mq;;close. @cee{name: certlistner_1001FBB8, obj: 0x1001F810, thread: 8328};TID 8328
2016-06-06 09:26:14.051222;cgate.publisher.p2mq;;State changed ACTIVE -> CLOSED @cee{name: certlistner_1001FBB8, obj: 0x1001F810, thread: 8328};TID 8328
2016-06-06 09:26:14.051225;cgate.publisher.p2mq;;close: notify listeners publisher is closing. @cee{name: certlistner_1001FBB8, obj: 0x1001F810, thread: 8328};TID 8328
2016-06-06 09:26:14.051227;cgate.publisher.p2mq;;done: done publisher. @cee{name: certlistner_1001FBB8, obj: 0x1001F810, thread: 8328};TID 8328
2016-06-06 09:26:14.051230;cgate.publisher.p2mq;;done: notify listeners publisher is destroyed. @cee{name: certlistner_1001FBB8, obj: 0x1001F810, thread: 8328};TID 8328
2016-06-06 09:26:14.051232;cgate.listener.p2mqreply;;listener will be closed because ref publisher certlistner_1001FBB8 is done @cee{name: noname10, obj: 0x10054568, thread: 8328};TID 8328
2016-06-06 09:26:14.051234;cgate.listener.p2mqreply;;Close @cee{name: noname10, obj: 0x10054568, thread: 8328};TID 8328
2016-06-06 09:26:14.051236;cgate.listener.p2mqreply;;Post close messages (parent) @cee{name: noname10, obj: 0x10054568, thread: 8328};TID 8328
2016-06-06 09:26:14.051237;cgate.listener.p2mqreply;;close. @cee{name: noname10, obj: 0x10054568, thread: 8328};TID 8328
2016-06-06 09:26:14.051239;cgate.publisher.p2mq;;removeHandler: 0x10054634. @cee{name: certlistner_1001FBB8, obj: 0x1001F810, thread: 8328};TID 8328
2016-06-06 09:26:14.051243;cgate.listener.p2mqreply;;State changed ACTIVE -> CLOSED @cee{name: noname10, obj: 0x10054568, thread: 8328};TID 8328
2016-06-06 09:26:14.051249;cgate.env;;Publisher was unregistered: 0x1001F84C.;TID 8328
2016-06-06 09:26:14.051251;cgate.user;;cg_lsn_destroy: 100545A4;TID 8328
2016-06-06 09:26:14.051252;cgate.listener.p2mqreply;;Done @cee{name: noname10, obj: 0x10054568, thread: 8328};TID 8328
2016-06-06 09:26:14.051253;cgate.listener.p2mqreply;;done: done listener. @cee{name: noname10, obj: 0x10054568, thread: 8328};TID 8328
2016-06-06 09:26:14.051258;cgate.env;;Listener was unregistered: 0x100545A4.;TID 8328
2016-06-06 09:26:14.051981;cgate.user;;cg_lsn_new settings: p2repl://RTS_INDEX_REPL;scheme=|FILE|StockSharp_Plaza\Configs\RTS_INDEX_REPL.ini|CustReplScheme;TID 8044
2016-06-06 09:26:14.052027;cgate.env;;Registered default p2 logger cgate.listener.p2repl.;TID 8044
2016-06-06 09:26:14.052032;cgate.env;;Registered default p2 logger scheme.;TID 8044
2016-06-06 09:26:14.052042;cgate.listener.p2repl;;init: init listener: p2repl://RTS_INDEX_REPL;scheme=|FILE|StockSharp_Plaza\Configs\RTS_INDEX_REPL.ini|CustReplScheme;name=noname11. @cee{name: , obj: 0xFF56618, thread: 8044};TID 8044
2016-06-06 09:26:14.052051;cgate.user;;cg_lsn_new settings: p2repl://FORTS_FUTAGGR5_REPL;scheme=|FILE|StockSharp_Plaza\Configs\FORTS_FUTAGGR5_REPL.ini|CustReplScheme;TID 5876
2016-06-06 09:26:14.052068;cgate.listener.p2repl;;init: init listener: p2repl://FORTS_FUTAGGR5_REPL;scheme=|FILE|StockSharp_Plaza\Configs\FORTS_FUTAGGR5_REPL.ini|CustReplScheme;name=noname12. @cee{name: , obj: 0xFF405A8, thread: 5876};TID 5876
2016-06-06 09:26:14.052081;p2repl-cli;;Stream created;strm 0x101EAD40;TID 8044
2016-06-06 09:26:14.052096;p2repl-cli;;Stream created;strm 0x101EBA50;TID 5876
2016-06-06 09:26:14.052118;cgate.user;;cg_lsn_new settings: p2repl://FORTS_FUTTRADE_REPL;scheme=|FILE|StockSharp_Plaza\Configs\FORTS_FUTTRADE_REPL.ini|CustReplScheme;TID 948
2016-06-06 09:26:14.052130;cgate.env;;New listener was registered: noname11.;TID 8044
2016-06-06 09:26:14.052139;cgate.listener.p2repl;;init: init listener: p2repl://FORTS_FUTTRADE_REPL;scheme=|FILE|StockSharp_Plaza\Configs\FORTS_FUTTRADE_REPL.ini|CustReplScheme;name=noname13. @cee{name: , obj: 0xFF417E0, thread: 948};TID 948
2016-06-06 09:26:14.052140;cgate.env;;New listener was registered: noname12.;TID 5876
2016-06-06 09:26:14.052152;p2repl-cli;;Stream created;strm 0x101EDAF8;TID 948
2016-06-06 09:26:14.052165;cgate.env;;New listener was registered: noname13.;TID 948
2016-06-06 09:26:14.052406;cgate.user;;cg_pub_new settings: p2mq://FORTS_SRV;category=FORTS_MSG;name=pub_127_0_0_1_4001_SS_0;timeout=5000;scheme=|FILE|StockSharp.Plaza.Messages.ini|message;TID 8476
2016-06-06 09:26:14.052407;cgate.user;;cg_lsn_new settings: p2repl://FORTS_FUTCOMMON_REPL;scheme=|FILE|StockSharp_Plaza\Configs\FORTS_FUTCOMMON_REPL.ini|CustReplScheme;TID 8328
2016-06-06 09:26:14.052419;cgate.listener.p2repl;;init: init listener: p2repl://FORTS_FUTCOMMON_REPL;scheme=|FILE|StockSharp_Plaza\Configs\FORTS_FUTCOMMON_REPL.ini|CustReplScheme;name=noname14. @cee{name: , obj: 0xFF408F8, thread: 8328};TID 8328
2016-06-06 09:26:14.052421;cgate.env;;Registered default p2 logger cgate.publisher.p2mq.;TID 8476
2016-06-06 09:26:14.052427;p2repl-cli;;Stream created;strm 0x101EC0D8;TID 8328
2016-06-06 09:26:14.052427;cgate.publisher.p2mq;;init: init publisher. @cee{name: , obj: 0x1001F810, thread: 8476};TID 8476
2016-06-06 09:26:14.052440;cgate.env;;New publisher was registered: pub_127_0_0_1_4001_SS_0.;TID 8476
2016-06-06 09:26:14.052444;cgate.env;;New listener was registered: noname14.;TID 8328
2016-06-06 09:26:14.052790;cgate.user;;cg_pub_open: 1001F84C;TID 8476
2016-06-06 09:26:14.052793;cgate.user;;cg_pub_new settings: ;TID 8476
2016-06-06 09:26:14.052797;cgate.publisher.p2mq;;open: . @cee{name: pub_127_0_0_1_4001_SS_0, obj: 0x1001F810, thread: 8476};TID 8476
2016-06-06 09:26:14.052807;cgate.publisher.p2mq;;State changed CLOSED -> OPENING @cee{name: pub_127_0_0_1_4001_SS_0, obj: 0x1001F810, thread: 8476};TID 8476
2016-06-06 09:26:14.052824;scheme;;Scheme::make: URL: |FILE|StockSharp.Plaza.Messages.ini|message @cee{name: , obj: 0x1001F874, thread: 8476};TID 8476
2016-06-06 09:26:14.055381;Scheme;ERROR;Duplicated item name "FutChangeClientMoney";sch-name "message";TID 8476
2016-06-06 09:26:14.055432;cgate.user;;cg_lsn_new settings: p2repl://FORTS_OPTCOMMON_REPL;scheme=|FILE|StockSharp_Plaza\Configs\FORTS_OPTCOMMON_REPL.ini|CustReplScheme;TID 8328
2016-06-06 09:26:14.055434;scheme;ERROR;..\..\..\..\src\gate\src\cgate\scheme.cpp:576: P2 error: 0x8008. 'DB:WRONG_DB_SCHEME' @cee{name: , obj: 0x1001F874, thread: 8476};TID 8476
2016-06-06 09:26:14.055438;cgate.publisher.p2mq;ERROR;open: Scheme::make failed with error: 0x20000. 'CG:INTERNAL' @cee{name: pub_127_0_0_1_4001_SS_0, obj: 0x1001F810, thread: 8476};TID 8476
2016-06-06 09:26:14.055448;cgate.publisher.p2mq;;State changed OPENING -> ERROR @cee{name: pub_127_0_0_1_4001_SS_0, obj: 0x1001F810, thread: 8476};TID 8476
2016-06-06 09:26:14.055476;cgate.listener.p2repl;;init: init listener: p2repl://FORTS_OPTCOMMON_REPL;scheme=|FILE|StockSharp_Plaza\Configs\FORTS_OPTCOMMON_REPL.ini|CustReplScheme;name=noname15. @cee{name: , obj: 0xFF5DF50, thread: 8328};TID 8328
2016-06-06 09:26:14.055492;p2repl-cli;;Stream created;strm 0x101EC760;TID 8328
2016-06-06 09:26:14.055509;cgate.env;;New listener was registered: noname15.;TID 8328
2016-06-06 09:26:14.055527;cgate.user;;cg_lsn_new settings: p2repl://FORTS_OPTINFO_REPL;scheme=|FILE|StockSharp_Plaza\Configs\FORTS_OPTINFO_REPL.ini|CustReplScheme;TID 8328
2016-06-06 09:26:14.055539;cgate.listener.p2repl;;init: init listener: p2repl://FORTS_OPTINFO_REPL;scheme=|FILE|StockSharp_Plaza\Configs\FORTS_OPTINFO_REPL.ini|CustReplScheme;name=noname16. @cee{name: , obj: 0xFF5D3B8, thread: 8328};TID 8328
2016-06-06 09:26:14.055549;p2repl-cli;;Stream created;strm 0x101EE808;TID 8328
2016-06-06 09:26:14.055560;cgate.env;;New listener was registered: noname16.;TID 8328
2016-06-06 09:26:14.055571;cgate.user;;cg_lsn_new settings: p2repl://FORTS_FUTINFO_REPL;scheme=|FILE|StockSharp_Plaza\Configs\FORTS_FUTINFO_REPL.ini|CustReplScheme;TID 8328
2016-06-06 09:26:14.055583;cgate.listener.p2repl;;init: init listener: p2repl://FORTS_FUTINFO_REPL;scheme=|FILE|StockSharp_Plaza\Configs\FORTS_FUTINFO_REPL.ini|CustReplScheme;name=noname17. @cee{name: , obj: 0xFF5DC00, thread: 8328};TID 8328
2016-06-06 09:26:14.055591;p2repl-cli;;Stream created;strm 0x101ECDE8;TID 8328
2016-06-06 09:26:14.055603;cgate.env;;New listener was registered: noname17.;TID 8328
2016-06-06 09:26:14.055618;cgate.user;;cg_lsn_new settings: p2repl://FORTS_PART_REPL;scheme=|FILE|StockSharp_Plaza\Configs\FORTS_PART_REPL.ini|CustReplScheme;TID 8328
2016-06-06 09:26:14.055628;cgate.listener.p2repl;;init: init listener: p2repl://FORTS_PART_REPL;scheme=|FILE|StockSharp_Plaza\Configs\FORTS_PART_REPL.ini|CustReplScheme;name=noname18. @cee{name: , obj: 0xFF5E0F8, thread: 8328};TID 8328
2016-06-06 09:26:14.055636;p2repl-cli;;Stream created;strm 0x101ED470;TID 8328
2016-06-06 09:26:14.055647;cgate.env;;New listener was registered: noname18.;TID 8328
2016-06-06 09:26:14.055655;cgate.user;;cg_lsn_new settings: p2repl://FORTS_POS_REPL;scheme=|FILE|StockSharp_Plaza\Configs\FORTS_POS_REPL.ini|CustReplScheme;TID 8328
2016-06-06 09:26:14.055665;cgate.listener.p2repl;;init: init listener: p2repl://FORTS_POS_REPL;scheme=|FILE|StockSharp_Plaza\Configs\FORTS_POS_REPL.ini|CustReplScheme;name=noname19. @cee{name: , obj: 0xFF5DA58, thread: 8328};TID 8328
2016-06-06 09:26:14.055673;p2repl-cli;;Stream created;strm 0x101EE180;TID 8328
2016-06-06 09:26:14.055684;cgate.env;;New listener was registered: noname19.;TID 8328
2016-06-06 09:26:14.055692;cgate.user;;cg_lsn_new settings: p2repl://FORTS_DEALS_REPL;scheme=|FILE|StockSharp_Plaza\Configs\FORTS_DEALS_REPL.ini|CustReplScheme;TID 8328
2016-06-06 09:26:14.055702;cgate.listener.p2repl;;init: init listener: p2repl://FORTS_DEALS_REPL;scheme=|FILE|StockSharp_Plaza\Configs\FORTS_DEALS_REPL.ini|CustReplScheme;name=noname20. @cee{name: , obj: 0xFF40400, thread: 8328};TID 8328
2016-06-06 09:26:14.055711;p2repl-cli;;Stream created;strm 0x101EB3C8;TID 8328
2016-06-06 09:26:14.055721;cgate.env;;New listener was registered: noname20.;TID 8328
2016-06-06 09:26:14.056047;cgate.user;;cg_lsn_new settings: p2repl://FORTS_OPTAGGR5_REPL;scheme=|FILE|StockSharp_Plaza\Configs\FORTS_OPTAGGR5_REPL.ini|CustReplScheme;TID 5876
2016-06-06 09:26:14.056060;cgate.listener.p2repl;;init: init listener: p2repl://FORTS_OPTAGGR5_REPL;scheme=|FILE|StockSharp_Plaza\Configs\FORTS_OPTAGGR5_REPL.ini|CustReplScheme;name=noname21. @cee{name: , obj: 0xFF40AA0, thread: 5876};TID 5876
2016-06-06 09:26:14.056070;p2repl-cli;;Stream created;strm 0x101FE9B8;TID 5876
2016-06-06 09:26:14.056081;cgate.env;;New listener was registered: noname21.;TID 5876
2016-06-06 09:26:14.056331;cgate.user;;cg_lsn_new settings: p2repl://FORTS_OPTTRADE_REPL;scheme=|FILE|StockSharp_Plaza\Configs\FORTS_OPTTRADE_REPL.ini|CustReplScheme;TID 948
2016-06-06 09:26:14.056404;cgate.listener.p2repl;;init: init listener: p2repl://FORTS_OPTTRADE_REPL;scheme=|FILE|StockSharp_Plaza\Configs\FORTS_OPTTRADE_REPL.ini|CustReplScheme;name=noname22. @cee{name: , obj: 0xFF41988, thread: 948};TID 948
2016-06-06 09:26:14.056416;p2repl-cli;;Stream created;strm 0x101FE330;TID 948
2016-06-06 09:26:14.056430;cgate.env;;New listener was registered: noname22.;TID 948
2016-06-06 09:26:14.061379;cgate.user;;cg_lsn_open: FF405E4;TID 5876
2016-06-06 09:26:14.061382;cgate.user;;cg_lsn_open: FF56654;TID 8044
2016-06-06 09:26:14.061393;cgate.user;;cg_lsn_open settings: mode=snapshot+online;TID 5876
2016-06-06 09:26:14.061394;cgate.user;;cg_lsn_open settings: mode=snapshot+online;TID 8044
2016-06-06 09:26:14.061401;cgate.listener.p2repl;;Open mode=snapshot+online @cee{name: noname11, obj: 0xFF56618, thread: 8044};TID 8044
2016-06-06 09:26:14.061402;cgate.listener.p2repl;;Open mode=snapshot+online @cee{name: noname12, obj: 0xFF405A8, thread: 5876};TID 5876
2016-06-06 09:26:14.061405;cgate.listener.p2repl;;open: mode=snapshot+online. @cee{name: noname11, obj: 0xFF56618, thread: 8044};TID 8044
2016-06-06 09:26:14.061410;cgate.listener.p2repl;;open: mode=snapshot+online. @cee{name: noname12, obj: 0xFF405A8, thread: 5876};TID 5876
2016-06-06 09:26:14.061414;cgate.listener.p2repl;;open: stream type + snapshot. @cee{name: noname11, obj: 0xFF56618, thread: 8044};TID 8044
2016-06-06 09:26:14.061417;cgate.listener.p2repl;;open: stream type + online. @cee{name: noname11, obj: 0xFF56618, thread: 8044};TID 8044
2016-06-06 09:26:14.061422;cgate.listener.p2repl;;open: stream type + snapshot. @cee{name: noname12, obj: 0xFF405A8, thread: 5876};TID 5876
2016-06-06 09:26:14.061426;cgate.listener.p2repl;;open: stream type + online. @cee{name: noname12, obj: 0xFF405A8, thread: 5876};TID 5876
2016-06-06 09:26:14.061441;cgate.listener.p2repl;;open: blob is empty. @cee{name: noname11, obj: 0xFF56618, thread: 8044};TID 8044
2016-06-06 09:26:14.061442;cgate.listener.p2repl;;open: blob is empty. @cee{name: noname12, obj: 0xFF405A8, thread: 5876};TID 5876
2016-06-06 09:26:14.061444;cgate.listener.p2repl;;open: state changed to MODE_ONLINE. @cee{name: noname12, obj: 0xFF405A8, thread: 5876};TID 5876
2016-06-06 09:26:14.061449;cgate.listener.p2repl;;open: state changed to MODE_ONLINE. @cee{name: noname11, obj: 0xFF56618, thread: 8044};TID 8044
2016-06-06 09:26:14.061453;scheme;;Scheme::make: URL: |FILE|StockSharp_Plaza\Configs\FORTS_FUTAGGR5_REPL.ini|CustReplScheme @cee{name: , obj: 0x1374E8A8, thread: 5876};TID 5876
2016-06-06 09:26:14.061461;scheme;;Scheme::make: URL: |FILE|StockSharp_Plaza\Configs\RTS_INDEX_REPL.ini|CustReplScheme @cee{name: , obj: 0x1360E998, thread: 8044};TID 8044
2016-06-06 09:26:14.063658;P2ReplStorage;;Basic policy created;policy 0xFFC3A60;TID 5876
2016-06-06 09:26:14.063663;P2ReplStorage;;Basic policy created;policy 0x101E1400;TID 8044
2016-06-06 09:26:14.063664;cgate.user;;cg_lsn_open: FF40934;TID 8328
2016-06-06 09:26:14.063670;cgate.user;;cg_lsn_open settings: mode=snapshot+online;TID 8328
2016-06-06 09:26:14.063677;cgate.listener.p2repl;;Open mode=snapshot+online @cee{name: noname14, obj: 0xFF408F8, thread: 8328};TID 8328
2016-06-06 09:26:14.063678;cgate.user;;cg_lsn_open: FF4181C;TID 948
2016-06-06 09:26:14.063680;cgate.user;;cg_lsn_open settings: mode=snapshot+online;TID 948
2016-06-06 09:26:14.063681;cgate.listener.p2repl;;open: mode=snapshot+online. @cee{name: noname14, obj: 0xFF408F8, thread: 8328};TID 8328
2016-06-06 09:26:14.063684;P2ReplStorage;;Policy 0xFFC3A60 assigned;strm 0x101EBA50;TID 5876
2016-06-06 09:26:14.063685;cgate.listener.p2repl;;Open mode=snapshot+online @cee{name: noname13, obj: 0xFF417E0, thread: 948};TID 948
2016-06-06 09:26:14.063688;cgate.listener.p2repl;;open: stream type + snapshot. @cee{name: noname14, obj: 0xFF408F8, thread: 8328};TID 8328
2016-06-06 09:26:14.063689;cgate.listener.p2repl;;open: mode=snapshot+online. @cee{name: noname13, obj: 0xFF417E0, thread: 948};TID 948
2016-06-06 09:26:14.063691;cgate.listener.p2repl;;open: stream type + online. @cee{name: noname14, obj: 0xFF408F8, thread: 8328};TID 8328
2016-06-06 09:26:14.063693;cgate.listener.p2repl;;open: blob is empty. @cee{name: noname14, obj: 0xFF408F8, thread: 8328};TID 8328
2016-06-06 09:26:14.063695;cgate.listener.p2repl;;open: state changed to MODE_ONLINE. @cee{name: noname14, obj: 0xFF408F8, thread: 8328};TID 8328
2016-06-06 09:26:14.063696;cgate.listener.p2repl;;open: stream type + snapshot. @cee{name: noname13, obj: 0xFF417E0, thread: 948};TID 948
2016-06-06 09:26:14.063698;cgate.listener.p2repl;;open: stream type + online. @cee{name: noname13, obj: 0xFF417E0, thread: 948};TID 948
2016-06-06 09:26:14.063700;cgate.listener.p2repl;;open: blob is empty. @cee{name: noname13, obj: 0xFF417E0, thread: 948};TID 948
2016-06-06 09:26:14.063702;cgate.listener.p2repl;;open: state changed to MODE_ONLINE. @cee{name: noname13, obj: 0xFF417E0, thread: 948};TID 948
2016-06-06 09:26:14.063704;scheme;;Scheme::make: URL: |FILE|StockSharp_Plaza\Configs\FORTS_FUTCOMMON_REPL.ini|CustReplScheme @cee{name: , obj: 0x12E0E788, thread: 8328};TID 8328
2016-06-06 09:26:14.063711;scheme;;Scheme::make: URL: |FILE|StockSharp_Plaza\Configs\FORTS_FUTTRADE_REPL.ini|CustReplScheme @cee{name: , obj: 0x12F4E628, thread: 948};TID 948
2016-06-06 09:26:14.063784;cgate.listener.p2repl;;State changed CLOSED -> OPENING @cee{name: noname12, obj: 0xFF405A8, thread: 5876};TID 5876
2016-06-06 09:26:14.063949;P2ReplStorage;;Basic policy created;policy 0x101E1670;TID 8328
2016-06-06 09:26:14.063952;P2ReplStorage;;Policy 0x101E1670 assigned;strm 0x101EC0D8;TID 8328
2016-06-06 09:26:14.064005;cgate.listener.p2repl;;State changed CLOSED -> OPENING @cee{name: noname14, obj: 0xFF408F8, thread: 8328};TID 8328
2016-06-06 09:26:14.064086;cgate.user;;cg_lsn_open: FF40ADC;TID 5876
2016-06-06 09:26:14.064090;cgate.user;;cg_lsn_open settings: mode=snapshot+online;TID 5876
2016-06-06 09:26:14.064093;cgate.listener.p2repl;;Open mode=snapshot+online @cee{name: noname21, obj: 0xFF40AA0, thread: 5876};TID 5876
2016-06-06 09:26:14.064096;cgate.listener.p2repl;;open: mode=snapshot+online. @cee{name: noname21, obj: 0xFF40AA0, thread: 5876};TID 5876
2016-06-06 09:26:14.064101;cgate.listener.p2repl;;open: stream type + snapshot. @cee{name: noname21, obj: 0xFF40AA0, thread: 5876};TID 5876
2016-06-06 09:26:14.064103;cgate.listener.p2repl;;open: stream type + online. @cee{name: noname21, obj: 0xFF40AA0, thread: 5876};TID 5876
2016-06-06 09:26:14.064104;cgate.user;;cg_lsn_open: FF5DF8C;TID 8328
2016-06-06 09:26:14.064105;cgate.listener.p2repl;;open: blob is empty. @cee{name: noname21, obj: 0xFF40AA0, thread: 5876};TID 5876
2016-06-06 09:26:14.064106;cgate.user;;cg_lsn_open settings: mode=snapshot+online;TID 8328
2016-06-06 09:26:14.064107;cgate.listener.p2repl;;open: state changed to MODE_ONLINE. @cee{name: noname21, obj: 0xFF40AA0, thread: 5876};TID 5876
2016-06-06 09:26:14.064110;cgate.listener.p2repl;;Open mode=snapshot+online @cee{name: noname15, obj: 0xFF5DF50, thread: 8328};TID 8328
2016-06-06 09:26:14.064113;cgate.listener.p2repl;;open: mode=snapshot+online. @cee{name: noname15, obj: 0xFF5DF50, thread: 8328};TID 8328
2016-06-06 09:26:14.064113;P2ReplStorage;;Basic policy created;policy 0x101E1A10;TID 948
2016-06-06 09:26:14.064115;scheme;;Scheme::make: URL: |FILE|StockSharp_Plaza\Configs\FORTS_OPTAGGR5_REPL.ini|CustReplScheme @cee{name: , obj: 0x1374E8A8, thread: 5876};TID 5876
2016-06-06 09:26:14.064117;P2ReplStorage;;Policy 0x101E1A10 assigned;strm 0x101EDAF8;TID 948
2016-06-06 09:26:14.064117;cgate.listener.p2repl;;open: stream type + snapshot. @cee{name: noname15, obj: 0xFF5DF50, thread: 8328};TID 8328
2016-06-06 09:26:14.064119;cgate.listener.p2repl;;open: stream type + online. @cee{name: noname15, obj: 0xFF5DF50, thread: 8328};TID 8328
2016-06-06 09:26:14.064121;cgate.listener.p2repl;;open: blob is empty. @cee{name: noname15, obj: 0xFF5DF50, thread: 8328};TID 8328
2016-06-06 09:26:14.064123;cgate.listener.p2repl;;open: state changed to MODE_ONLINE. @cee{name: noname15, obj: 0xFF5DF50, thread: 8328};TID 8328
2016-06-06 09:26:14.064129;scheme;;Scheme::make: URL: |FILE|StockSharp_Plaza\Configs\FORTS_OPTCOMMON_REPL.ini|CustReplScheme @cee{name: , obj: 0x12E0E788, thread: 8328};TID 8328
2016-06-06 09:26:14.064179;cgate.listener.p2repl;;State changed CLOSED -> OPENING @cee{name: noname13, obj: 0xFF417E0, thread: 948};TID 948
2016-06-06 09:26:14.064197;cgate.user;;cg_lsn_open: FF419C4;TID 948
2016-06-06 09:26:14.064199;cgate.user;;cg_lsn_open settings: mode=snapshot+online;TID 948
2016-06-06 09:26:14.064201;cgate.listener.p2repl;;Open mode=snapshot+online @cee{name: noname22, obj: 0xFF41988, thread: 948};TID 948
2016-06-06 09:26:14.064203;cgate.listener.p2repl;;open: mode=snapshot+online. @cee{name: noname22, obj: 0xFF41988, thread: 948};TID 948
2016-06-06 09:26:14.064209;cgate.listener.p2repl;;open: stream type + snapshot. @cee{name: noname22, obj: 0xFF41988, thread: 948};TID 948
2016-06-06 09:26:14.064211;cgate.listener.p2repl;;open: stream type + online. @cee{name: noname22, obj: 0xFF41988, thread: 948};TID 948
2016-06-06 09:26:14.064213;cgate.listener.p2repl;;open: blob is empty. @cee{name: noname22, obj: 0xFF41988, thread: 948};TID 948
2016-06-06 09:26:14.064215;cgate.listener.p2repl;;open: state changed to MODE_ONLINE. @cee{name: noname22, obj: 0xFF41988, thread: 948};TID 948
2016-06-06 09:26:14.064220;scheme;;Scheme::make: URL: |FILE|StockSharp_Plaza\Configs\FORTS_OPTTRADE_REPL.ini|CustReplScheme @cee{name: , obj: 0x12F4E628, thread: 948};TID 948
2016-06-06 09:26:14.064315;P2ReplStorage;;Basic policy created;policy 0x101E16D8;TID 8328
2016-06-06 09:26:14.064318;P2ReplStorage;;Policy 0x101E16D8 assigned;strm 0x101EC760;TID 8328
2016-06-06 09:26:14.064325;P2ReplStorage;;Basic policy created;policy 0xFFC38C0;TID 5876
2016-06-06 09:26:14.064328;P2ReplStorage;;Policy 0xFFC38C0 assigned;strm 0x101FE9B8;TID 5876
2016-06-06 09:26:14.064363;P2ReplStorage;;Policy 0x101E1400 assigned;strm 0x101EAD40;TID 8044
2016-06-06 09:26:14.064372;cgate.listener.p2repl;;State changed CLOSED -> OPENING @cee{name: noname21, obj: 0xFF40AA0, thread: 5876};TID 5876
2016-06-06 09:26:14.064402;cgate.listener.p2repl;;State changed CLOSED -> OPENING @cee{name: noname11, obj: 0xFF56618, thread: 8044};TID 8044
2016-06-06 09:26:14.064444;cgate.user;;cg_conn_close: 1001F4D8;TID 8476
2016-06-06 09:26:14.064448;cgate.connection.p2;;Close @cee{name: noname1, obj: 0x1001F4A0, thread: 8476};TID 8476
2016-06-06 09:26:14.064492;p2mq-cli;;Connection disconnected; mq-conn 0x1;TID 8476
2016-06-06 09:26:14.064555;cgate.connection.p2;;State changed ACTIVE -> CLOSED @cee{name: noname1, obj: 0x1001F4A0, thread: 8476};TID 8476
2016-06-06 09:26:14.064556;P2ReplStorage;;Basic policy created;policy 0x101E18D8;TID 948
2016-06-06 09:26:14.064559;P2ReplStorage;;Policy 0x101E18D8 assigned;strm 0x101FE330;TID 948
2016-06-06 09:26:14.064598;cgate.listener.p2repl;;State changed CLOSED -> OPENING @cee{name: noname22, obj: 0xFF41988, thread: 948};TID 948
2016-06-06 09:26:14.064655;cgate.user;;cg_conn_destroy: 1001F4D8;TID 8476
2016-06-06 09:26:14.064658;cgate.connection.p2;;done: connection done. @cee{name: noname1, obj: 0x1001F4A0, thread: 8476};TID 8476
2016-06-06 09:26:14.064660;cgate.connection.p2;;Close @cee{name: noname1, obj: 0x1001F4A0, thread: 8476};TID 8476
2016-06-06 09:26:14.064669;cgate.env;;Connection was unregistered: 0x1001F4D8.;TID 8476
2016-06-06 09:26:14.064747;cgate.listener.p2repl;;State changed CLOSED -> OPENING @cee{name: noname15, obj: 0xFF5DF50, thread: 8328};TID 8328
2016-06-06 09:26:14.064764;cgate.user;;cg_lsn_open: FF5D3F4;TID 8328
2016-06-06 09:26:14.064766;cgate.user;;cg_lsn_open settings: mode=snapshot+online;TID 8328
2016-06-06 09:26:14.064768;cgate.listener.p2repl;;Open mode=snapshot+online @cee{name: noname16, obj: 0xFF5D3B8, thread: 8328};TID 8328
2016-06-06 09:26:14.064771;cgate.listener.p2repl;;open: mode=snapshot+online. @cee{name: noname16, obj: 0xFF5D3B8, thread: 8328};TID 8328
2016-06-06 09:26:14.064774;cgate.listener.p2repl;;open: stream type + snapshot. @cee{name: noname16, obj: 0xFF5D3B8, thread: 8328};TID 8328
2016-06-06 09:26:14.064777;cgate.listener.p2repl;;open: stream type + online. @cee{name: noname16, obj: 0xFF5D3B8, thread: 8328};TID 8328
2016-06-06 09:26:14.064779;cgate.listener.p2repl;;open: blob is empty. @cee{name: noname16, obj: 0xFF5D3B8, thread: 8328};TID 8328
2016-06-06 09:26:14.064780;cgate.listener.p2repl;;open: state changed to MODE_ONLINE. @cee{name: noname16, obj: 0xFF5D3B8, thread: 8328};TID 8328
2016-06-06 09:26:14.064786;scheme;;Scheme::make: URL: |FILE|StockSharp_Plaza\Configs\FORTS_OPTINFO_REPL.ini|CustReplScheme @cee{name: , obj: 0x12E0E788, thread: 8328};TID 8328
2016-06-06 09:26:14.065085;P2ReplStorage;;Basic policy created;policy 0x101E1538;TID 8328
2016-06-06 09:26:14.065089;P2ReplStorage;;Policy 0x101E1538 assigned;strm 0x101EE808;TID 8328
2016-06-06 09:26:14.065127;cgate.listener.p2repl;;State changed CLOSED -> OPENING @cee{name: noname16, obj: 0xFF5D3B8, thread: 8328};TID 8328
2016-06-06 09:26:14.065145;cgate.user;;cg_lsn_open: FF5DC3C;TID 8328
2016-06-06 09:26:14.065147;cgate.user;;cg_lsn_open settings: mode=snapshot+online;TID 8328
2016-06-06 09:26:14.065149;cgate.listener.p2repl;;Open mode=snapshot+online @cee{name: noname17, obj: 0xFF5DC00, thread: 8328};TID 8328
2016-06-06 09:26:14.065152;cgate.listener.p2repl;;open: mode=snapshot+online. @cee{name: noname17, obj: 0xFF5DC00, thread: 8328};TID 8328
2016-06-06 09:26:14.065157;cgate.listener.p2repl;;open: stream type + snapshot. @cee{name: noname17, obj: 0xFF5DC00, thread: 8328};TID 8328
2016-06-06 09:26:14.065159;cgate.listener.p2repl;;open: stream type + online. @cee{name: noname17, obj: 0xFF5DC00, thread: 8328};TID 8328
2016-06-06 09:26:14.065161;cgate.listener.p2repl;;open: blob is empty. @cee{name: noname17, obj: 0xFF5DC00, thread: 8328};TID 8328
2016-06-06 09:26:14.065163;cgate.listener.p2repl;;open: state changed to MODE_ONLINE. @cee{name: noname17, obj: 0xFF5DC00, thread: 8328};TID 8328
2016-06-06 09:26:14.065170;scheme;;Scheme::make: URL: |FILE|StockSharp_Plaza\Configs\FORTS_FUTINFO_REPL.ini|CustReplScheme @cee{name: , obj: 0x12E0E788, thread: 8328};TID 8328
2016-06-06 09:26:14.065524;P2ReplStorage;;Basic policy created;policy 0x101E15A0;TID 8328
2016-06-06 09:26:14.065527;P2ReplStorage;;Policy 0x101E15A0 assigned;strm 0x101ECDE8;TID 8328
2016-06-06 09:26:14.065569;cgate.listener.p2repl;;State changed CLOSED -> OPENING @cee{name: noname17, obj: 0xFF5DC00, thread: 8328};TID 8328
2016-06-06 09:26:14.065588;cgate.user;;cg_lsn_open: FF5E134;TID 8328
2016-06-06 09:26:14.065590;cgate.user;;cg_lsn_open settings: mode=snapshot+online;TID 8328
2016-06-06 09:26:14.065592;cgate.listener.p2repl;;Open mode=snapshot+online @cee{name: noname18, obj: 0xFF5E0F8, thread: 8328};TID 8328
2016-06-06 09:26:14.065595;cgate.listener.p2repl;;open: mode=snapshot+online. @cee{name: noname18, obj: 0xFF5E0F8, thread: 8328};TID 8328
2016-06-06 09:26:14.065600;cgate.listener.p2repl;;open: stream type + snapshot. @cee{name: noname18, obj: 0xFF5E0F8, thread: 8328};TID 8328
2016-06-06 09:26:14.065602;cgate.listener.p2repl;;open: stream type + online. @cee{name: noname18, obj: 0xFF5E0F8, thread: 8328};TID 8328
2016-06-06 09:26:14.065605;cgate.listener.p2repl;;open: blob is empty. @cee{name: noname18, obj: 0xFF5E0F8, thread: 8328};TID 8328
2016-06-06 09:26:14.065608;cgate.listener.p2repl;;open: state changed to MODE_ONLINE. @cee{name: noname18, obj: 0xFF5E0F8, thread: 8328};TID 8328
2016-06-06 09:26:14.065614;scheme;;Scheme::make: URL: |FILE|StockSharp_Plaza\Configs\FORTS_PART_REPL.ini|CustReplScheme @cee{name: , obj: 0x12E0E788, thread: 8328};TID 8328
2016-06-06 09:26:14.065790;p2repl-cli;;Stream opening started;type 0x1;name 'FORTS_FUTAGGR5_REPL';srv_addr 'P2PROM-01.inter_futaggr5';strm 0x101EBA50;TID 5876
2016-06-06 09:26:14.065802;P2ReplStorage;;Basic policy created;policy 0xFFC3B30;TID 8328
2016-06-06 09:26:14.065805;P2ReplStorage;;Policy 0xFFC3B30 assigned;strm 0x101ED470;TID 8328
2016-06-06 09:26:14.065844;cgate.listener.p2repl;;State changed CLOSED -> OPENING @cee{name: noname18, obj: 0xFF5E0F8, thread: 8328};TID 8328
2016-06-06 09:26:14.065860;cgate.user;;cg_lsn_open: FF5DA94;TID 8328
2016-06-06 09:26:14.065861;cgate.user;;cg_lsn_open settings: mode=snapshot+online;TID 8328
2016-06-06 09:26:14.065863;cgate.listener.p2repl;;Open mode=snapshot+online @cee{name: noname19, obj: 0xFF5DA58, thread: 8328};TID 8328
2016-06-06 09:26:14.065865;cgate.listener.p2repl;;open: mode=snapshot+online. @cee{name: noname19, obj: 0xFF5DA58, thread: 8328};TID 8328
2016-06-06 09:26:14.065869;cgate.listener.p2repl;;open: stream type + snapshot. @cee{name: noname19, obj: 0xFF5DA58, thread: 8328};TID 8328
2016-06-06 09:26:14.065871;cgate.listener.p2repl;;open: stream type + online. @cee{name: noname19, obj: 0xFF5DA58, thread: 8328};TID 8328
2016-06-06 09:26:14.065873;cgate.listener.p2repl;;open: blob is empty. @cee{name: noname19, obj: 0xFF5DA58, thread: 8328};TID 8328
2016-06-06 09:26:14.065875;cgate.listener.p2repl;;open: state changed to MODE_ONLINE. @cee{name: noname19, obj: 0xFF5DA58, thread: 8328};TID 8328
2016-06-06 09:26:14.065881;scheme;;Scheme::make: URL: |FILE|StockSharp_Plaza\Configs\FORTS_POS_REPL.ini|CustReplScheme @cee{name: , obj: 0x12E0E788, thread: 8328};TID 8328
2016-06-06 09:26:14.066053;P2ReplStorage;;Basic policy created;policy 0xFFC3580;TID 8328
2016-06-06 09:26:14.066056;P2ReplStorage;;Policy 0xFFC3580 assigned;strm 0x101EE180;TID 8328
2016-06-06 09:26:14.066092;cgate.listener.p2repl;;State changed CLOSED -> OPENING @cee{name: noname19, obj: 0xFF5DA58, thread: 8328};TID 8328
2016-06-06 09:26:14.066107;cgate.user;;cg_lsn_open: FF4043C;TID 8328
2016-06-06 09:26:14.066108;cgate.user;;cg_lsn_open settings: mode=snapshot+online;TID 8328
2016-06-06 09:26:14.066110;cgate.listener.p2repl;;Open mode=snapshot+online @cee{name: noname20, obj: 0xFF40400, thread: 8328};TID 8328
2016-06-06 09:26:14.066114;cgate.listener.p2repl;;open: mode=snapshot+online. @cee{name: noname20, obj: 0xFF40400, thread: 8328};TID 8328
2016-06-06 09:26:14.066118;cgate.listener.p2repl;;open: stream type + snapshot. @cee{name: noname20, obj: 0xFF40400, thread: 8328};TID 8328
2016-06-06 09:26:14.066120;cgate.listener.p2repl;;open: stream type + online. @cee{name: noname20, obj: 0xFF40400, thread: 8328};TID 8328
2016-06-06 09:26:14.066122;cgate.listener.p2repl;;open: blob is empty. @cee{name: noname20, obj: 0xFF40400, thread: 8328};TID 8328
2016-06-06 09:26:14.066124;cgate.listener.p2repl;;open: state changed to MODE_ONLINE. @cee{name: noname20, obj: 0xFF40400, thread: 8328};TID 8328
2016-06-06 09:26:14.066130;scheme;;Scheme::make: URL: |FILE|StockSharp_Plaza\Configs\FORTS_DEALS_REPL.ini|CustReplScheme @cee{name: , obj: 0x12E0E788, thread: 8328};TID 8328
2016-06-06 09:26:14.066338;P2ReplStorage;;Basic policy created;policy 0xFFC35E8;TID 8328
2016-06-06 09:26:14.066341;P2ReplStorage;;Policy 0xFFC35E8 assigned;strm 0x101EB3C8;TID 8328
2016-06-06 09:26:14.066377;cgate.listener.p2repl;;State changed CLOSED -> OPENING @cee{name: noname20, obj: 0xFF40400, thread: 8328};TID 8328
2016-06-06 09:26:14.067891;p2repl-cli;;Stream opening started;type 0x1;name 'FORTS_FUTCOMMON_REPL';srv_addr 'P2PROM-01.inter_futcommon';strm 0x101EC0D8;TID 8328
2016-06-06 09:26:14.070493;cgate.user;;cg_lsn_close: FF405E4;TID 5876
2016-06-06 09:26:14.070501;cgate.listener.p2repl;;Close @cee{name: noname12, obj: 0xFF405A8, thread: 5876};TID 5876
2016-06-06 09:26:14.070505;cgate.listener.p2repl;;close. @cee{name: noname12, obj: 0xFF405A8, thread: 5876};TID 5876
2016-06-06 09:26:14.072329;***TP***;;data: 0.00 mcs  begin trans: 0.00 mcs  process_tables: 0.00 mcs  commit: 0.00 mcs  parse: 0.00 mcs  stat: 0.00 mcs  user cbk: 0.00 mcs  5: 0.00 mcs  ;TID 5876
2016-06-06 09:26:14.072331;cgate.user;;cg_lsn_close: FF40934;TID 8328
2016-06-06 09:26:14.072336;cgate.user;;cg_lsn_close: FF4181C;TID 948
2016-06-06 09:26:14.072339;cgate.listener.p2repl;;Close @cee{name: noname14, obj: 0xFF408F8, thread: 8328};TID 8328
2016-06-06 09:26:14.072341;cgate.listener.p2repl;;Close @cee{name: noname13, obj: 0xFF417E0, thread: 948};TID 948
2016-06-06 09:26:14.072344;cgate.listener.p2repl;;close. @cee{name: noname14, obj: 0xFF408F8, thread: 8328};TID 8328
2016-06-06 09:26:14.072346;cgate.listener.p2repl;;close. @cee{name: noname13, obj: 0xFF417E0, thread: 948};TID 948
2016-06-06 09:26:14.072352;***TP***;;data: 0.00 mcs  begin trans: 0.00 mcs  process_tables: 0.00 mcs  commit: 0.00 mcs  parse: 0.00 mcs  stat: 0.00 mcs  user cbk: 0.00 mcs  5: 0.00 mcs  ;TID 8328
2016-06-06 09:26:14.072353;***TP***;;data: 0.00 mcs  begin trans: 0.00 mcs  process_tables: 0.00 mcs  commit: 0.00 mcs  parse: 0.00 mcs  stat: 0.00 mcs  user cbk: 0.00 mcs  5: 0.00 mcs  ;TID 948
2016-06-06 09:26:14.072361;cgate.listener.p2repl;;State changed OPENING -> CLOSED @cee{name: noname12, obj: 0xFF405A8, thread: 5876};TID 5876
2016-06-06 09:26:14.072370;cgate.listener.p2repl;;State changed OPENING -> CLOSED @cee{name: noname14, obj: 0xFF408F8, thread: 8328};TID 8328
2016-06-06 09:26:14.072377;cgate.listener.p2repl;;State changed OPENING -> CLOSED @cee{name: noname13, obj: 0xFF417E0, thread: 948};TID 948
2016-06-06 09:26:14.072483;cgate.user;;cg_lsn_destroy: FF405E4;TID 5876
2016-06-06 09:26:14.072488;cgate.listener.p2repl;;Done @cee{name: noname12, obj: 0xFF405A8, thread: 5876};TID 5876
2016-06-06 09:26:14.072507;***TP***;;data: 0.00 mcs  begin trans: 0.00 mcs  process_tables: 0.00 mcs  commit: 0.00 mcs  parse: 0.00 mcs  stat: 0.00 mcs  user cbk: 0.00 mcs  5: 0.00 mcs  ;TID 5876
2016-06-06 09:26:14.072519;cgate.env;;Listener was unregistered: 0xFF405E4.;TID 5876
2016-06-06 09:26:14.073602;cgate.user;;cg_lsn_close: FF40ADC;TID 5876
2016-06-06 09:26:14.073608;cgate.listener.p2repl;;Close @cee{name: noname21, obj: 0xFF40AA0, thread: 5876};TID 5876
2016-06-06 09:26:14.073611;cgate.listener.p2repl;;close. @cee{name: noname21, obj: 0xFF40AA0, thread: 5876};TID 5876
2016-06-06 09:26:14.073284;cgate.user;;cg_lsn_destroy: FF40934;TID 8328
2016-06-06 09:26:14.073619;***TP***;;data: 0.00 mcs  begin trans: 0.00 mcs  process_tables: 0.00 mcs  commit: 0.00 mcs  parse: 0.00 mcs  stat: 0.00 mcs  user cbk: 0.00 mcs  5: 0.00 mcs  ;TID 5876
2016-06-06 09:26:14.073623;cgate.listener.p2repl;;Done @cee{name: noname14, obj: 0xFF408F8, thread: 8328};TID 8328
2016-06-06 09:26:14.073630;***TP***;;data: 0.00 mcs  begin trans: 0.00 mcs  process_tables: 0.00 mcs  commit: 0.00 mcs  parse: 0.00 mcs  stat: 0.00 mcs  user cbk: 0.00 mcs  5: 0.00 mcs  ;TID 8328
2016-06-06 09:26:14.073635;cgate.listener.p2repl;;State changed OPENING -> CLOSED @cee{name: noname21, obj: 0xFF40AA0, thread: 5876};TID 5876
2016-06-06 09:26:14.073640;cgate.user;;cg_lsn_destroy: FF40ADC;TID 5876
2016-06-06 09:26:14.073642;cgate.listener.p2repl;;Done @cee{name: noname21, obj: 0xFF40AA0, thread: 5876};TID 5876
2016-06-06 09:26:14.073646;***TP***;;data: 0.00 mcs  begin trans: 0.00 mcs  process_tables: 0.00 mcs  commit: 0.00 mcs  parse: 0.00 mcs  stat: 0.00 mcs  user cbk: 0.00 mcs  5: 0.00 mcs  ;TID 5876
2016-06-06 09:26:14.073650;cgate.env;;Listener was unregistered: 0xFF40934.;TID 8328
2016-06-06 09:26:14.073661;cgate.env;;Listener was unregistered: 0xFF40ADC.;TID 5876
2016-06-06 09:26:14.073704;cgate.user;;cg_conn_close: 1001F320;TID 5876
2016-06-06 09:26:14.073707;cgate.connection.p2;;Close @cee{name: noname5, obj: 0x1001F2E8, thread: 5876};TID 5876
2016-06-06 09:26:14.073784;p2repl-cli;WARNING;Stream state was changed during service resolve;currState 0; prevState 10strm 0x101FE9B8;TID 5876
2016-06-06 09:26:14.074680;P2ReplStorage;;Basic policy deleted;policy 0xFFC38C0;strm 0x101FE9B8;TID 5876
2016-06-06 09:26:14.074681;cgate.user;;cg_lsn_close: FF5DF8C;TID 8328
2016-06-06 09:26:14.074688;cgate.listener.p2repl;;Close @cee{name: noname15, obj: 0xFF5DF50, thread: 8328};TID 8328
2016-06-06 09:26:14.074690;cgate.user;;cg_lsn_destroy: FF4181C;TID 948
2016-06-06 09:26:14.074693;cgate.listener.p2repl;;close. @cee{name: noname15, obj: 0xFF5DF50, thread: 8328};TID 8328
2016-06-06 09:26:14.074694;cgate.listener.p2repl;;Done @cee{name: noname13, obj: 0xFF417E0, thread: 948};TID 948
2016-06-06 09:26:14.074699;***TP***;;data: 0.00 mcs  begin trans: 0.00 mcs  process_tables: 0.00 mcs  commit: 0.00 mcs  parse: 0.00 mcs  stat: 0.00 mcs  user cbk: 0.00 mcs  5: 0.00 mcs  ;TID 8328
2016-06-06 09:26:14.074700;***TP***;;data: 0.00 mcs  begin trans: 0.00 mcs  process_tables: 0.00 mcs  commit: 0.00 mcs  parse: 0.00 mcs  stat: 0.00 mcs  user cbk: 0.00 mcs  5: 0.00 mcs  ;TID 948
2016-06-06 09:26:14.074706;p2repl-cli;WARNING;Stream state was changed;strm 0x101EBA50;TID 5876
2016-06-06 09:26:14.074709;P2ReplStorage;;Basic policy deleted;policy 0xFFC3A60;strm 0x101EBA50;TID 5876
2016-06-06 09:26:14.074711;cgate.env;;Listener was unregistered: 0xFF4181C.;TID 948
2016-06-06 09:26:14.074712;p2mq-cli;;Connection disconnected; mq-conn 0x5;TID 5876
2016-06-06 09:26:14.074717;cgate.listener.p2repl;;State changed OPENING -> CLOSED @cee{name: noname15, obj: 0xFF5DF50, thread: 8328};TID 8328
2016-06-06 09:26:14.074722;cgate.user;;cg_lsn_destroy: FF5DF8C;TID 8328
2016-06-06 09:26:14.074724;cgate.listener.p2repl;;Done @cee{name: noname15, obj: 0xFF5DF50, thread: 8328};TID 8328
2016-06-06 09:26:14.074728;***TP***;;data: 0.00 mcs  begin trans: 0.00 mcs  process_tables: 0.00 mcs  commit: 0.00 mcs  parse: 0.00 mcs  stat: 0.00 mcs  user cbk: 0.00 mcs  5: 0.00 mcs  ;TID 8328
2016-06-06 09:26:14.074728;cgate.user;;cg_lsn_close: FF419C4;TID 948
2016-06-06 09:26:14.074730;cgate.listener.p2repl;;Close @cee{name: noname22, obj: 0xFF41988, thread: 948};TID 948
2016-06-06 09:26:14.074733;cgate.listener.p2repl;;close. @cee{name: noname22, obj: 0xFF41988, thread: 948};TID 948
2016-06-06 09:26:14.074734;cgate.env;;Listener was unregistered: 0xFF5DF8C.;TID 8328
2016-06-06 09:26:14.074738;***TP***;;data: 0.00 mcs  begin trans: 0.00 mcs  process_tables: 0.00 mcs  commit: 0.00 mcs  parse: 0.00 mcs  stat: 0.00 mcs  user cbk: 0.00 mcs  5: 0.00 mcs  ;TID 948
2016-06-06 09:26:14.074747;cgate.user;;cg_lsn_close: FF5D3F4;TID 8328
2016-06-06 09:26:14.074748;cgate.listener.p2repl;;Close @cee{name: noname16, obj: 0xFF5D3B8, thread: 8328};TID 8328
2016-06-06 09:26:14.074750;cgate.listener.p2repl;;close. @cee{name: noname16, obj: 0xFF5D3B8, thread: 8328};TID 8328
2016-06-06 09:26:14.074755;***TP***;;data: 0.00 mcs  begin trans: 0.00 mcs  process_tables: 0.00 mcs  commit: 0.00 mcs  parse: 0.00 mcs  stat: 0.00 mcs  user cbk: 0.00 mcs  5: 0.00 mcs  ;TID 8328
2016-06-06 09:26:14.074759;cgate.listener.p2repl;;State changed OPENING -> CLOSED @cee{name: noname22, obj: 0xFF41988, thread: 948};TID 948
2016-06-06 09:26:14.074762;cgate.user;;cg_lsn_destroy: FF419C4;TID 948
2016-06-06 09:26:14.074764;cgate.listener.p2repl;;Done @cee{name: noname22, obj: 0xFF41988, thread: 948};TID 948
2016-06-06 09:26:14.074767;***TP***;;data: 0.00 mcs  begin trans: 0.00 mcs  process_tables: 0.00 mcs  commit: 0.00 mcs  parse: 0.00 mcs  stat: 0.00 mcs  user cbk: 0.00 mcs  5: 0.00 mcs  ;TID 948
2016-06-06 09:26:14.074817;cgate.env;;Listener was unregistered: 0xFF419C4.;TID 948
2016-06-06 09:26:14.074820;cgate.listener.p2repl;;State changed OPENING -> CLOSED @cee{name: noname16, obj: 0xFF5D3B8, thread: 8328};TID 8328
2016-06-06 09:26:14.074824;cgate.user;;cg_lsn_destroy: FF5D3F4;TID 8328
2016-06-06 09:26:14.074825;cgate.listener.p2repl;;Done @cee{name: noname16, obj: 0xFF5D3B8, thread: 8328};TID 8328
2016-06-06 09:26:14.074828;***TP***;;data: 0.00 mcs  begin trans: 0.00 mcs  process_tables: 0.00 mcs  commit: 0.00 mcs  parse: 0.00 mcs  stat: 0.00 mcs  user cbk: 0.00 mcs  5: 0.00 mcs  ;TID 8328
2016-06-06 09:26:14.074833;cgate.env;;Listener was unregistered: 0xFF5D3F4.;TID 8328
2016-06-06 09:26:14.074836;cgate.user;;cg_conn_close: 1001FD70;TID 948
2016-06-06 09:26:14.074838;cgate.connection.p2;;Close @cee{name: noname3, obj: 0x1001FD38, thread: 948};TID 948
2016-06-06 09:26:14.074842;cgate.user;;cg_lsn_close: FF5DC3C;TID 8328
2016-06-06 09:26:14.074843;cgate.listener.p2repl;;Close @cee{name: noname17, obj: 0xFF5DC00, thread: 8328};TID 8328
2016-06-06 09:26:14.074845;cgate.listener.p2repl;;close. @cee{name: noname17, obj: 0xFF5DC00, thread: 8328};TID 8328
2016-06-06 09:26:14.074849;***TP***;;data: 0.00 mcs  begin trans: 0.00 mcs  process_tables: 0.00 mcs  commit: 0.00 mcs  parse: 0.00 mcs  stat: 0.00 mcs  user cbk: 0.00 mcs  5: 0.00 mcs  ;TID 8328
2016-06-06 09:26:14.074865;cgate.connection.p2;;State changed ACTIVE -> CLOSED @cee{name: noname5, obj: 0x1001F2E8, thread: 5876};TID 5876
2016-06-06 09:26:14.074866;cgate.listener.p2repl;;State changed OPENING -> CLOSED @cee{name: noname17, obj: 0xFF5DC00, thread: 8328};TID 8328
2016-06-06 09:26:14.074868;cgate.user;;cg_lsn_destroy: FF5DC3C;TID 8328
2016-06-06 09:26:14.074870;cgate.listener.p2repl;;Done @cee{name: noname17, obj: 0xFF5DC00, thread: 8328};TID 8328
2016-06-06 09:26:14.074871;cgate.user;;cg_conn_destroy: 1001F320;TID 5876
2016-06-06 09:26:14.074873;cgate.connection.p2;;done: connection done. @cee{name: noname5, obj: 0x1001F2E8, thread: 5876};TID 5876
2016-06-06 09:26:14.074873;***TP***;;data: 0.00 mcs  begin trans: 0.00 mcs  process_tables: 0.00 mcs  commit: 0.00 mcs  parse: 0.00 mcs  stat: 0.00 mcs  user cbk: 0.00 mcs  5: 0.00 mcs  ;TID 8328
2016-06-06 09:26:14.074875;cgate.connection.p2;;Close @cee{name: noname5, obj: 0x1001F2E8, thread: 5876};TID 5876
2016-06-06 09:26:14.074877;cgate.env;;Listener was unregistered: 0xFF5DC3C.;TID 8328
2016-06-06 09:26:14.074882;cgate.env;;Connection was unregistered: 0x1001F320.;TID 5876
2016-06-06 09:26:14.074885;p2repl-cli;WARNING;Stream state was changed during service resolve;currState 0; prevState 10strm 0x101EDAF8;TID 948
2016-06-06 09:26:14.074887;cgate.user;;cg_lsn_close: FF5E134;TID 8328
2016-06-06 09:26:14.074888;P2ReplStorage;;Basic policy deleted;policy 0x101E1A10;strm 0x101EDAF8;TID 948
2016-06-06 09:26:14.074888;cgate.listener.p2repl;;Close @cee{name: noname18, obj: 0xFF5E0F8, thread: 8328};TID 8328
2016-06-06 09:26:14.074891;cgate.listener.p2repl;;close. @cee{name: noname18, obj: 0xFF5E0F8, thread: 8328};TID 8328
2016-06-06 09:26:14.074892;p2repl-cli;WARNING;Stream state was changed during service resolve;currState 0; prevState 10strm 0x101FE330;TID 948
2016-06-06 09:26:14.074894;P2ReplStorage;;Basic policy deleted;policy 0x101E18D8;strm 0x101FE330;TID 948
2016-06-06 09:26:14.074895;***TP***;;data: 0.00 mcs  begin trans: 0.00 mcs  process_tables: 0.00 mcs  commit: 0.00 mcs  parse: 0.00 mcs  stat: 0.00 mcs  user cbk: 0.00 mcs  5: 0.00 mcs  ;TID 8328
2016-06-06 09:26:14.074897;p2mq-cli;;Connection disconnected; mq-conn 0x3;TID 948
2016-06-06 09:26:14.074903;cgate.listener.p2repl;;State changed OPENING -> CLOSED @cee{name: noname18, obj: 0xFF5E0F8, thread: 8328};TID 8328
2016-06-06 09:26:14.074906;cgate.user;;cg_lsn_destroy: FF5E134;TID 8328
2016-06-06 09:26:14.074907;cgate.listener.p2repl;;Done @cee{name: noname18, obj: 0xFF5E0F8, thread: 8328};TID 8328
2016-06-06 09:26:14.074910;***TP***;;data: 0.00 mcs  begin trans: 0.00 mcs  process_tables: 0.00 mcs  commit: 0.00 mcs  parse: 0.00 mcs  stat: 0.00 mcs  user cbk: 0.00 mcs  5: 0.00 mcs  ;TID 8328
2016-06-06 09:26:14.074914;cgate.env;;Listener was unregistered: 0xFF5E134.;TID 8328
2016-06-06 09:26:14.074919;cgate.user;;cg_lsn_close: FF5DA94;TID 8328
2016-06-06 09:26:14.074921;cgate.listener.p2repl;;Close @cee{name: noname19, obj: 0xFF5DA58, thread: 8328};TID 8328
2016-06-06 09:26:14.074923;cgate.listener.p2repl;;close. @cee{name: noname19, obj: 0xFF5DA58, thread: 8328};TID 8328
2016-06-06 09:26:14.074927;***TP***;;data: 0.00 mcs  begin trans: 0.00 mcs  process_tables: 0.00 mcs  commit: 0.00 mcs  parse: 0.00 mcs  stat: 0.00 mcs  user cbk: 0.00 mcs  5: 0.00 mcs  ;TID 8328
2016-06-06 09:26:14.074935;cgate.listener.p2repl;;State changed OPENING -> CLOSED @cee{name: noname19, obj: 0xFF5DA58, thread: 8328};TID 8328
2016-06-06 09:26:14.074937;cgate.user;;cg_lsn_destroy: FF5DA94;TID 8328
2016-06-06 09:26:14.074938;cgate.listener.p2repl;;Done @cee{name: noname19, obj: 0xFF5DA58, thread: 8328};TID 8328
2016-06-06 09:26:14.075732;***TP***;;data: 0.00 mcs  begin trans: 0.00 mcs  process_tables: 0.00 mcs  commit: 0.00 mcs  parse: 0.00 mcs  stat: 0.00 mcs  user cbk: 0.00 mcs  5: 0.00 mcs  ;TID 8328
2016-06-06 09:26:14.075741;cgate.env;;Listener was unregistered: 0xFF5DA94.;TID 8328
2016-06-06 09:26:14.075760;cgate.user;;cg_lsn_close: FF4043C;TID 8328
2016-06-06 09:26:14.075762;cgate.listener.p2repl;;Close @cee{name: noname20, obj: 0xFF40400, thread: 8328};TID 8328
2016-06-06 09:26:14.075765;cgate.listener.p2repl;;close. @cee{name: noname20, obj: 0xFF40400, thread: 8328};TID 8328
2016-06-06 09:26:14.075769;***TP***;;data: 0.00 mcs  begin trans: 0.00 mcs  process_tables: 0.00 mcs  commit: 0.00 mcs  parse: 0.00 mcs  stat: 0.00 mcs  user cbk: 0.00 mcs  5: 0.00 mcs  ;TID 8328
2016-06-06 09:26:14.075783;cgate.listener.p2repl;;State changed OPENING -> CLOSED @cee{name: noname20, obj: 0xFF40400, thread: 8328};TID 8328
2016-06-06 09:26:14.075785;cgate.user;;cg_lsn_destroy: FF4043C;TID 8328
2016-06-06 09:26:14.075786;cgate.listener.p2repl;;Done @cee{name: noname20, obj: 0xFF40400, thread: 8328};TID 8328
2016-06-06 09:26:14.075789;***TP***;;data: 0.00 mcs  begin trans: 0.00 mcs  process_tables: 0.00 mcs  commit: 0.00 mcs  parse: 0.00 mcs  stat: 0.00 mcs  user cbk: 0.00 mcs  5: 0.00 mcs  ;TID 8328
2016-06-06 09:26:14.075795;cgate.env;;Listener was unregistered: 0xFF4043C.;TID 8328
2016-06-06 09:26:14.075796;cgate.connection.p2;;State changed ACTIVE -> CLOSED @cee{name: noname3, obj: 0x1001FD38, thread: 948};TID 948
2016-06-06 09:26:14.075803;cgate.user;;cg_conn_destroy: 1001FD70;TID 948
2016-06-06 09:26:14.075804;cgate.connection.p2;;done: connection done. @cee{name: noname3, obj: 0x1001FD38, thread: 948};TID 948
2016-06-06 09:26:14.075806;cgate.connection.p2;;Close @cee{name: noname3, obj: 0x1001FD38, thread: 948};TID 948
2016-06-06 09:26:14.075807;cgate.user;;cg_conn_close: 1001FBB8;TID 8328
2016-06-06 09:26:14.075809;cgate.connection.p2;;Close @cee{name: noname2, obj: 0x1001FB80, thread: 8328};TID 8328
2016-06-06 09:26:14.075814;cgate.env;;Connection was unregistered: 0x1001FD70.;TID 948
2016-06-06 09:26:14.075851;p2repl-cli;WARNING;Stream state was changed during service resolve;currState 0; prevState 10strm 0x101EC760;TID 8328
2016-06-06 09:26:14.075854;P2ReplStorage;;Basic policy deleted;policy 0x101E16D8;strm 0x101EC760;TID 8328
2016-06-06 09:26:14.075858;p2repl-cli;WARNING;Stream state was changed during service resolve;currState 0; prevState 10strm 0x101EE808;TID 8328
2016-06-06 09:26:14.075860;P2ReplStorage;;Basic policy deleted;policy 0x101E1538;strm 0x101EE808;TID 8328
2016-06-06 09:26:14.075863;p2repl-cli;WARNING;Stream state was changed during service resolve;currState 0; prevState 10strm 0x101ECDE8;TID 8328
2016-06-06 09:26:14.075865;P2ReplStorage;;Basic policy deleted;policy 0x101E15A0;strm 0x101ECDE8;TID 8328
2016-06-06 09:26:14.075868;p2repl-cli;WARNING;Stream state was changed during service resolve;currState 0; prevState 10strm 0x101ED470;TID 8328
2016-06-06 09:26:14.075869;P2ReplStorage;;Basic policy deleted;policy 0xFFC3B30;strm 0x101ED470;TID 8328
2016-06-06 09:26:14.075873;p2repl-cli;WARNING;Stream state was changed during service resolve;currState 0; prevState 10strm 0x101EE180;TID 8328
2016-06-06 09:26:14.075874;P2ReplStorage;;Basic policy deleted;policy 0xFFC3580;strm 0x101EE180;TID 8328
2016-06-06 09:26:14.075877;p2repl-cli;WARNING;Stream state was changed during service resolve;currState 0; prevState 10strm 0x101EB3C8;TID 8328
2016-06-06 09:26:14.075878;P2ReplStorage;;Basic policy deleted;policy 0xFFC35E8;strm 0x101EB3C8;TID 8328
2016-06-06 09:26:14.075882;p2repl-cli;WARNING;Stream state was changed;strm 0x101EC0D8;TID 8328
2016-06-06 09:26:14.075884;P2ReplStorage;;Basic policy deleted;policy 0x101E1670;strm 0x101EC0D8;TID 8328
2016-06-06 09:26:14.075886;p2mq-cli;;Connection disconnected; mq-conn 0x2;TID 8328
2016-06-06 09:26:14.075989;cgate.connection.p2;;State changed ACTIVE -> CLOSED @cee{name: noname2, obj: 0x1001FB80, thread: 8328};TID 8328
2016-06-06 09:26:14.075995;cgate.user;;cg_conn_destroy: 1001FBB8;TID 8328
2016-06-06 09:26:14.075997;cgate.connection.p2;;done: connection done. @cee{name: noname2, obj: 0x1001FB80, thread: 8328};TID 8328
2016-06-06 09:26:14.075999;cgate.connection.p2;;Close @cee{name: noname2, obj: 0x1001FB80, thread: 8328};TID 8328
2016-06-06 09:26:14.076004;cgate.env;;Connection was unregistered: 0x1001FBB8.;TID 8328
2016-06-06 09:26:14.077971;cgate.user;;cg_lsn_close: FF56654;TID 8044
2016-06-06 09:26:14.077979;cgate.listener.p2repl;;Close @cee{name: noname11, obj: 0xFF56618, thread: 8044};TID 8044
2016-06-06 09:26:14.077982;cgate.listener.p2repl;;close. @cee{name: noname11, obj: 0xFF56618, thread: 8044};TID 8044
2016-06-06 09:26:14.077989;***TP***;;data: 0.00 mcs  begin trans: 0.00 mcs  process_tables: 0.00 mcs  commit: 0.00 mcs  parse: 0.00 mcs  stat: 0.00 mcs  user cbk: 0.00 mcs  5: 0.00 mcs  ;TID 8044
2016-06-06 09:26:14.078018;cgate.listener.p2repl;;State changed OPENING -> CLOSED @cee{name: noname11, obj: 0xFF56618, thread: 8044};TID 8044
2016-06-06 09:26:14.078022;cgate.user;;cg_lsn_destroy: FF56654;TID 8044
2016-06-06 09:26:14.078023;cgate.listener.p2repl;;Done @cee{name: noname11, obj: 0xFF56618, thread: 8044};TID 8044
2016-06-06 09:26:14.078027;***TP***;;data: 0.00 mcs  begin trans: 0.00 mcs  process_tables: 0.00 mcs  commit: 0.00 mcs  parse: 0.00 mcs  stat: 0.00 mcs  user cbk: 0.00 mcs  5: 0.00 mcs  ;TID 8044
2016-06-06 09:26:14.078037;cgate.env;;Listener was unregistered: 0xFF56654.;TID 8044
2016-06-06 09:26:14.078050;cgate.user;;cg_conn_close: 1001F168;TID 8044
2016-06-06 09:26:14.078053;cgate.connection.p2;;Close @cee{name: noname4, obj: 0x1001F130, thread: 8044};TID 8044
2016-06-06 09:26:14.078110;p2repl-cli;WARNING;Stream state was changed during service resolve;currState 0; prevState 10strm 0x101EAD40;TID 8044
2016-06-06 09:26:14.078113;P2ReplStorage;;Basic policy deleted;policy 0x101E1400;strm 0x101EAD40;TID 8044
2016-06-06 09:26:14.078121;p2mq-cli;;Connection disconnected; mq-conn 0x4;TID 8044
2016-06-06 09:26:14.078221;cgate.connection.p2;;State changed ACTIVE -> CLOSED @cee{name: noname4, obj: 0x1001F130, thread: 8044};TID 8044
2016-06-06 09:26:14.078230;cgate.user;;cg_conn_destroy: 1001F168;TID 8044
2016-06-06 09:26:14.078232;cgate.connection.p2;;done: connection done. @cee{name: noname4, obj: 0x1001F130, thread: 8044};TID 8044
2016-06-06 09:26:14.078234;cgate.connection.p2;;Close @cee{name: noname4, obj: 0x1001F130, thread: 8044};TID 8044
2016-06-06 09:26:14.078242;cgate.env;;Connection was unregistered: 0x1001F168.;TID 8044
2016-06-06 09:26:18.146238;cgate.user;;cg_pub_close: 1001F84C;TID 7152
2016-06-06 09:26:18.146278;cgate.publisher.p2mq;;Close @cee{name: pub_127_0_0_1_4001_SS_0, obj: 0x1001F810, thread: 7152};TID 7152
2016-06-06 09:26:18.146287;cgate.publisher.p2mq;;close. @cee{name: pub_127_0_0_1_4001_SS_0, obj: 0x1001F810, thread: 7152};TID 7152
2016-06-06 09:26:18.146322;cgate.publisher.p2mq;;State changed ERROR -> CLOSED @cee{name: pub_127_0_0_1_4001_SS_0, obj: 0x1001F810, thread: 7152};TID 7152
2016-06-06 09:26:18.146330;cgate.publisher.p2mq;;close: notify listeners publisher is closing. @cee{name: pub_127_0_0_1_4001_SS_0, obj: 0x1001F810, thread: 7152};TID 7152
2016-06-06 09:26:18.146696;cgate.user;;cg_pub_destroy: 1001F84C;TID 7152
2016-06-06 09:26:18.146715;cgate.publisher.p2mq;;done: done publisher. @cee{name: pub_127_0_0_1_4001_SS_0, obj: 0x1001F810, thread: 7152};TID 7152
2016-06-06 09:26:18.146724;cgate.publisher.p2mq;;done: notify listeners publisher is destroyed. @cee{name: pub_127_0_0_1_4001_SS_0, obj: 0x1001F810, thread: 7152};TID 7152
2016-06-06 09:26:18.146765;cgate.env;;Publisher was unregistered: 0x1001F84C.;TID 7152
