2016-01-14 13:46:17.843;p2syslog;;Use async writing mode; msg_pool_size: 2048; logthread_affinity 0x0;TID 6632
2016-01-14 13:46:17.843;cgate.env;;Registered default p2 logger cgate.env.;TID 6632
2016-01-14 13:46:17.843;cgate.env;;Registered default p2 logger cgate.user.;TID 6632
2016-01-14 13:46:17.843;p2mq-cli;;MQ library started.;TID 6632
2016-01-14 13:46:17.843;p2repl-cli;;Client replication library started;TID 6632
2016-01-14 13:46:17.843;cgate.env;;New conn impl registered: p2tcp.;TID 6632
2016-01-14 13:46:17.843;cgate.env;;New conn impl registered: p2lrpcq.;TID 6632
2016-01-14 13:46:17.843;cgate.env;;New conn impl registered: p2sys.;TID 6632
2016-01-14 13:46:17.843;cgate.env;;New listener impl registered: p2sys.;TID 6632
2016-01-14 13:46:17.843;cgate.env;;New publisher impl registered: p2sys.;TID 6632
2016-01-14 13:46:17.843;cgate.env;;New publisher impl registered: p2mq.;TID 6632
2016-01-14 13:46:17.843;cgate.env;;New listener impl registered: p2repl.;TID 6632
2016-01-14 13:46:17.843;cgate.env;;New listener impl registered: p2mqreply.;TID 6632
2016-01-14 13:46:17.843;cgate.env;;New listener impl registered: p2ordbook.;TID 6632
2016-01-14 13:46:17.843;cgate.env;;New conn impl registered: timer.;TID 6632
2016-01-14 13:46:17.843;cgate.env;;New listener impl registered: interval_timer.;TID 6632
2016-01-14 13:46:17.843;cgate.env;;New listener impl registered: cron_timer.;TID 6632
2016-01-14 13:46:17.843;cgate.user;;Cgate version: 1.3.12;TID 6632
2016-01-14 13:46:17.843;cgate.user;;OS version: Microsoft Windows 7 Ultimate Edition Service Pack 1 (build 7601), 64-bit;TID 6632
2016-01-14 13:46:17.843;cgate.user;;P2 version: 203.;TID 6632
2016-01-14 13:46:17.843;cgate.user;;Current work path: C:\Repository\-AistTrader\AistTrader\AistTrader\bin\x64\Debug;TID 6632
2016-01-14 13:46:17.843;cgate.user;;cg_env_open settings: ini=StockSharp.Plaza.CGate.ini;key=11111111;TID 6632
2016-01-14 13:46:17.843;cgate.user;;cg_conn_new settings: p2tcp://127.0.0.1:4001;app_name=TestCGateConnection_0;TID 6632
2016-01-14 13:46:17.843;cgate.env;;Registered default p2 logger cgate.connection.p2.;TID 6632
2016-01-14 13:46:17.843;cgate.connection.p2;;init: connection init. Connection settings: p2tcp://127.0.0.1:4001;app_name=TestCGateConnection_0;name=noname1 @cee{name: , obj: 0x1BE16110, thread: 6632};TID 6632
2016-01-14 13:46:17.843;cgate.env;;New connection was registered: noname1.;TID 6632
2016-01-14 13:46:17.843;cgate.user;;cg_conn_new settings: p2tcp://127.0.0.1:4001;app_name=TestCGateConnection_1;TID 11012
2016-01-14 13:46:17.843;cgate.connection.p2;;init: connection init. Connection settings: p2tcp://127.0.0.1:4001;app_name=TestCGateConnection_1;name=noname2 @cee{name: , obj: 0x1BE163A0, thread: 11012};TID 11012
2016-01-14 13:46:17.843;cgate.env;;New connection was registered: noname2.;TID 11012
2016-01-14 13:46:17.843;cgate.user;;cg_conn_new settings: p2tcp://127.0.0.1:4001;app_name=TestCGateConnection_4;TID 8124
2016-01-14 13:46:17.843;cgate.connection.p2;;init: connection init. Connection settings: p2tcp://127.0.0.1:4001;app_name=TestCGateConnection_4;name=noname3 @cee{name: , obj: 0x1BE168C0, thread: 8124};TID 8124
2016-01-14 13:46:17.843;cgate.env;;New connection was registered: noname3.;TID 8124
2016-01-14 13:46:17.844;cgate.user;;cg_conn_open: 1BE16160;TID 6632
2016-01-14 13:46:17.844;cgate.user;;cg_conn_open settings: ;TID 6632
2016-01-14 13:46:17.844;cgate.connection.p2;;open: connection open. @cee{name: noname1, obj: 0x1BE16110, thread: 6632};TID 6632
2016-01-14 13:46:17.844;cgate.connection.p2;;P2MQ connection string: appName=TestCGateConnection_0;host=127.0.0.1;port=4001;timeout=3000;localTimeout=30000;
 @cee{name: noname1, obj: 0x1BE16110, thread: 6632};TID 6632
2016-01-14 13:46:17.844;cgate.user;;cg_conn_open: 1BE16910;TID 8124
2016-01-14 13:46:17.844;cgate.user;;cg_conn_open settings: ;TID 8124
2016-01-14 13:46:17.844;cgate.connection.p2;;open: connection open. @cee{name: noname3, obj: 0x1BE168C0, thread: 8124};TID 8124
2016-01-14 13:46:17.844;cgate.connection.p2;;P2MQ connection string: appName=TestCGateConnection_4;host=127.0.0.1;port=4001;timeout=3000;localTimeout=30000;
 @cee{name: noname3, obj: 0x1BE168C0, thread: 8124};TID 8124
2016-01-14 13:46:17.844;cgate.user;;cg_conn_new settings: p2tcp://127.0.0.1:4001;app_name=TestCGateConnection_3;TID 13784
2016-01-14 13:46:17.844;cgate.connection.p2;;init: connection init. Connection settings: p2tcp://127.0.0.1:4001;app_name=TestCGateConnection_3;name=noname4 @cee{name: , obj: 0x1BE16B50, thread: 13784};TID 13784
2016-01-14 13:46:17.844;cgate.env;;New connection was registered: noname4.;TID 13784
2016-01-14 13:46:17.844;cgate.user;;cg_conn_open: 1BE16BA0;TID 13784
2016-01-14 13:46:17.844;cgate.user;;cg_conn_open settings: ;TID 13784
2016-01-14 13:46:17.844;cgate.connection.p2;;open: connection open. @cee{name: noname4, obj: 0x1BE16B50, thread: 13784};TID 13784
2016-01-14 13:46:17.844;cgate.connection.p2;;P2MQ connection string: appName=TestCGateConnection_3;host=127.0.0.1;port=4001;timeout=3000;localTimeout=30000;
 @cee{name: noname4, obj: 0x1BE16B50, thread: 13784};TID 13784
2016-01-14 13:46:17.844;cgate.user;;cg_conn_new settings: p2tcp://127.0.0.1:4001;app_name=TestCGateConnection_2;TID 1336
2016-01-14 13:46:17.844;cgate.connection.p2;;init: connection init. Connection settings: p2tcp://127.0.0.1:4001;app_name=TestCGateConnection_2;name=noname5 @cee{name: , obj: 0x1BE16DE0, thread: 1336};TID 1336
2016-01-14 13:46:17.844;cgate.env;;New connection was registered: noname5.;TID 1336
2016-01-14 13:46:17.844;cgate.user;;cg_conn_open: 1BE16E30;TID 1336
2016-01-14 13:46:17.844;cgate.user;;cg_conn_open settings: ;TID 1336
2016-01-14 13:46:17.844;cgate.connection.p2;;open: connection open. @cee{name: noname5, obj: 0x1BE16DE0, thread: 1336};TID 1336
2016-01-14 13:46:17.844;cgate.connection.p2;;P2MQ connection string: appName=TestCGateConnection_2;host=127.0.0.1;port=4001;timeout=3000;localTimeout=30000;
 @cee{name: noname5, obj: 0x1BE16DE0, thread: 1336};TID 1336
2016-01-14 13:46:17.845;cgate.user;;cg_conn_open: 1BE163F0;TID 11012
2016-01-14 13:46:17.845;cgate.user;;cg_conn_open settings: ;TID 11012
2016-01-14 13:46:17.845;cgate.connection.p2;;open: connection open. @cee{name: noname2, obj: 0x1BE163A0, thread: 11012};TID 11012
2016-01-14 13:46:17.845;cgate.connection.p2;;P2MQ connection string: appName=TestCGateConnection_1;host=127.0.0.1;port=4001;timeout=3000;localTimeout=30000;
 @cee{name: noname2, obj: 0x1BE163A0, thread: 11012};TID 11012
2016-01-14 13:46:17.845;p2mq-cli;;Connection 0x1BF746D0 connected; mq-conn 0x3; router state 'connected'; 'appName=TestCGateConnection_4;host=127.0.0.1;port=4001;timeout=3000;localTimeout=30000;';TID 8124
2016-01-14 13:46:17.845;cgate.connection.p2;;State changed CLOSED -> OPENING @cee{name: noname3, obj: 0x1BE168C0, thread: 8124};TID 8124
2016-01-14 13:46:17.845;cgate.connection.p2;;Checking certification for: 127.0.0.1:4001, key: 11111111 @cee{name: noname3, obj: 0x1BE168C0, thread: 8124};TID 8124
2016-01-14 13:46:17.845;cgate.connection.p2;;State changed OPENING -> ACTIVE @cee{name: noname3, obj: 0x1BE168C0, thread: 8124};TID 8124
2016-01-14 13:46:17.845;p2mq-cli;;Connection 0x1BF78EB0 connected; mq-conn 0x1; router state 'connected'; 'appName=TestCGateConnection_0;host=127.0.0.1;port=4001;timeout=3000;localTimeout=30000;';TID 6632
2016-01-14 13:46:17.845;cgate.connection.p2;;State changed CLOSED -> OPENING @cee{name: noname1, obj: 0x1BE16110, thread: 6632};TID 6632
2016-01-14 13:46:17.845;cgate.connection.p2;;Checking certification for: 127.0.0.1:4001, key: 11111111 @cee{name: noname1, obj: 0x1BE16110, thread: 6632};TID 6632
2016-01-14 13:46:17.845;cgate.connection.p2;;State changed OPENING -> ACTIVE @cee{name: noname1, obj: 0x1BE16110, thread: 6632};TID 6632
2016-01-14 13:46:17.846;p2mq-cli;;Connection 0x23E3C890 connected; mq-conn 0x4; router state 'connected'; 'appName=TestCGateConnection_3;host=127.0.0.1;port=4001;timeout=3000;localTimeout=30000;';TID 13784
2016-01-14 13:46:17.846;cgate.connection.p2;;State changed CLOSED -> OPENING @cee{name: noname4, obj: 0x1BE16B50, thread: 13784};TID 13784
2016-01-14 13:46:17.846;cgate.connection.p2;;Checking certification for: 127.0.0.1:4001, key: 11111111 @cee{name: noname4, obj: 0x1BE16B50, thread: 13784};TID 13784
2016-01-14 13:46:17.846;cgate.connection.p2;;State changed OPENING -> ACTIVE @cee{name: noname4, obj: 0x1BE16B50, thread: 13784};TID 13784
2016-01-14 13:46:17.846;p2mq-cli;;Connection 0x1BE9E2F0 connected; mq-conn 0x5; router state 'connected'; 'appName=TestCGateConnection_2;host=127.0.0.1;port=4001;timeout=3000;localTimeout=30000;';TID 1336
2016-01-14 13:46:17.846;cgate.connection.p2;;State changed CLOSED -> OPENING @cee{name: noname5, obj: 0x1BE16DE0, thread: 1336};TID 1336
2016-01-14 13:46:17.846;cgate.connection.p2;;Checking certification for: 127.0.0.1:4001, key: 11111111 @cee{name: noname5, obj: 0x1BE16DE0, thread: 1336};TID 1336
2016-01-14 13:46:17.846;cgate.connection.p2;;State changed OPENING -> ACTIVE @cee{name: noname5, obj: 0x1BE16DE0, thread: 1336};TID 1336
2016-01-14 13:46:17.846;p2mq-cli;;Connection 0x1BE9E5E0 connected; mq-conn 0x2; router state 'connected'; 'appName=TestCGateConnection_1;host=127.0.0.1;port=4001;timeout=3000;localTimeout=30000;';TID 11012
2016-01-14 13:46:17.846;cgate.connection.p2;;State changed CLOSED -> OPENING @cee{name: noname2, obj: 0x1BE163A0, thread: 11012};TID 11012
2016-01-14 13:46:17.846;cgate.connection.p2;;Checking certification for: 127.0.0.1:4001, key: 11111111 @cee{name: noname2, obj: 0x1BE163A0, thread: 11012};TID 11012
2016-01-14 13:46:17.846;cgate.connection.p2;;State changed OPENING -> ACTIVE @cee{name: noname2, obj: 0x1BE163A0, thread: 11012};TID 11012
2016-01-14 13:46:17.860;cgate.user;;cg_pub_new settings: p2mq://SOFTWARE_AUTH;category=CERT_MSG;format=raw;name=certlistner_000000001BE16160;timeout=10000;scheme=noscheme;TID 6632
2016-01-14 13:46:17.860;cgate.user;;cg_pub_new settings: p2mq://SOFTWARE_AUTH;category=CERT_MSG;format=raw;name=certlistner_000000001BE16910;timeout=10000;scheme=noscheme;TID 8124
2016-01-14 13:46:17.860;cgate.env;;Registered default p2 logger cgate.publisher.p2mq.;TID 8124
2016-01-14 13:46:17.860;cgate.env;;Registered default p2 logger scheme.;TID 8124
2016-01-14 13:46:17.860;cgate.publisher.p2mq;;init: init publisher. @cee{name: , obj: 0x1BC2C560, thread: 8124};TID 8124
2016-01-14 13:46:17.860;cgate.publisher.p2mq;;init: init publisher. @cee{name: , obj: 0x1BC2C000, thread: 6632};TID 6632
2016-01-14 13:46:17.860;cgate.env;;New publisher was registered: certlistner_000000001BE16910.;TID 8124
2016-01-14 13:46:17.860;cgate.env;;New publisher was registered: certlistner_000000001BE16160.;TID 6632
2016-01-14 13:46:17.860;cgate.user;;cg_lsn_new settings: p2mqreply://;category=CERT_MSG;format=raw;ref=certlistner_000000001BE16910;scheme=noscheme;TID 8124
2016-01-14 13:46:17.860;cgate.user;;cg_lsn_new settings: p2mqreply://;category=CERT_MSG;format=raw;ref=certlistner_000000001BE16160;scheme=noscheme;TID 6632
2016-01-14 13:46:17.860;cgate.env;;Registered default p2 logger cgate.listener.p2mqreply.;TID 6632
2016-01-14 13:46:17.860;cgate.listener.p2mqreply;;init: init listener: p2mqreply://;category=CERT_MSG;format=raw;ref=certlistner_000000001BE16160;scheme=noscheme;name=noname7. @cee{name: , obj: 0x1E37190, thread: 6632};TID 6632
2016-01-14 13:46:17.860;cgate.listener.p2mqreply;;init: init listener: p2mqreply://;category=CERT_MSG;format=raw;ref=certlistner_000000001BE16910;scheme=noscheme;name=noname6. @cee{name: , obj: 0x1E36FF0, thread: 8124};TID 8124
2016-01-14 13:46:17.860;cgate.env;;New listener was registered: noname7.;TID 6632
2016-01-14 13:46:17.860;cgate.user;;cg_pub_open: 1BC2C058;TID 6632
2016-01-14 13:46:17.860;cgate.env;;New listener was registered: noname6.;TID 8124
2016-01-14 13:46:17.860;cgate.user;;cg_pub_open: 1BC2C5B8;TID 8124
2016-01-14 13:46:17.860;cgate.publisher.p2mq;;open: (null). @cee{name: certlistner_000000001BE16160, obj: 0x1BC2C000, thread: 6632};TID 6632
2016-01-14 13:46:17.860;cgate.publisher.p2mq;;open: (null). @cee{name: certlistner_000000001BE16910, obj: 0x1BC2C560, thread: 8124};TID 8124
2016-01-14 13:46:17.860;cgate.publisher.p2mq;;State changed CLOSED -> OPENING @cee{name: certlistner_000000001BE16160, obj: 0x1BC2C000, thread: 6632};TID 6632
2016-01-14 13:46:17.860;cgate.publisher.p2mq;;State changed CLOSED -> OPENING @cee{name: certlistner_000000001BE16910, obj: 0x1BC2C560, thread: 8124};TID 8124
2016-01-14 13:46:17.860;cgate.publisher.p2mq;;open: settings scheme is noscheme. @cee{name: certlistner_000000001BE16160, obj: 0x1BC2C000, thread: 6632};TID 6632
2016-01-14 13:46:17.860;cgate.publisher.p2mq;;open: settings scheme is noscheme. @cee{name: certlistner_000000001BE16910, obj: 0x1BC2C560, thread: 8124};TID 8124
2016-01-14 13:46:17.861;cgate.user;;cg_pub_new settings: p2mq://SOFTWARE_AUTH;category=CERT_MSG;format=raw;name=certlistner_000000001BE16E30;timeout=10000;scheme=noscheme;TID 1336
2016-01-14 13:46:17.861;cgate.user;;cg_pub_new settings: p2mq://SOFTWARE_AUTH;category=CERT_MSG;format=raw;name=certlistner_000000001BE163F0;timeout=10000;scheme=noscheme;TID 11012
2016-01-14 13:46:17.861;cgate.user;;cg_pub_new settings: p2mq://SOFTWARE_AUTH;category=CERT_MSG;format=raw;name=certlistner_000000001BE16BA0;timeout=10000;scheme=noscheme;TID 13784
2016-01-14 13:46:17.861;cgate.publisher.p2mq;;init: init publisher. @cee{name: , obj: 0x1BFD7C00, thread: 1336};TID 1336
2016-01-14 13:46:17.861;cgate.publisher.p2mq;;init: init publisher. @cee{name: , obj: 0x1BFD8C00, thread: 11012};TID 11012
2016-01-14 13:46:17.861;cgate.publisher.p2mq;;init: init publisher. @cee{name: , obj: 0x1BFD9C00, thread: 13784};TID 13784
2016-01-14 13:46:17.861;cgate.env;;New publisher was registered: certlistner_000000001BE16E30.;TID 1336
2016-01-14 13:46:17.861;cgate.user;;cg_lsn_new settings: p2mqreply://;category=CERT_MSG;format=raw;ref=certlistner_000000001BE16E30;scheme=noscheme;TID 1336
2016-01-14 13:46:17.861;cgate.env;;New publisher was registered: certlistner_000000001BE16BA0.;TID 13784
2016-01-14 13:46:17.861;cgate.env;;New publisher was registered: certlistner_000000001BE163F0.;TID 11012
2016-01-14 13:46:17.861;cgate.user;;cg_lsn_new settings: p2mqreply://;category=CERT_MSG;format=raw;ref=certlistner_000000001BE16BA0;scheme=noscheme;TID 13784
2016-01-14 13:46:17.861;cgate.user;;cg_lsn_new settings: p2mqreply://;category=CERT_MSG;format=raw;ref=certlistner_000000001BE163F0;scheme=noscheme;TID 11012
2016-01-14 13:46:17.861;cgate.listener.p2mqreply;;init: init listener: p2mqreply://;category=CERT_MSG;format=raw;ref=certlistner_000000001BE16E30;scheme=noscheme;name=noname8. @cee{name: , obj: 0x1E36CB0, thread: 1336};TID 1336
2016-01-14 13:46:17.861;cgate.env;;New listener was registered: noname8.;TID 1336
2016-01-14 13:46:17.861;cgate.user;;cg_pub_open: 1BFD7C58;TID 1336
2016-01-14 13:46:17.861;cgate.publisher.p2mq;;open: (null). @cee{name: certlistner_000000001BE16E30, obj: 0x1BFD7C00, thread: 1336};TID 1336
2016-01-14 13:46:17.861;cgate.listener.p2mqreply;;init: init listener: p2mqreply://;category=CERT_MSG;format=raw;ref=certlistner_000000001BE163F0;scheme=noscheme;name=noname10. @cee{name: , obj: 0x1E37330, thread: 11012};TID 11012
2016-01-14 13:46:17.861;cgate.publisher.p2mq;;State changed CLOSED -> OPENING @cee{name: certlistner_000000001BE16E30, obj: 0x1BFD7C00, thread: 1336};TID 1336
2016-01-14 13:46:17.861;cgate.listener.p2mqreply;;init: init listener: p2mqreply://;category=CERT_MSG;format=raw;ref=certlistner_000000001BE16BA0;scheme=noscheme;name=noname9. @cee{name: , obj: 0x1E374D0, thread: 13784};TID 13784
2016-01-14 13:46:17.861;cgate.publisher.p2mq;;open: settings scheme is noscheme. @cee{name: certlistner_000000001BE16E30, obj: 0x1BFD7C00, thread: 1336};TID 1336
2016-01-14 13:46:17.861;cgate.env;;New listener was registered: noname10.;TID 11012
2016-01-14 13:46:17.861;cgate.user;;cg_pub_open: 1BFD8C58;TID 11012
2016-01-14 13:46:17.861;cgate.publisher.p2mq;;open: (null). @cee{name: certlistner_000000001BE163F0, obj: 0x1BFD8C00, thread: 11012};TID 11012
2016-01-14 13:46:17.861;cgate.env;;New listener was registered: noname9.;TID 13784
2016-01-14 13:46:17.861;cgate.user;;cg_pub_open: 1BFD9C58;TID 13784
2016-01-14 13:46:17.861;cgate.publisher.p2mq;;open: (null). @cee{name: certlistner_000000001BE16BA0, obj: 0x1BFD9C00, thread: 13784};TID 13784
2016-01-14 13:46:17.861;cgate.publisher.p2mq;;State changed CLOSED -> OPENING @cee{name: certlistner_000000001BE163F0, obj: 0x1BFD8C00, thread: 11012};TID 11012
2016-01-14 13:46:17.861;cgate.publisher.p2mq;;open: settings scheme is noscheme. @cee{name: certlistner_000000001BE163F0, obj: 0x1BFD8C00, thread: 11012};TID 11012
2016-01-14 13:46:17.861;cgate.publisher.p2mq;;State changed CLOSED -> OPENING @cee{name: certlistner_000000001BE16BA0, obj: 0x1BFD9C00, thread: 13784};TID 13784
2016-01-14 13:46:17.861;cgate.publisher.p2mq;;open: settings scheme is noscheme. @cee{name: certlistner_000000001BE16BA0, obj: 0x1BFD9C00, thread: 13784};TID 13784
2016-01-14 13:46:17.883;cgate.publisher.p2mq;;State changed OPENING -> ACTIVE @cee{name: certlistner_000000001BE16910, obj: 0x1BC2C560, thread: 8124};TID 8124
2016-01-14 13:46:17.883;cgate.user;;cg_lsn_open: 1E37048;TID 8124
2016-01-14 13:46:17.883;cgate.listener.p2mqreply;;Open (null) @cee{name: noname6, obj: 0x1E36FF0, thread: 8124};TID 8124
2016-01-14 13:46:17.883;cgate.listener.p2mqreply;;open: (null). @cee{name: noname6, obj: 0x1E36FF0, thread: 8124};TID 8124
2016-01-14 13:46:17.883;cgate.publisher.p2mq;;addHandler: 0x0000000001E37120. @cee{name: certlistner_000000001BE16910, obj: 0x1BC2C560, thread: 8124};TID 8124
2016-01-14 13:46:17.883;cgate.listener.p2mqreply;;State changed CLOSED -> ACTIVE @cee{name: noname6, obj: 0x1E36FF0, thread: 8124};TID 8124
2016-01-14 13:46:17.884;cgate.publisher.p2mq;;State changed OPENING -> ACTIVE @cee{name: certlistner_000000001BE16160, obj: 0x1BC2C000, thread: 6632};TID 6632
2016-01-14 13:46:17.884;cgate.user;;cg_lsn_open: 1E371E8;TID 6632
2016-01-14 13:46:17.884;cgate.listener.p2mqreply;;Open (null) @cee{name: noname7, obj: 0x1E37190, thread: 6632};TID 6632
2016-01-14 13:46:17.884;cgate.listener.p2mqreply;;open: (null). @cee{name: noname7, obj: 0x1E37190, thread: 6632};TID 6632
2016-01-14 13:46:17.884;cgate.publisher.p2mq;;addHandler: 0x0000000001E372C0. @cee{name: certlistner_000000001BE16160, obj: 0x1BC2C000, thread: 6632};TID 6632
2016-01-14 13:46:17.884;cgate.listener.p2mqreply;;State changed CLOSED -> ACTIVE @cee{name: noname7, obj: 0x1E37190, thread: 6632};TID 6632
2016-01-14 13:46:17.885;cgate.publisher.p2mq;;State changed OPENING -> ACTIVE @cee{name: certlistner_000000001BE16E30, obj: 0x1BFD7C00, thread: 1336};TID 1336
2016-01-14 13:46:17.885;cgate.user;;cg_lsn_open: 1E36D08;TID 1336
2016-01-14 13:46:17.885;cgate.listener.p2mqreply;;Open (null) @cee{name: noname8, obj: 0x1E36CB0, thread: 1336};TID 1336
2016-01-14 13:46:17.885;cgate.listener.p2mqreply;;open: (null). @cee{name: noname8, obj: 0x1E36CB0, thread: 1336};TID 1336
2016-01-14 13:46:17.885;cgate.publisher.p2mq;;addHandler: 0x0000000001E36DE0. @cee{name: certlistner_000000001BE16E30, obj: 0x1BFD7C00, thread: 1336};TID 1336
2016-01-14 13:46:17.885;cgate.listener.p2mqreply;;State changed CLOSED -> ACTIVE @cee{name: noname8, obj: 0x1E36CB0, thread: 1336};TID 1336
2016-01-14 13:46:17.885;cgate.publisher.p2mq;;State changed OPENING -> ACTIVE @cee{name: certlistner_000000001BE16BA0, obj: 0x1BFD9C00, thread: 13784};TID 13784
2016-01-14 13:46:17.885;cgate.user;;cg_lsn_open: 1E37528;TID 13784
2016-01-14 13:46:17.885;cgate.listener.p2mqreply;;Open (null) @cee{name: noname9, obj: 0x1E374D0, thread: 13784};TID 13784
2016-01-14 13:46:17.885;cgate.listener.p2mqreply;;open: (null). @cee{name: noname9, obj: 0x1E374D0, thread: 13784};TID 13784
2016-01-14 13:46:17.885;cgate.publisher.p2mq;;addHandler: 0x0000000001E37600. @cee{name: certlistner_000000001BE16BA0, obj: 0x1BFD9C00, thread: 13784};TID 13784
2016-01-14 13:46:17.885;cgate.listener.p2mqreply;;State changed CLOSED -> ACTIVE @cee{name: noname9, obj: 0x1E374D0, thread: 13784};TID 13784
2016-01-14 13:46:17.885;cgate.publisher.p2mq;;State changed OPENING -> ACTIVE @cee{name: certlistner_000000001BE163F0, obj: 0x1BFD8C00, thread: 11012};TID 11012
2016-01-14 13:46:17.885;cgate.user;;cg_lsn_open: 1E37388;TID 11012
2016-01-14 13:46:17.885;cgate.listener.p2mqreply;;Open (null) @cee{name: noname10, obj: 0x1E37330, thread: 11012};TID 11012
2016-01-14 13:46:17.885;cgate.listener.p2mqreply;;open: (null). @cee{name: noname10, obj: 0x1E37330, thread: 11012};TID 11012
2016-01-14 13:46:17.885;cgate.publisher.p2mq;;addHandler: 0x0000000001E37460. @cee{name: certlistner_000000001BE163F0, obj: 0x1BFD8C00, thread: 11012};TID 11012
2016-01-14 13:46:17.885;cgate.listener.p2mqreply;;State changed CLOSED -> ACTIVE @cee{name: noname10, obj: 0x1E37330, thread: 11012};TID 11012
2016-01-14 13:46:17.909;cgate.connection.p2;;Response from cert service was received. @cee{name: noname3, obj: 0x1BE168C0, thread: 8124};TID 8124
2016-01-14 13:46:17.909;cgate.connection.p2;;Connection was successfully verified: 127.0.0.1:4001 @cee{name: noname3, obj: 0x1BE168C0, thread: 8124};TID 8124
2016-01-14 13:46:17.909;cgate.user;;cg_pub_destroy: 1BC2C5B8;TID 8124
2016-01-14 13:46:17.909;cgate.publisher.p2mq;;Close @cee{name: certlistner_000000001BE16910, obj: 0x1BC2C560, thread: 8124};TID 8124
2016-01-14 13:46:17.909;cgate.publisher.p2mq;;close. @cee{name: certlistner_000000001BE16910, obj: 0x1BC2C560, thread: 8124};TID 8124
2016-01-14 13:46:17.909;cgate.publisher.p2mq;;State changed ACTIVE -> CLOSED @cee{name: certlistner_000000001BE16910, obj: 0x1BC2C560, thread: 8124};TID 8124
2016-01-14 13:46:17.909;cgate.publisher.p2mq;;close: notify listeners publisher is closing. @cee{name: certlistner_000000001BE16910, obj: 0x1BC2C560, thread: 8124};TID 8124
2016-01-14 13:46:17.909;cgate.publisher.p2mq;;done: done publisher. @cee{name: certlistner_000000001BE16910, obj: 0x1BC2C560, thread: 8124};TID 8124
2016-01-14 13:46:17.909;cgate.publisher.p2mq;;done: notify listeners publisher is destroyed. @cee{name: certlistner_000000001BE16910, obj: 0x1BC2C560, thread: 8124};TID 8124
2016-01-14 13:46:17.909;cgate.listener.p2mqreply;;listener will be closed because ref publisher certlistner_000000001BE16910 is done @cee{name: noname6, obj: 0x1E36FF0, thread: 8124};TID 8124
2016-01-14 13:46:17.909;cgate.listener.p2mqreply;;Close @cee{name: noname6, obj: 0x1E36FF0, thread: 8124};TID 8124
2016-01-14 13:46:17.909;cgate.listener.p2mqreply;;Post close messages (parent) @cee{name: noname6, obj: 0x1E36FF0, thread: 8124};TID 8124
2016-01-14 13:46:17.909;cgate.listener.p2mqreply;;close. @cee{name: noname6, obj: 0x1E36FF0, thread: 8124};TID 8124
2016-01-14 13:46:17.909;cgate.publisher.p2mq;;removeHandler: 0x0000000001E37120. @cee{name: certlistner_000000001BE16910, obj: 0x1BC2C560, thread: 8124};TID 8124
2016-01-14 13:46:17.909;cgate.listener.p2mqreply;;State changed ACTIVE -> CLOSED @cee{name: noname6, obj: 0x1E36FF0, thread: 8124};TID 8124
2016-01-14 13:46:17.909;cgate.env;;Publisher was unregistered: 0x1BC2C5B8.;TID 8124
2016-01-14 13:46:17.909;cgate.user;;cg_lsn_destroy: 1E37048;TID 8124
2016-01-14 13:46:17.909;cgate.listener.p2mqreply;;Done @cee{name: noname6, obj: 0x1E36FF0, thread: 8124};TID 8124
2016-01-14 13:46:17.909;cgate.listener.p2mqreply;;done: done listener. @cee{name: noname6, obj: 0x1E36FF0, thread: 8124};TID 8124
2016-01-14 13:46:17.909;cgate.env;;Listener was unregistered: 0x1E37048.;TID 8124
2016-01-14 13:46:17.913;cgate.user;;cg_lsn_new settings: p2repl://FORTS_FUTAGGR5_REPL;scheme=|FILE|StockSharp_Plaza\Configs\FORTS_FUTAGGR5_REPL.ini|CustReplScheme;TID 8124
2016-01-14 13:46:17.913;cgate.env;;Registered default p2 logger cgate.listener.p2repl.;TID 8124
2016-01-14 13:46:17.913;cgate.listener.p2repl;;init: init listener: p2repl://FORTS_FUTAGGR5_REPL;scheme=|FILE|StockSharp_Plaza\Configs\FORTS_FUTAGGR5_REPL.ini|CustReplScheme;name=noname11. @cee{name: , obj: 0x1BDD75E0, thread: 8124};TID 8124
2016-01-14 13:46:17.913;p2repl-cli;;Stream created;strm 0x23D899E0;TID 8124
2016-01-14 13:46:17.913;cgate.env;;New listener was registered: noname11.;TID 8124
2016-01-14 13:46:17.914;cgate.connection.p2;;Response from cert service was received. @cee{name: noname1, obj: 0x1BE16110, thread: 6632};TID 6632
2016-01-14 13:46:17.914;cgate.connection.p2;;Connection was successfully verified: 127.0.0.1:4001 @cee{name: noname1, obj: 0x1BE16110, thread: 6632};TID 6632
2016-01-14 13:46:17.914;cgate.user;;cg_pub_destroy: 1BC2C058;TID 6632
2016-01-14 13:46:17.914;cgate.publisher.p2mq;;Close @cee{name: certlistner_000000001BE16160, obj: 0x1BC2C000, thread: 6632};TID 6632
2016-01-14 13:46:17.914;cgate.publisher.p2mq;;close. @cee{name: certlistner_000000001BE16160, obj: 0x1BC2C000, thread: 6632};TID 6632
2016-01-14 13:46:17.914;cgate.publisher.p2mq;;State changed ACTIVE -> CLOSED @cee{name: certlistner_000000001BE16160, obj: 0x1BC2C000, thread: 6632};TID 6632
2016-01-14 13:46:17.914;cgate.publisher.p2mq;;close: notify listeners publisher is closing. @cee{name: certlistner_000000001BE16160, obj: 0x1BC2C000, thread: 6632};TID 6632
2016-01-14 13:46:17.914;cgate.publisher.p2mq;;done: done publisher. @cee{name: certlistner_000000001BE16160, obj: 0x1BC2C000, thread: 6632};TID 6632
2016-01-14 13:46:17.914;cgate.publisher.p2mq;;done: notify listeners publisher is destroyed. @cee{name: certlistner_000000001BE16160, obj: 0x1BC2C000, thread: 6632};TID 6632
2016-01-14 13:46:17.914;cgate.listener.p2mqreply;;listener will be closed because ref publisher certlistner_000000001BE16160 is done @cee{name: noname7, obj: 0x1E37190, thread: 6632};TID 6632
2016-01-14 13:46:17.914;cgate.listener.p2mqreply;;Close @cee{name: noname7, obj: 0x1E37190, thread: 6632};TID 6632
2016-01-14 13:46:17.914;cgate.listener.p2mqreply;;Post close messages (parent) @cee{name: noname7, obj: 0x1E37190, thread: 6632};TID 6632
2016-01-14 13:46:17.914;cgate.listener.p2mqreply;;close. @cee{name: noname7, obj: 0x1E37190, thread: 6632};TID 6632
2016-01-14 13:46:17.914;cgate.publisher.p2mq;;removeHandler: 0x0000000001E372C0. @cee{name: certlistner_000000001BE16160, obj: 0x1BC2C000, thread: 6632};TID 6632
2016-01-14 13:46:17.914;cgate.listener.p2mqreply;;State changed ACTIVE -> CLOSED @cee{name: noname7, obj: 0x1E37190, thread: 6632};TID 6632
2016-01-14 13:46:17.914;cgate.env;;Publisher was unregistered: 0x1BC2C058.;TID 6632
2016-01-14 13:46:17.914;cgate.user;;cg_lsn_destroy: 1E371E8;TID 6632
2016-01-14 13:46:17.914;cgate.listener.p2mqreply;;Done @cee{name: noname7, obj: 0x1E37190, thread: 6632};TID 6632
2016-01-14 13:46:17.914;cgate.listener.p2mqreply;;done: done listener. @cee{name: noname7, obj: 0x1E37190, thread: 6632};TID 6632
2016-01-14 13:46:17.914;cgate.env;;Listener was unregistered: 0x1E371E8.;TID 6632
2016-01-14 13:46:17.915;cgate.connection.p2;;Response from cert service was received. @cee{name: noname2, obj: 0x1BE163A0, thread: 11012};TID 11012
2016-01-14 13:46:17.915;cgate.connection.p2;;Connection was successfully verified: 127.0.0.1:4001 @cee{name: noname2, obj: 0x1BE163A0, thread: 11012};TID 11012
2016-01-14 13:46:17.915;cgate.user;;cg_pub_destroy: 1BFD8C58;TID 11012
2016-01-14 13:46:17.915;cgate.publisher.p2mq;;Close @cee{name: certlistner_000000001BE163F0, obj: 0x1BFD8C00, thread: 11012};TID 11012
2016-01-14 13:46:17.915;cgate.publisher.p2mq;;close. @cee{name: certlistner_000000001BE163F0, obj: 0x1BFD8C00, thread: 11012};TID 11012
2016-01-14 13:46:17.915;cgate.connection.p2;;Response from cert service was received. @cee{name: noname4, obj: 0x1BE16B50, thread: 13784};TID 13784
2016-01-14 13:46:17.915;cgate.connection.p2;;Connection was successfully verified: 127.0.0.1:4001 @cee{name: noname4, obj: 0x1BE16B50, thread: 13784};TID 13784
2016-01-14 13:46:17.915;cgate.publisher.p2mq;;State changed ACTIVE -> CLOSED @cee{name: certlistner_000000001BE163F0, obj: 0x1BFD8C00, thread: 11012};TID 11012
2016-01-14 13:46:17.915;cgate.user;;cg_pub_destroy: 1BFD9C58;TID 13784
2016-01-14 13:46:17.915;cgate.publisher.p2mq;;close: notify listeners publisher is closing. @cee{name: certlistner_000000001BE163F0, obj: 0x1BFD8C00, thread: 11012};TID 11012
2016-01-14 13:46:17.915;cgate.publisher.p2mq;;Close @cee{name: certlistner_000000001BE16BA0, obj: 0x1BFD9C00, thread: 13784};TID 13784
2016-01-14 13:46:17.915;cgate.publisher.p2mq;;done: done publisher. @cee{name: certlistner_000000001BE163F0, obj: 0x1BFD8C00, thread: 11012};TID 11012
2016-01-14 13:46:17.915;cgate.publisher.p2mq;;close. @cee{name: certlistner_000000001BE16BA0, obj: 0x1BFD9C00, thread: 13784};TID 13784
2016-01-14 13:46:17.915;cgate.publisher.p2mq;;done: notify listeners publisher is destroyed. @cee{name: certlistner_000000001BE163F0, obj: 0x1BFD8C00, thread: 11012};TID 11012
2016-01-14 13:46:17.915;cgate.listener.p2mqreply;;listener will be closed because ref publisher certlistner_000000001BE163F0 is done @cee{name: noname10, obj: 0x1E37330, thread: 11012};TID 11012
2016-01-14 13:46:17.915;cgate.listener.p2mqreply;;Close @cee{name: noname10, obj: 0x1E37330, thread: 11012};TID 11012
2016-01-14 13:46:17.915;cgate.listener.p2mqreply;;Post close messages (parent) @cee{name: noname10, obj: 0x1E37330, thread: 11012};TID 11012
2016-01-14 13:46:17.915;cgate.publisher.p2mq;;State changed ACTIVE -> CLOSED @cee{name: certlistner_000000001BE16BA0, obj: 0x1BFD9C00, thread: 13784};TID 13784
2016-01-14 13:46:17.915;cgate.listener.p2mqreply;;close. @cee{name: noname10, obj: 0x1E37330, thread: 11012};TID 11012
2016-01-14 13:46:17.915;cgate.publisher.p2mq;;close: notify listeners publisher is closing. @cee{name: certlistner_000000001BE16BA0, obj: 0x1BFD9C00, thread: 13784};TID 13784
2016-01-14 13:46:17.915;cgate.publisher.p2mq;;removeHandler: 0x0000000001E37460. @cee{name: certlistner_000000001BE163F0, obj: 0x1BFD8C00, thread: 11012};TID 11012
2016-01-14 13:46:17.915;cgate.publisher.p2mq;;done: done publisher. @cee{name: certlistner_000000001BE16BA0, obj: 0x1BFD9C00, thread: 13784};TID 13784
2016-01-14 13:46:17.915;cgate.publisher.p2mq;;done: notify listeners publisher is destroyed. @cee{name: certlistner_000000001BE16BA0, obj: 0x1BFD9C00, thread: 13784};TID 13784
2016-01-14 13:46:17.915;cgate.listener.p2mqreply;;State changed ACTIVE -> CLOSED @cee{name: noname10, obj: 0x1E37330, thread: 11012};TID 11012
2016-01-14 13:46:17.915;cgate.listener.p2mqreply;;listener will be closed because ref publisher certlistner_000000001BE16BA0 is done @cee{name: noname9, obj: 0x1E374D0, thread: 13784};TID 13784
2016-01-14 13:46:17.915;cgate.listener.p2mqreply;;Close @cee{name: noname9, obj: 0x1E374D0, thread: 13784};TID 13784
2016-01-14 13:46:17.915;cgate.listener.p2mqreply;;Post close messages (parent) @cee{name: noname9, obj: 0x1E374D0, thread: 13784};TID 13784
2016-01-14 13:46:17.915;cgate.listener.p2mqreply;;close. @cee{name: noname9, obj: 0x1E374D0, thread: 13784};TID 13784
2016-01-14 13:46:17.915;cgate.env;;Publisher was unregistered: 0x1BFD8C58.;TID 11012
2016-01-14 13:46:17.915;cgate.publisher.p2mq;;removeHandler: 0x0000000001E37600. @cee{name: certlistner_000000001BE16BA0, obj: 0x1BFD9C00, thread: 13784};TID 13784
2016-01-14 13:46:17.915;cgate.user;;cg_lsn_destroy: 1E37388;TID 11012
2016-01-14 13:46:17.915;cgate.listener.p2mqreply;;Done @cee{name: noname10, obj: 0x1E37330, thread: 11012};TID 11012
2016-01-14 13:46:17.915;cgate.listener.p2mqreply;;done: done listener. @cee{name: noname10, obj: 0x1E37330, thread: 11012};TID 11012
2016-01-14 13:46:17.915;cgate.listener.p2mqreply;;State changed ACTIVE -> CLOSED @cee{name: noname9, obj: 0x1E374D0, thread: 13784};TID 13784
2016-01-14 13:46:17.915;cgate.env;;Listener was unregistered: 0x1E37388.;TID 11012
2016-01-14 13:46:17.915;cgate.env;;Publisher was unregistered: 0x1BFD9C58.;TID 13784
2016-01-14 13:46:17.915;cgate.user;;cg_lsn_destroy: 1E37528;TID 13784
2016-01-14 13:46:17.915;cgate.listener.p2mqreply;;Done @cee{name: noname9, obj: 0x1E374D0, thread: 13784};TID 13784
2016-01-14 13:46:17.915;cgate.listener.p2mqreply;;done: done listener. @cee{name: noname9, obj: 0x1E374D0, thread: 13784};TID 13784
2016-01-14 13:46:17.915;cgate.env;;Listener was unregistered: 0x1E37528.;TID 13784
2016-01-14 13:46:17.915;cgate.user;;cg_lsn_new settings: p2repl://RTS_INDEX_REPL;scheme=|FILE|StockSharp_Plaza\Configs\RTS_INDEX_REPL.ini|CustReplScheme;TID 13784
2016-01-14 13:46:17.915;cgate.user;;cg_lsn_new settings: p2repl://FORTS_FUTCOMMON_REPL;scheme=|FILE|StockSharp_Plaza\Configs\FORTS_FUTCOMMON_REPL.ini|CustReplScheme;TID 11012
2016-01-14 13:46:17.915;cgate.listener.p2repl;;init: init listener: p2repl://RTS_INDEX_REPL;scheme=|FILE|StockSharp_Plaza\Configs\RTS_INDEX_REPL.ini|CustReplScheme;name=noname13. @cee{name: , obj: 0x1BDD8610, thread: 13784};TID 13784
2016-01-14 13:46:17.915;cgate.listener.p2repl;;init: init listener: p2repl://FORTS_FUTCOMMON_REPL;scheme=|FILE|StockSharp_Plaza\Configs\FORTS_FUTCOMMON_REPL.ini|CustReplScheme;name=noname12. @cee{name: , obj: 0x1BDD8860, thread: 11012};TID 11012
2016-01-14 13:46:17.915;p2repl-cli;;Stream created;strm 0x1BFE5A90;TID 13784
2016-01-14 13:46:17.915;p2repl-cli;;Stream created;strm 0x1BFE6270;TID 11012
2016-01-14 13:46:17.915;cgate.env;;New listener was registered: noname13.;TID 13784
2016-01-14 13:46:17.915;cgate.env;;New listener was registered: noname12.;TID 11012
2016-01-14 13:46:17.915;cgate.connection.p2;;Response from cert service was received. @cee{name: noname5, obj: 0x1BE16DE0, thread: 1336};TID 1336
2016-01-14 13:46:17.915;cgate.connection.p2;;Connection was successfully verified: 127.0.0.1:4001 @cee{name: noname5, obj: 0x1BE16DE0, thread: 1336};TID 1336
2016-01-14 13:46:17.915;cgate.user;;cg_pub_destroy: 1BFD7C58;TID 1336
2016-01-14 13:46:17.915;cgate.publisher.p2mq;;Close @cee{name: certlistner_000000001BE16E30, obj: 0x1BFD7C00, thread: 1336};TID 1336
2016-01-14 13:46:17.915;cgate.publisher.p2mq;;close. @cee{name: certlistner_000000001BE16E30, obj: 0x1BFD7C00, thread: 1336};TID 1336
2016-01-14 13:46:17.915;cgate.publisher.p2mq;;State changed ACTIVE -> CLOSED @cee{name: certlistner_000000001BE16E30, obj: 0x1BFD7C00, thread: 1336};TID 1336
2016-01-14 13:46:17.915;cgate.publisher.p2mq;;close: notify listeners publisher is closing. @cee{name: certlistner_000000001BE16E30, obj: 0x1BFD7C00, thread: 1336};TID 1336
2016-01-14 13:46:17.915;cgate.publisher.p2mq;;done: done publisher. @cee{name: certlistner_000000001BE16E30, obj: 0x1BFD7C00, thread: 1336};TID 1336
2016-01-14 13:46:17.915;cgate.publisher.p2mq;;done: notify listeners publisher is destroyed. @cee{name: certlistner_000000001BE16E30, obj: 0x1BFD7C00, thread: 1336};TID 1336
2016-01-14 13:46:17.915;cgate.listener.p2mqreply;;listener will be closed because ref publisher certlistner_000000001BE16E30 is done @cee{name: noname8, obj: 0x1E36CB0, thread: 1336};TID 1336
2016-01-14 13:46:17.915;cgate.listener.p2mqreply;;Close @cee{name: noname8, obj: 0x1E36CB0, thread: 1336};TID 1336
2016-01-14 13:46:17.915;cgate.listener.p2mqreply;;Post close messages (parent) @cee{name: noname8, obj: 0x1E36CB0, thread: 1336};TID 1336
2016-01-14 13:46:17.915;cgate.listener.p2mqreply;;close. @cee{name: noname8, obj: 0x1E36CB0, thread: 1336};TID 1336
2016-01-14 13:46:17.915;cgate.publisher.p2mq;;removeHandler: 0x0000000001E36DE0. @cee{name: certlistner_000000001BE16E30, obj: 0x1BFD7C00, thread: 1336};TID 1336
2016-01-14 13:46:17.915;cgate.listener.p2mqreply;;State changed ACTIVE -> CLOSED @cee{name: noname8, obj: 0x1E36CB0, thread: 1336};TID 1336
2016-01-14 13:46:17.915;cgate.env;;Publisher was unregistered: 0x1BFD7C58.;TID 1336
2016-01-14 13:46:17.915;cgate.user;;cg_lsn_destroy: 1E36D08;TID 1336
2016-01-14 13:46:17.915;cgate.listener.p2mqreply;;Done @cee{name: noname8, obj: 0x1E36CB0, thread: 1336};TID 1336
2016-01-14 13:46:17.915;cgate.listener.p2mqreply;;done: done listener. @cee{name: noname8, obj: 0x1E36CB0, thread: 1336};TID 1336
2016-01-14 13:46:17.915;cgate.env;;Listener was unregistered: 0x1E36D08.;TID 1336
2016-01-14 13:46:17.915;cgate.user;;cg_lsn_new settings: p2repl://FORTS_FUTTRADE_REPL;scheme=|FILE|StockSharp_Plaza\Configs\FORTS_FUTTRADE_REPL.ini|CustReplScheme;TID 1336
2016-01-14 13:46:17.915;cgate.listener.p2repl;;init: init listener: p2repl://FORTS_FUTTRADE_REPL;scheme=|FILE|StockSharp_Plaza\Configs\FORTS_FUTTRADE_REPL.ini|CustReplScheme;name=noname14. @cee{name: , obj: 0x23D88A10, thread: 1336};TID 1336
2016-01-14 13:46:17.915;p2repl-cli;;Stream created;strm 0x1BFE8BB0;TID 1336
2016-01-14 13:46:17.915;cgate.env;;New listener was registered: noname14.;TID 1336
2016-01-14 13:46:17.916;cgate.user;;cg_pub_new settings: p2mq://FORTS_SRV;category=FORTS_MSG;name=pub_127_0_0_1_4001_TestCGateConnection_0;timeout=5000;scheme=|FILE|StockSharp.Plaza.Messages.ini|message;TID 6632
2016-01-14 13:46:17.916;cgate.env;;Registered default p2 logger cgate.publisher.p2mq.;TID 6632
2016-01-14 13:46:17.916;cgate.publisher.p2mq;;init: init publisher. @cee{name: , obj: 0x1BFE3FE0, thread: 6632};TID 6632
2016-01-14 13:46:17.916;cgate.env;;New publisher was registered: pub_127_0_0_1_4001_TestCGateConnection_0.;TID 6632
2016-01-14 13:46:17.916;cgate.user;;cg_pub_open: 1BFE4038;TID 6632
2016-01-14 13:46:17.916;cgate.user;;cg_pub_new settings: ;TID 6632
2016-01-14 13:46:17.916;cgate.publisher.p2mq;;open: . @cee{name: pub_127_0_0_1_4001_TestCGateConnection_0, obj: 0x1BFE3FE0, thread: 6632};TID 6632
2016-01-14 13:46:17.916;cgate.publisher.p2mq;;State changed CLOSED -> OPENING @cee{name: pub_127_0_0_1_4001_TestCGateConnection_0, obj: 0x1BFE3FE0, thread: 6632};TID 6632
2016-01-14 13:46:17.916;scheme;;Scheme::make: URL: |FILE|StockSharp.Plaza.Messages.ini|message @cee{name: , obj: 0x1BFE4070, thread: 6632};TID 6632
2016-01-14 13:46:17.918;cgate.user;;cg_lsn_new settings: p2repl://FORTS_OPTAGGR5_REPL;scheme=|FILE|StockSharp_Plaza\Configs\FORTS_OPTAGGR5_REPL.ini|CustReplScheme;TID 8124
2016-01-14 13:46:17.918;cgate.listener.p2repl;;init: init listener: p2repl://FORTS_OPTAGGR5_REPL;scheme=|FILE|StockSharp_Plaza\Configs\FORTS_OPTAGGR5_REPL.ini|CustReplScheme;name=noname15. @cee{name: , obj: 0x1C003C70, thread: 8124};TID 8124
2016-01-14 13:46:17.918;p2repl-cli;;Stream created;strm 0x1C004C40;TID 8124
2016-01-14 13:46:17.918;cgate.env;;New listener was registered: noname15.;TID 8124
2016-01-14 13:46:17.918;cgate.user;;cg_lsn_new settings: p2repl://FORTS_OPTCOMMON_REPL;scheme=|FILE|StockSharp_Plaza\Configs\FORTS_OPTCOMMON_REPL.ini|CustReplScheme;TID 11012
2016-01-14 13:46:17.918;cgate.listener.p2repl;;init: init listener: p2repl://FORTS_OPTCOMMON_REPL;scheme=|FILE|StockSharp_Plaza\Configs\FORTS_OPTCOMMON_REPL.ini|CustReplScheme;name=noname16. @cee{name: , obj: 0x1C006220, thread: 11012};TID 11012
2016-01-14 13:46:17.918;p2repl-cli;;Stream created;strm 0x1C0079F0;TID 11012
2016-01-14 13:46:17.918;cgate.env;;New listener was registered: noname16.;TID 11012
2016-01-14 13:46:17.918;cgate.user;;cg_lsn_new settings: p2repl://FORTS_OPTINFO_REPL;scheme=|FILE|StockSharp_Plaza\Configs\FORTS_OPTINFO_REPL.ini|CustReplScheme;TID 11012
2016-01-14 13:46:17.918;cgate.listener.p2repl;;init: init listener: p2repl://FORTS_OPTINFO_REPL;scheme=|FILE|StockSharp_Plaza\Configs\FORTS_OPTINFO_REPL.ini|CustReplScheme;name=noname17. @cee{name: , obj: 0x1C006470, thread: 11012};TID 11012
2016-01-14 13:46:17.918;p2repl-cli;;Stream created;strm 0x1C008850;TID 11012
2016-01-14 13:46:17.918;cgate.env;;New listener was registered: noname17.;TID 11012
2016-01-14 13:46:17.918;cgate.user;;cg_lsn_new settings: p2repl://FORTS_FUTINFO_REPL;scheme=|FILE|StockSharp_Plaza\Configs\FORTS_FUTINFO_REPL.ini|CustReplScheme;TID 11012
2016-01-14 13:46:17.918;cgate.listener.p2repl;;init: init listener: p2repl://FORTS_FUTINFO_REPL;scheme=|FILE|StockSharp_Plaza\Configs\FORTS_FUTINFO_REPL.ini|CustReplScheme;name=noname18. @cee{name: , obj: 0x1C0066C0, thread: 11012};TID 11012
2016-01-14 13:46:17.918;p2repl-cli;;Stream created;strm 0x1C0096B0;TID 11012
2016-01-14 13:46:17.918;cgate.env;;New listener was registered: noname18.;TID 11012
2016-01-14 13:46:17.918;cgate.user;;cg_lsn_new settings: p2repl://FORTS_PART_REPL;scheme=|FILE|StockSharp_Plaza\Configs\FORTS_PART_REPL.ini|CustReplScheme;TID 11012
2016-01-14 13:46:17.918;cgate.listener.p2repl;;init: init listener: p2repl://FORTS_PART_REPL;scheme=|FILE|StockSharp_Plaza\Configs\FORTS_PART_REPL.ini|CustReplScheme;name=noname19. @cee{name: , obj: 0x1C006910, thread: 11012};TID 11012
2016-01-14 13:46:17.918;p2repl-cli;;Stream created;strm 0x1C00A510;TID 11012
2016-01-14 13:46:17.918;cgate.env;;New listener was registered: noname19.;TID 11012
2016-01-14 13:46:17.918;cgate.user;;cg_lsn_new settings: p2repl://FORTS_POS_REPL;scheme=|FILE|StockSharp_Plaza\Configs\FORTS_POS_REPL.ini|CustReplScheme;TID 11012
2016-01-14 13:46:17.918;cgate.listener.p2repl;;init: init listener: p2repl://FORTS_POS_REPL;scheme=|FILE|StockSharp_Plaza\Configs\FORTS_POS_REPL.ini|CustReplScheme;name=noname20. @cee{name: , obj: 0x1C006B60, thread: 11012};TID 11012
2016-01-14 13:46:17.918;p2repl-cli;;Stream created;strm 0x1C00BAC0;TID 11012
2016-01-14 13:46:17.918;cgate.env;;New listener was registered: noname20.;TID 11012
2016-01-14 13:46:17.918;cgate.user;;cg_lsn_new settings: p2repl://FORTS_DEALS_REPL;scheme=|FILE|StockSharp_Plaza\Configs\FORTS_DEALS_REPL.ini|CustReplScheme;TID 11012
2016-01-14 13:46:17.918;cgate.listener.p2repl;;init: init listener: p2repl://FORTS_DEALS_REPL;scheme=|FILE|StockSharp_Plaza\Configs\FORTS_DEALS_REPL.ini|CustReplScheme;name=noname21. @cee{name: , obj: 0x1C006DB0, thread: 11012};TID 11012
2016-01-14 13:46:17.918;p2repl-cli;;Stream created;strm 0x1C00CD80;TID 11012
2016-01-14 13:46:17.918;cgate.env;;New listener was registered: noname21.;TID 11012
2016-01-14 13:46:17.918;cgate.user;;cg_lsn_new settings: p2repl://FORTS_OPTTRADE_REPL;scheme=|FILE|StockSharp_Plaza\Configs\FORTS_OPTTRADE_REPL.ini|CustReplScheme;TID 1336
2016-01-14 13:46:17.918;cgate.listener.p2repl;;init: init listener: p2repl://FORTS_OPTTRADE_REPL;scheme=|FILE|StockSharp_Plaza\Configs\FORTS_OPTTRADE_REPL.ini|CustReplScheme;name=noname22. @cee{name: , obj: 0x23D88C60, thread: 1336};TID 1336
2016-01-14 13:46:17.918;p2repl-cli;;Stream created;strm 0x1C0114B0;TID 1336
2016-01-14 13:46:17.918;cgate.env;;New listener was registered: noname22.;TID 1336
2016-01-14 13:46:17.920;cgate.publisher.p2mq;;initScheme: init publisher scheme. @cee{name: pub_127_0_0_1_4001_TestCGateConnection_0, obj: 0x1BFE3FE0, thread: 6632};TID 6632
2016-01-14 13:46:17.926;cgate.user;;cg_lsn_open: 1BDD7638;TID 8124
2016-01-14 13:46:17.926;cgate.user;;cg_lsn_open: 1BDD8668;TID 13784
2016-01-14 13:46:17.926;cgate.user;;cg_lsn_open settings: mode=snapshot+online;TID 8124
2016-01-14 13:46:17.926;cgate.user;;cg_lsn_open: 23D88A68;TID 1336
2016-01-14 13:46:17.926;cgate.user;;cg_lsn_open settings: mode=snapshot+online;TID 13784
2016-01-14 13:46:17.926;cgate.user;;cg_lsn_open settings: mode=snapshot+online;TID 1336
2016-01-14 13:46:17.926;cgate.listener.p2repl;;Open mode=snapshot+online @cee{name: noname13, obj: 0x1BDD8610, thread: 13784};TID 13784
2016-01-14 13:46:17.926;cgate.listener.p2repl;;Open mode=snapshot+online @cee{name: noname11, obj: 0x1BDD75E0, thread: 8124};TID 8124
2016-01-14 13:46:17.926;cgate.listener.p2repl;;Open mode=snapshot+online @cee{name: noname14, obj: 0x23D88A10, thread: 1336};TID 1336
2016-01-14 13:46:17.926;cgate.listener.p2repl;;open: mode=snapshot+online. @cee{name: noname13, obj: 0x1BDD8610, thread: 13784};TID 13784
2016-01-14 13:46:17.926;cgate.listener.p2repl;;open: mode=snapshot+online. @cee{name: noname11, obj: 0x1BDD75E0, thread: 8124};TID 8124
2016-01-14 13:46:17.926;cgate.listener.p2repl;;open: mode=snapshot+online. @cee{name: noname14, obj: 0x23D88A10, thread: 1336};TID 1336
2016-01-14 13:46:17.926;cgate.listener.p2repl;;open: stream type + snapshot. @cee{name: noname14, obj: 0x23D88A10, thread: 1336};TID 1336
2016-01-14 13:46:17.926;cgate.listener.p2repl;;open: stream type + snapshot. @cee{name: noname13, obj: 0x1BDD8610, thread: 13784};TID 13784
2016-01-14 13:46:17.926;cgate.listener.p2repl;;open: stream type + online. @cee{name: noname14, obj: 0x23D88A10, thread: 1336};TID 1336
2016-01-14 13:46:17.926;cgate.listener.p2repl;;open: stream type + online. @cee{name: noname13, obj: 0x1BDD8610, thread: 13784};TID 13784
2016-01-14 13:46:17.926;cgate.listener.p2repl;;open: blob is empty. @cee{name: noname14, obj: 0x23D88A10, thread: 1336};TID 1336
2016-01-14 13:46:17.926;cgate.listener.p2repl;;open: stream type + snapshot. @cee{name: noname11, obj: 0x1BDD75E0, thread: 8124};TID 8124
2016-01-14 13:46:17.926;cgate.listener.p2repl;;open: blob is empty. @cee{name: noname13, obj: 0x1BDD8610, thread: 13784};TID 13784
2016-01-14 13:46:17.926;cgate.listener.p2repl;;open: state changed to MODE_ONLINE. @cee{name: noname14, obj: 0x23D88A10, thread: 1336};TID 1336
2016-01-14 13:46:17.926;cgate.listener.p2repl;;open: stream type + online. @cee{name: noname11, obj: 0x1BDD75E0, thread: 8124};TID 8124
2016-01-14 13:46:17.926;cgate.listener.p2repl;;open: state changed to MODE_ONLINE. @cee{name: noname13, obj: 0x1BDD8610, thread: 13784};TID 13784
2016-01-14 13:46:17.926;cgate.listener.p2repl;;open: blob is empty. @cee{name: noname11, obj: 0x1BDD75E0, thread: 8124};TID 8124
2016-01-14 13:46:17.926;cgate.listener.p2repl;;open: state changed to MODE_ONLINE. @cee{name: noname11, obj: 0x1BDD75E0, thread: 8124};TID 8124
2016-01-14 13:46:17.926;scheme;;Scheme::make: URL: |FILE|StockSharp_Plaza\Configs\FORTS_FUTTRADE_REPL.ini|CustReplScheme @cee{name: , obj: 0x235AE4F0, thread: 1336};TID 1336
2016-01-14 13:46:17.926;scheme;;Scheme::make: URL: |FILE|StockSharp_Plaza\Configs\RTS_INDEX_REPL.ini|CustReplScheme @cee{name: , obj: 0x248EE650, thread: 13784};TID 13784
2016-01-14 13:46:17.926;scheme;;Scheme::make: URL: |FILE|StockSharp_Plaza\Configs\FORTS_FUTAGGR5_REPL.ini|CustReplScheme @cee{name: , obj: 0x24A2E710, thread: 8124};TID 8124
2016-01-14 13:46:17.926;cgate.user;;cg_lsn_open: 1BDD88B8;TID 11012
2016-01-14 13:46:17.926;cgate.user;;cg_lsn_open settings: mode=snapshot+online;TID 11012
2016-01-14 13:46:17.926;cgate.listener.p2repl;;Open mode=snapshot+online @cee{name: noname12, obj: 0x1BDD8860, thread: 11012};TID 11012
2016-01-14 13:46:17.926;cgate.listener.p2repl;;open: mode=snapshot+online. @cee{name: noname12, obj: 0x1BDD8860, thread: 11012};TID 11012
2016-01-14 13:46:17.926;cgate.listener.p2repl;;open: stream type + snapshot. @cee{name: noname12, obj: 0x1BDD8860, thread: 11012};TID 11012
2016-01-14 13:46:17.926;cgate.listener.p2repl;;open: stream type + online. @cee{name: noname12, obj: 0x1BDD8860, thread: 11012};TID 11012
2016-01-14 13:46:17.926;cgate.listener.p2repl;;open: blob is empty. @cee{name: noname12, obj: 0x1BDD8860, thread: 11012};TID 11012
2016-01-14 13:46:17.926;cgate.listener.p2repl;;open: state changed to MODE_ONLINE. @cee{name: noname12, obj: 0x1BDD8860, thread: 11012};TID 11012
2016-01-14 13:46:17.926;scheme;;Scheme::make: URL: |FILE|StockSharp_Plaza\Configs\FORTS_FUTCOMMON_REPL.ini|CustReplScheme @cee{name: , obj: 0x2461E350, thread: 11012};TID 11012
2016-01-14 13:46:17.927;P2ReplStorage;;Basic policy created;policy 0x23D9B300;strm 0x23D9B300;TID 13784
2016-01-14 13:46:17.927;P2ReplStorage;;Basic policy created;policy 0x1BFDCA00;strm 0x1BFDCA00;TID 8124
2016-01-14 13:46:17.927;P2ReplStorage;;Basic policy created;policy 0x1BFDC200;strm 0x1BFDC200;TID 11012
2016-01-14 13:46:17.927;cgate.listener.p2repl;;State changed CLOSED -> OPENING @cee{name: noname11, obj: 0x1BDD75E0, thread: 8124};TID 8124
2016-01-14 13:46:17.927;cgate.listener.p2repl;;State changed CLOSED -> OPENING @cee{name: noname12, obj: 0x1BDD8860, thread: 11012};TID 11012
2016-01-14 13:46:17.927;cgate.listener.p2repl;;State changed CLOSED -> OPENING @cee{name: noname13, obj: 0x1BDD8610, thread: 13784};TID 13784
2016-01-14 13:46:17.927;P2ReplStorage;;Basic policy created;policy 0x23FAA890;strm 0x23FAA890;TID 1336
2016-01-14 13:46:17.927;cgate.listener.p2repl;;State changed CLOSED -> OPENING @cee{name: noname14, obj: 0x23D88A10, thread: 1336};TID 1336
2016-01-14 13:46:17.927;cgate.user;;cg_lsn_open: 1C003CC8;TID 8124
2016-01-14 13:46:17.927;cgate.user;;cg_lsn_open: 1C006278;TID 11012
2016-01-14 13:46:17.927;cgate.user;;cg_lsn_open settings: mode=snapshot+online;TID 8124
2016-01-14 13:46:17.927;cgate.user;;cg_lsn_open settings: mode=snapshot+online;TID 11012
2016-01-14 13:46:17.927;cgate.listener.p2repl;;Open mode=snapshot+online @cee{name: noname15, obj: 0x1C003C70, thread: 8124};TID 8124
2016-01-14 13:46:17.927;cgate.listener.p2repl;;Open mode=snapshot+online @cee{name: noname16, obj: 0x1C006220, thread: 11012};TID 11012
2016-01-14 13:46:17.927;cgate.listener.p2repl;;open: mode=snapshot+online. @cee{name: noname15, obj: 0x1C003C70, thread: 8124};TID 8124
2016-01-14 13:46:17.927;cgate.listener.p2repl;;open: mode=snapshot+online. @cee{name: noname16, obj: 0x1C006220, thread: 11012};TID 11012
2016-01-14 13:46:17.927;cgate.listener.p2repl;;open: stream type + snapshot. @cee{name: noname15, obj: 0x1C003C70, thread: 8124};TID 8124
2016-01-14 13:46:17.927;cgate.listener.p2repl;;open: stream type + snapshot. @cee{name: noname16, obj: 0x1C006220, thread: 11012};TID 11012
2016-01-14 13:46:17.927;cgate.listener.p2repl;;open: stream type + online. @cee{name: noname15, obj: 0x1C003C70, thread: 8124};TID 8124
2016-01-14 13:46:17.927;cgate.listener.p2repl;;open: stream type + online. @cee{name: noname16, obj: 0x1C006220, thread: 11012};TID 11012
2016-01-14 13:46:17.927;cgate.listener.p2repl;;open: blob is empty. @cee{name: noname15, obj: 0x1C003C70, thread: 8124};TID 8124
2016-01-14 13:46:17.927;cgate.listener.p2repl;;open: blob is empty. @cee{name: noname16, obj: 0x1C006220, thread: 11012};TID 11012
2016-01-14 13:46:17.927;cgate.listener.p2repl;;open: state changed to MODE_ONLINE. @cee{name: noname15, obj: 0x1C003C70, thread: 8124};TID 8124
2016-01-14 13:46:17.927;cgate.listener.p2repl;;open: state changed to MODE_ONLINE. @cee{name: noname16, obj: 0x1C006220, thread: 11012};TID 11012
2016-01-14 13:46:17.927;scheme;;Scheme::make: URL: |FILE|StockSharp_Plaza\Configs\FORTS_OPTAGGR5_REPL.ini|CustReplScheme @cee{name: , obj: 0x24A2E710, thread: 8124};TID 8124
2016-01-14 13:46:17.927;scheme;;Scheme::make: URL: |FILE|StockSharp_Plaza\Configs\FORTS_OPTCOMMON_REPL.ini|CustReplScheme @cee{name: , obj: 0x2461E350, thread: 11012};TID 11012
2016-01-14 13:46:17.927;cgate.user;;cg_lsn_open: 23D88CB8;TID 1336
2016-01-14 13:46:17.927;cgate.user;;cg_lsn_open settings: mode=snapshot+online;TID 1336
2016-01-14 13:46:17.927;cgate.listener.p2repl;;Open mode=snapshot+online @cee{name: noname22, obj: 0x23D88C60, thread: 1336};TID 1336
2016-01-14 13:46:17.927;cgate.listener.p2repl;;open: mode=snapshot+online. @cee{name: noname22, obj: 0x23D88C60, thread: 1336};TID 1336
2016-01-14 13:46:17.927;cgate.listener.p2repl;;open: stream type + snapshot. @cee{name: noname22, obj: 0x23D88C60, thread: 1336};TID 1336
2016-01-14 13:46:17.927;cgate.listener.p2repl;;open: stream type + online. @cee{name: noname22, obj: 0x23D88C60, thread: 1336};TID 1336
2016-01-14 13:46:17.927;cgate.listener.p2repl;;open: blob is empty. @cee{name: noname22, obj: 0x23D88C60, thread: 1336};TID 1336
2016-01-14 13:46:17.927;cgate.listener.p2repl;;open: state changed to MODE_ONLINE. @cee{name: noname22, obj: 0x23D88C60, thread: 1336};TID 1336
2016-01-14 13:46:17.927;scheme;;Scheme::make: URL: |FILE|StockSharp_Plaza\Configs\FORTS_OPTTRADE_REPL.ini|CustReplScheme @cee{name: , obj: 0x235AE4F0, thread: 1336};TID 1336
2016-01-14 13:46:17.927;P2ReplStorage;;Basic policy created;policy 0x1BFDC2A0;strm 0x1BFDC2A0;TID 11012
2016-01-14 13:46:17.927;cgate.listener.p2repl;;State changed CLOSED -> OPENING @cee{name: noname16, obj: 0x1C006220, thread: 11012};TID 11012
2016-01-14 13:46:17.927;P2ReplStorage;;Basic policy created;policy 0x1BFDCAA0;strm 0x1BFDCAA0;TID 8124
2016-01-14 13:46:17.927;cgate.user;;cg_lsn_open: 1C0064C8;TID 11012
2016-01-14 13:46:17.927;cgate.user;;cg_lsn_open settings: mode=snapshot+online;TID 11012
2016-01-14 13:46:17.927;cgate.listener.p2repl;;Open mode=snapshot+online @cee{name: noname17, obj: 0x1C006470, thread: 11012};TID 11012
2016-01-14 13:46:17.927;cgate.listener.p2repl;;open: mode=snapshot+online. @cee{name: noname17, obj: 0x1C006470, thread: 11012};TID 11012
2016-01-14 13:46:17.927;cgate.listener.p2repl;;open: stream type + snapshot. @cee{name: noname17, obj: 0x1C006470, thread: 11012};TID 11012
2016-01-14 13:46:17.927;cgate.listener.p2repl;;open: stream type + online. @cee{name: noname17, obj: 0x1C006470, thread: 11012};TID 11012
2016-01-14 13:46:17.927;cgate.listener.p2repl;;open: blob is empty. @cee{name: noname17, obj: 0x1C006470, thread: 11012};TID 11012
2016-01-14 13:46:17.927;cgate.listener.p2repl;;open: state changed to MODE_ONLINE. @cee{name: noname17, obj: 0x1C006470, thread: 11012};TID 11012
2016-01-14 13:46:17.927;scheme;;Scheme::make: URL: |FILE|StockSharp_Plaza\Configs\FORTS_OPTINFO_REPL.ini|CustReplScheme @cee{name: , obj: 0x2461E350, thread: 11012};TID 11012
2016-01-14 13:46:17.927;cgate.listener.p2repl;;State changed CLOSED -> OPENING @cee{name: noname15, obj: 0x1C003C70, thread: 8124};TID 8124
2016-01-14 13:46:17.927;P2ReplStorage;;Basic policy created;policy 0x23FAAA70;strm 0x23FAAA70;TID 1336
2016-01-14 13:46:17.927;P2ReplStorage;;Basic policy created;policy 0x1BFDC340;strm 0x1BFDC340;TID 11012
2016-01-14 13:46:17.927;cgate.listener.p2repl;;State changed CLOSED -> OPENING @cee{name: noname17, obj: 0x1C006470, thread: 11012};TID 11012
2016-01-14 13:46:17.927;cgate.listener.p2repl;;State changed CLOSED -> OPENING @cee{name: noname22, obj: 0x23D88C60, thread: 1336};TID 1336
2016-01-14 13:46:17.927;cgate.user;;cg_lsn_open: 1C006718;TID 11012
2016-01-14 13:46:17.927;cgate.user;;cg_lsn_open settings: mode=snapshot+online;TID 11012
2016-01-14 13:46:17.927;cgate.listener.p2repl;;Open mode=snapshot+online @cee{name: noname18, obj: 0x1C0066C0, thread: 11012};TID 11012
2016-01-14 13:46:17.927;cgate.listener.p2repl;;open: mode=snapshot+online. @cee{name: noname18, obj: 0x1C0066C0, thread: 11012};TID 11012
2016-01-14 13:46:17.927;cgate.listener.p2repl;;open: stream type + snapshot. @cee{name: noname18, obj: 0x1C0066C0, thread: 11012};TID 11012
2016-01-14 13:46:17.927;cgate.listener.p2repl;;open: stream type + online. @cee{name: noname18, obj: 0x1C0066C0, thread: 11012};TID 11012
2016-01-14 13:46:17.928;cgate.listener.p2repl;;open: blob is empty. @cee{name: noname18, obj: 0x1C0066C0, thread: 11012};TID 11012
2016-01-14 13:46:17.928;cgate.listener.p2repl;;open: state changed to MODE_ONLINE. @cee{name: noname18, obj: 0x1C0066C0, thread: 11012};TID 11012
2016-01-14 13:46:17.928;scheme;;Scheme::make: URL: |FILE|StockSharp_Plaza\Configs\FORTS_FUTINFO_REPL.ini|CustReplScheme @cee{name: , obj: 0x2461E350, thread: 11012};TID 11012
2016-01-14 13:46:17.928;P2ReplStorage;;Basic policy created;policy 0x1BFDC3E0;strm 0x1BFDC3E0;TID 11012
2016-01-14 13:46:17.928;cgate.listener.p2repl;;State changed CLOSED -> OPENING @cee{name: noname18, obj: 0x1C0066C0, thread: 11012};TID 11012
2016-01-14 13:46:17.928;cgate.user;;cg_lsn_open: 1C006968;TID 11012
2016-01-14 13:46:17.928;cgate.user;;cg_lsn_open settings: mode=snapshot+online;TID 11012
2016-01-14 13:46:17.928;cgate.listener.p2repl;;Open mode=snapshot+online @cee{name: noname19, obj: 0x1C006910, thread: 11012};TID 11012
2016-01-14 13:46:17.928;cgate.listener.p2repl;;open: mode=snapshot+online. @cee{name: noname19, obj: 0x1C006910, thread: 11012};TID 11012
2016-01-14 13:46:17.928;cgate.listener.p2repl;;open: stream type + snapshot. @cee{name: noname19, obj: 0x1C006910, thread: 11012};TID 11012
2016-01-14 13:46:17.928;cgate.listener.p2repl;;open: stream type + online. @cee{name: noname19, obj: 0x1C006910, thread: 11012};TID 11012
2016-01-14 13:46:17.928;cgate.listener.p2repl;;open: blob is empty. @cee{name: noname19, obj: 0x1C006910, thread: 11012};TID 11012
2016-01-14 13:46:17.928;cgate.listener.p2repl;;open: state changed to MODE_ONLINE. @cee{name: noname19, obj: 0x1C006910, thread: 11012};TID 11012
2016-01-14 13:46:17.928;scheme;;Scheme::make: URL: |FILE|StockSharp_Plaza\Configs\FORTS_PART_REPL.ini|CustReplScheme @cee{name: , obj: 0x2461E350, thread: 11012};TID 11012
2016-01-14 13:46:17.928;P2ReplStorage;;Basic policy created;policy 0x1BFDC480;strm 0x1BFDC480;TID 11012
2016-01-14 13:46:17.928;cgate.listener.p2repl;;State changed CLOSED -> OPENING @cee{name: noname19, obj: 0x1C006910, thread: 11012};TID 11012
2016-01-14 13:46:17.928;cgate.user;;cg_lsn_open: 1C006BB8;TID 11012
2016-01-14 13:46:17.928;cgate.user;;cg_lsn_open settings: mode=snapshot+online;TID 11012
2016-01-14 13:46:17.928;cgate.listener.p2repl;;Open mode=snapshot+online @cee{name: noname20, obj: 0x1C006B60, thread: 11012};TID 11012
2016-01-14 13:46:17.928;cgate.listener.p2repl;;open: mode=snapshot+online. @cee{name: noname20, obj: 0x1C006B60, thread: 11012};TID 11012
2016-01-14 13:46:17.928;cgate.listener.p2repl;;open: stream type + snapshot. @cee{name: noname20, obj: 0x1C006B60, thread: 11012};TID 11012
2016-01-14 13:46:17.928;cgate.listener.p2repl;;open: stream type + online. @cee{name: noname20, obj: 0x1C006B60, thread: 11012};TID 11012
2016-01-14 13:46:17.928;cgate.listener.p2repl;;open: blob is empty. @cee{name: noname20, obj: 0x1C006B60, thread: 11012};TID 11012
2016-01-14 13:46:17.928;cgate.listener.p2repl;;open: state changed to MODE_ONLINE. @cee{name: noname20, obj: 0x1C006B60, thread: 11012};TID 11012
2016-01-14 13:46:17.928;scheme;;Scheme::make: URL: |FILE|StockSharp_Plaza\Configs\FORTS_POS_REPL.ini|CustReplScheme @cee{name: , obj: 0x2461E350, thread: 11012};TID 11012
2016-01-14 13:46:17.928;P2ReplStorage;;Basic policy created;policy 0x1BFDC520;strm 0x1BFDC520;TID 11012
2016-01-14 13:46:17.928;cgate.listener.p2repl;;State changed CLOSED -> OPENING @cee{name: noname20, obj: 0x1C006B60, thread: 11012};TID 11012
2016-01-14 13:46:17.928;cgate.user;;cg_lsn_open: 1C006E08;TID 11012
2016-01-14 13:46:17.928;cgate.user;;cg_lsn_open settings: mode=snapshot+online;TID 11012
2016-01-14 13:46:17.928;cgate.listener.p2repl;;Open mode=snapshot+online @cee{name: noname21, obj: 0x1C006DB0, thread: 11012};TID 11012
2016-01-14 13:46:17.928;cgate.listener.p2repl;;open: mode=snapshot+online. @cee{name: noname21, obj: 0x1C006DB0, thread: 11012};TID 11012
2016-01-14 13:46:17.928;cgate.listener.p2repl;;open: stream type + snapshot. @cee{name: noname21, obj: 0x1C006DB0, thread: 11012};TID 11012
2016-01-14 13:46:17.928;cgate.listener.p2repl;;open: stream type + online. @cee{name: noname21, obj: 0x1C006DB0, thread: 11012};TID 11012
2016-01-14 13:46:17.928;cgate.listener.p2repl;;open: blob is empty. @cee{name: noname21, obj: 0x1C006DB0, thread: 11012};TID 11012
2016-01-14 13:46:17.928;cgate.listener.p2repl;;open: state changed to MODE_ONLINE. @cee{name: noname21, obj: 0x1C006DB0, thread: 11012};TID 11012
2016-01-14 13:46:17.928;scheme;;Scheme::make: URL: |FILE|StockSharp_Plaza\Configs\FORTS_DEALS_REPL.ini|CustReplScheme @cee{name: , obj: 0x2461E350, thread: 11012};TID 11012
2016-01-14 13:46:17.928;P2ReplStorage;;Basic policy created;policy 0x1BFDC5C0;strm 0x1BFDC5C0;TID 11012
2016-01-14 13:46:17.928;cgate.listener.p2repl;;State changed CLOSED -> OPENING @cee{name: noname21, obj: 0x1C006DB0, thread: 11012};TID 11012
2016-01-14 13:46:17.944;cgate.publisher.p2mq;error;open: P2MQServiceResolve failed with error: 0x9002. 'SERV:NO_SERVICE' @cee{name: pub_127_0_0_1_4001_TestCGateConnection_0, obj: 0x1BFE3FE0, thread: 6632};TID 6632
2016-01-14 13:46:17.944;cgate.publisher.p2mq;;State changed OPENING -> ERROR @cee{name: pub_127_0_0_1_4001_TestCGateConnection_0, obj: 0x1BFE3FE0, thread: 6632};TID 6632
2016-01-14 13:46:17.951;cgate.user;;cg_lsn_close: 23D88A68;TID 1336
2016-01-14 13:46:17.951;cgate.user;;cg_lsn_close: 1BDD8668;TID 13784
2016-01-14 13:46:17.951;cgate.listener.p2repl;;Close @cee{name: noname13, obj: 0x1BDD8610, thread: 13784};TID 13784
2016-01-14 13:46:17.951;cgate.listener.p2repl;;close. @cee{name: noname13, obj: 0x1BDD8610, thread: 13784};TID 13784
2016-01-14 13:46:17.951;***TP***;;data: 0.00 mcs  begin trans: 0.00 mcs  process_tables: 0.00 mcs  commit: 0.00 mcs  parse: 0.00 mcs  stat: 0.00 mcs  user cbk: 0.00 mcs  5: 0.00 mcs  ;TID 13784
2016-01-14 13:46:17.951;cgate.user;;cg_lsn_close: 1BDD88B8;TID 11012
2016-01-14 13:46:17.951;P2ReplStorage;;Basic policy deleted;policy 0x23D9B300;strm 0x1BFE5A90;TID 13784
2016-01-14 13:46:17.951;cgate.listener.p2repl;;Close @cee{name: noname12, obj: 0x1BDD8860, thread: 11012};TID 11012
2016-01-14 13:46:17.951;cgate.listener.p2repl;;close. @cee{name: noname12, obj: 0x1BDD8860, thread: 11012};TID 11012
2016-01-14 13:46:17.951;***TP***;;data: 0.00 mcs  begin trans: 0.00 mcs  process_tables: 0.00 mcs  commit: 0.00 mcs  parse: 0.00 mcs  stat: 0.00 mcs  user cbk: 0.00 mcs  5: 0.00 mcs  ;TID 11012
2016-01-14 13:46:17.951;cgate.listener.p2repl;;State changed OPENING -> CLOSED @cee{name: noname13, obj: 0x1BDD8610, thread: 13784};TID 13784
2016-01-14 13:46:17.951;P2ReplStorage;;Basic policy deleted;policy 0x1BFDC200;strm 0x1BFE6270;TID 11012
2016-01-14 13:46:17.951;cgate.listener.p2repl;;State changed OPENING -> CLOSED @cee{name: noname12, obj: 0x1BDD8860, thread: 11012};TID 11012
2016-01-14 13:46:17.952;cgate.listener.p2repl;;Close @cee{name: noname14, obj: 0x23D88A10, thread: 1336};TID 1336
2016-01-14 13:46:17.952;cgate.listener.p2repl;;close. @cee{name: noname14, obj: 0x23D88A10, thread: 1336};TID 1336
2016-01-14 13:46:17.952;***TP***;;data: 0.00 mcs  begin trans: 0.00 mcs  process_tables: 0.00 mcs  commit: 0.00 mcs  parse: 0.00 mcs  stat: 0.00 mcs  user cbk: 0.00 mcs  5: 0.00 mcs  ;TID 1336
2016-01-14 13:46:17.952;P2ReplStorage;;Basic policy deleted;policy 0x23FAA890;strm 0x1BFE8BB0;TID 1336
2016-01-14 13:46:17.952;cgate.listener.p2repl;;State changed OPENING -> CLOSED @cee{name: noname14, obj: 0x23D88A10, thread: 1336};TID 1336
2016-01-14 13:46:17.952;cgate.user;;cg_lsn_close: 1BDD7638;TID 8124
2016-01-14 13:46:17.952;cgate.listener.p2repl;;Close @cee{name: noname11, obj: 0x1BDD75E0, thread: 8124};TID 8124
2016-01-14 13:46:17.952;cgate.listener.p2repl;;close. @cee{name: noname11, obj: 0x1BDD75E0, thread: 8124};TID 8124
2016-01-14 13:46:17.952;***TP***;;data: 0.00 mcs  begin trans: 0.00 mcs  process_tables: 0.00 mcs  commit: 0.00 mcs  parse: 0.00 mcs  stat: 0.00 mcs  user cbk: 0.00 mcs  5: 0.00 mcs  ;TID 8124
2016-01-14 13:46:17.952;P2ReplStorage;;Basic policy deleted;policy 0x1BFDCA00;strm 0x23D899E0;TID 8124
2016-01-14 13:46:17.952;cgate.listener.p2repl;;State changed OPENING -> CLOSED @cee{name: noname11, obj: 0x1BDD75E0, thread: 8124};TID 8124
2016-01-14 13:46:17.952;cgate.user;;cg_lsn_destroy: 1BDD8668;TID 13784
2016-01-14 13:46:17.952;cgate.listener.p2repl;;Done @cee{name: noname13, obj: 0x1BDD8610, thread: 13784};TID 13784
2016-01-14 13:46:17.952;***TP***;;data: 0.00 mcs  begin trans: 0.00 mcs  process_tables: 0.00 mcs  commit: 0.00 mcs  parse: 0.00 mcs  stat: 0.00 mcs  user cbk: 0.00 mcs  5: 0.00 mcs  ;TID 13784
2016-01-14 13:46:17.952;cgate.env;;Listener was unregistered: 0x1BDD8668.;TID 13784
2016-01-14 13:46:17.952;cgate.user;;cg_lsn_destroy: 1BDD88B8;TID 11012
2016-01-14 13:46:17.952;cgate.listener.p2repl;;Done @cee{name: noname12, obj: 0x1BDD8860, thread: 11012};TID 11012
2016-01-14 13:46:17.952;***TP***;;data: 0.00 mcs  begin trans: 0.00 mcs  process_tables: 0.00 mcs  commit: 0.00 mcs  parse: 0.00 mcs  stat: 0.00 mcs  user cbk: 0.00 mcs  5: 0.00 mcs  ;TID 11012
2016-01-14 13:46:17.952;cgate.env;;Listener was unregistered: 0x1BDD88B8.;TID 11012
2016-01-14 13:46:17.952;cgate.user;;cg_lsn_destroy: 23D88A68;TID 1336
2016-01-14 13:46:17.952;cgate.listener.p2repl;;Done @cee{name: noname14, obj: 0x23D88A10, thread: 1336};TID 1336
2016-01-14 13:46:17.952;***TP***;;data: 0.00 mcs  begin trans: 0.00 mcs  process_tables: 0.00 mcs  commit: 0.00 mcs  parse: 0.00 mcs  stat: 0.00 mcs  user cbk: 0.00 mcs  5: 0.00 mcs  ;TID 1336
2016-01-14 13:46:17.952;cgate.env;;Listener was unregistered: 0x23D88A68.;TID 1336
2016-01-14 13:46:17.952;cgate.user;;cg_lsn_destroy: 1BDD7638;TID 8124
2016-01-14 13:46:17.952;cgate.listener.p2repl;;Done @cee{name: noname11, obj: 0x1BDD75E0, thread: 8124};TID 8124
2016-01-14 13:46:17.952;***TP***;;data: 0.00 mcs  begin trans: 0.00 mcs  process_tables: 0.00 mcs  commit: 0.00 mcs  parse: 0.00 mcs  stat: 0.00 mcs  user cbk: 0.00 mcs  5: 0.00 mcs  ;TID 8124
2016-01-14 13:46:17.952;cgate.env;;Listener was unregistered: 0x1BDD7638.;TID 8124
2016-01-14 13:46:17.954;cgate.user;;cg_lsn_close: 23D88CB8;TID 1336
2016-01-14 13:46:17.954;cgate.listener.p2repl;;Close @cee{name: noname22, obj: 0x23D88C60, thread: 1336};TID 1336
2016-01-14 13:46:17.954;cgate.listener.p2repl;;close. @cee{name: noname22, obj: 0x23D88C60, thread: 1336};TID 1336
2016-01-14 13:46:17.954;***TP***;;data: 0.00 mcs  begin trans: 0.00 mcs  process_tables: 0.00 mcs  commit: 0.00 mcs  parse: 0.00 mcs  stat: 0.00 mcs  user cbk: 0.00 mcs  5: 0.00 mcs  ;TID 1336
2016-01-14 13:46:17.954;P2ReplStorage;;Basic policy deleted;policy 0x23FAAA70;strm 0x1C0114B0;TID 1336
2016-01-14 13:46:17.954;cgate.listener.p2repl;;State changed OPENING -> CLOSED @cee{name: noname22, obj: 0x23D88C60, thread: 1336};TID 1336
2016-01-14 13:46:17.954;cgate.user;;cg_lsn_close: 1C006278;TID 11012
2016-01-14 13:46:17.954;cgate.listener.p2repl;;Close @cee{name: noname16, obj: 0x1C006220, thread: 11012};TID 11012
2016-01-14 13:46:17.954;cgate.listener.p2repl;;close. @cee{name: noname16, obj: 0x1C006220, thread: 11012};TID 11012
2016-01-14 13:46:17.954;***TP***;;data: 0.00 mcs  begin trans: 0.00 mcs  process_tables: 0.00 mcs  commit: 0.00 mcs  parse: 0.00 mcs  stat: 0.00 mcs  user cbk: 0.00 mcs  5: 0.00 mcs  ;TID 11012
2016-01-14 13:46:17.954;P2ReplStorage;;Basic policy deleted;policy 0x1BFDC2A0;strm 0x1C0079F0;TID 11012
2016-01-14 13:46:17.954;cgate.listener.p2repl;;State changed OPENING -> CLOSED @cee{name: noname16, obj: 0x1C006220, thread: 11012};TID 11012
2016-01-14 13:46:17.954;cgate.user;;cg_lsn_destroy: 1C006278;TID 11012
2016-01-14 13:46:17.954;cgate.listener.p2repl;;Done @cee{name: noname16, obj: 0x1C006220, thread: 11012};TID 11012
2016-01-14 13:46:17.954;***TP***;;data: 0.00 mcs  begin trans: 0.00 mcs  process_tables: 0.00 mcs  commit: 0.00 mcs  parse: 0.00 mcs  stat: 0.00 mcs  user cbk: 0.00 mcs  5: 0.00 mcs  ;TID 11012
2016-01-14 13:46:17.954;cgate.env;;Listener was unregistered: 0x1C006278.;TID 11012
2016-01-14 13:46:17.954;cgate.user;;cg_lsn_close: 1C0064C8;TID 11012
2016-01-14 13:46:17.954;cgate.listener.p2repl;;Close @cee{name: noname17, obj: 0x1C006470, thread: 11012};TID 11012
2016-01-14 13:46:17.954;cgate.listener.p2repl;;close. @cee{name: noname17, obj: 0x1C006470, thread: 11012};TID 11012
2016-01-14 13:46:17.954;***TP***;;data: 0.00 mcs  begin trans: 0.00 mcs  process_tables: 0.00 mcs  commit: 0.00 mcs  parse: 0.00 mcs  stat: 0.00 mcs  user cbk: 0.00 mcs  5: 0.00 mcs  ;TID 11012
2016-01-14 13:46:17.954;P2ReplStorage;;Basic policy deleted;policy 0x1BFDC340;strm 0x1C008850;TID 11012
2016-01-14 13:46:17.954;cgate.listener.p2repl;;State changed OPENING -> CLOSED @cee{name: noname17, obj: 0x1C006470, thread: 11012};TID 11012
2016-01-14 13:46:17.954;cgate.user;;cg_lsn_destroy: 1C0064C8;TID 11012
2016-01-14 13:46:17.954;cgate.listener.p2repl;;Done @cee{name: noname17, obj: 0x1C006470, thread: 11012};TID 11012
2016-01-14 13:46:17.954;***TP***;;data: 0.00 mcs  begin trans: 0.00 mcs  process_tables: 0.00 mcs  commit: 0.00 mcs  parse: 0.00 mcs  stat: 0.00 mcs  user cbk: 0.00 mcs  5: 0.00 mcs  ;TID 11012
2016-01-14 13:46:17.954;cgate.env;;Listener was unregistered: 0x1C0064C8.;TID 11012
2016-01-14 13:46:17.954;cgate.user;;cg_lsn_close: 1C006718;TID 11012
2016-01-14 13:46:17.954;cgate.listener.p2repl;;Close @cee{name: noname18, obj: 0x1C0066C0, thread: 11012};TID 11012
2016-01-14 13:46:17.954;cgate.listener.p2repl;;close. @cee{name: noname18, obj: 0x1C0066C0, thread: 11012};TID 11012
2016-01-14 13:46:17.954;***TP***;;data: 0.00 mcs  begin trans: 0.00 mcs  process_tables: 0.00 mcs  commit: 0.00 mcs  parse: 0.00 mcs  stat: 0.00 mcs  user cbk: 0.00 mcs  5: 0.00 mcs  ;TID 11012
2016-01-14 13:46:17.954;P2ReplStorage;;Basic policy deleted;policy 0x1BFDC3E0;strm 0x1C0096B0;TID 11012
2016-01-14 13:46:17.954;cgate.listener.p2repl;;State changed OPENING -> CLOSED @cee{name: noname18, obj: 0x1C0066C0, thread: 11012};TID 11012
2016-01-14 13:46:17.954;cgate.user;;cg_lsn_destroy: 1C006718;TID 11012
2016-01-14 13:46:17.954;cgate.listener.p2repl;;Done @cee{name: noname18, obj: 0x1C0066C0, thread: 11012};TID 11012
2016-01-14 13:46:17.954;***TP***;;data: 0.00 mcs  begin trans: 0.00 mcs  process_tables: 0.00 mcs  commit: 0.00 mcs  parse: 0.00 mcs  stat: 0.00 mcs  user cbk: 0.00 mcs  5: 0.00 mcs  ;TID 11012
2016-01-14 13:46:17.954;cgate.env;;Listener was unregistered: 0x1C006718.;TID 11012
2016-01-14 13:46:17.954;cgate.user;;cg_lsn_close: 1C006968;TID 11012
2016-01-14 13:46:17.954;cgate.listener.p2repl;;Close @cee{name: noname19, obj: 0x1C006910, thread: 11012};TID 11012
2016-01-14 13:46:17.954;cgate.listener.p2repl;;close. @cee{name: noname19, obj: 0x1C006910, thread: 11012};TID 11012
2016-01-14 13:46:17.954;***TP***;;data: 0.00 mcs  begin trans: 0.00 mcs  process_tables: 0.00 mcs  commit: 0.00 mcs  parse: 0.00 mcs  stat: 0.00 mcs  user cbk: 0.00 mcs  5: 0.00 mcs  ;TID 11012
2016-01-14 13:46:17.954;P2ReplStorage;;Basic policy deleted;policy 0x1BFDC480;strm 0x1C00A510;TID 11012
2016-01-14 13:46:17.954;cgate.listener.p2repl;;State changed OPENING -> CLOSED @cee{name: noname19, obj: 0x1C006910, thread: 11012};TID 11012
2016-01-14 13:46:17.954;cgate.user;;cg_lsn_destroy: 1C006968;TID 11012
2016-01-14 13:46:17.954;cgate.listener.p2repl;;Done @cee{name: noname19, obj: 0x1C006910, thread: 11012};TID 11012
2016-01-14 13:46:17.954;***TP***;;data: 0.00 mcs  begin trans: 0.00 mcs  process_tables: 0.00 mcs  commit: 0.00 mcs  parse: 0.00 mcs  stat: 0.00 mcs  user cbk: 0.00 mcs  5: 0.00 mcs  ;TID 11012
2016-01-14 13:46:17.954;cgate.env;;Listener was unregistered: 0x1C006968.;TID 11012
2016-01-14 13:46:17.954;cgate.user;;cg_lsn_close: 1C006BB8;TID 11012
2016-01-14 13:46:17.954;cgate.listener.p2repl;;Close @cee{name: noname20, obj: 0x1C006B60, thread: 11012};TID 11012
2016-01-14 13:46:17.954;cgate.listener.p2repl;;close. @cee{name: noname20, obj: 0x1C006B60, thread: 11012};TID 11012
2016-01-14 13:46:17.954;***TP***;;data: 0.00 mcs  begin trans: 0.00 mcs  process_tables: 0.00 mcs  commit: 0.00 mcs  parse: 0.00 mcs  stat: 0.00 mcs  user cbk: 0.00 mcs  5: 0.00 mcs  ;TID 11012
2016-01-14 13:46:17.954;P2ReplStorage;;Basic policy deleted;policy 0x1BFDC520;strm 0x1C00BAC0;TID 11012
2016-01-14 13:46:17.954;cgate.listener.p2repl;;State changed OPENING -> CLOSED @cee{name: noname20, obj: 0x1C006B60, thread: 11012};TID 11012
2016-01-14 13:46:17.954;cgate.user;;cg_lsn_destroy: 1C006BB8;TID 11012
2016-01-14 13:46:17.954;cgate.listener.p2repl;;Done @cee{name: noname20, obj: 0x1C006B60, thread: 11012};TID 11012
2016-01-14 13:46:17.954;***TP***;;data: 0.00 mcs  begin trans: 0.00 mcs  process_tables: 0.00 mcs  commit: 0.00 mcs  parse: 0.00 mcs  stat: 0.00 mcs  user cbk: 0.00 mcs  5: 0.00 mcs  ;TID 11012
2016-01-14 13:46:17.954;cgate.env;;Listener was unregistered: 0x1C006BB8.;TID 11012
2016-01-14 13:46:17.954;cgate.user;;cg_lsn_close: 1C006E08;TID 11012
2016-01-14 13:46:17.954;cgate.listener.p2repl;;Close @cee{name: noname21, obj: 0x1C006DB0, thread: 11012};TID 11012
2016-01-14 13:46:17.954;cgate.listener.p2repl;;close. @cee{name: noname21, obj: 0x1C006DB0, thread: 11012};TID 11012
2016-01-14 13:46:17.954;***TP***;;data: 0.00 mcs  begin trans: 0.00 mcs  process_tables: 0.00 mcs  commit: 0.00 mcs  parse: 0.00 mcs  stat: 0.00 mcs  user cbk: 0.00 mcs  5: 0.00 mcs  ;TID 11012
2016-01-14 13:46:17.954;P2ReplStorage;;Basic policy deleted;policy 0x1BFDC5C0;strm 0x1C00CD80;TID 11012
2016-01-14 13:46:17.954;cgate.listener.p2repl;;State changed OPENING -> CLOSED @cee{name: noname21, obj: 0x1C006DB0, thread: 11012};TID 11012
2016-01-14 13:46:17.954;cgate.user;;cg_lsn_destroy: 1C006E08;TID 11012
2016-01-14 13:46:17.954;cgate.listener.p2repl;;Done @cee{name: noname21, obj: 0x1C006DB0, thread: 11012};TID 11012
2016-01-14 13:46:17.954;***TP***;;data: 0.00 mcs  begin trans: 0.00 mcs  process_tables: 0.00 mcs  commit: 0.00 mcs  parse: 0.00 mcs  stat: 0.00 mcs  user cbk: 0.00 mcs  5: 0.00 mcs  ;TID 11012
2016-01-14 13:46:17.954;cgate.env;;Listener was unregistered: 0x1C006E08.;TID 11012
2016-01-14 13:46:17.955;cgate.user;;cg_lsn_destroy: 23D88CB8;TID 1336
2016-01-14 13:46:17.955;cgate.user;;cg_lsn_close: 1C003CC8;TID 8124
2016-01-14 13:46:17.955;cgate.listener.p2repl;;Done @cee{name: noname22, obj: 0x23D88C60, thread: 1336};TID 1336
2016-01-14 13:46:17.955;cgate.listener.p2repl;;Close @cee{name: noname15, obj: 0x1C003C70, thread: 8124};TID 8124
2016-01-14 13:46:17.955;cgate.listener.p2repl;;close. @cee{name: noname15, obj: 0x1C003C70, thread: 8124};TID 8124
2016-01-14 13:46:17.955;***TP***;;data: 0.00 mcs  begin trans: 0.00 mcs  process_tables: 0.00 mcs  commit: 0.00 mcs  parse: 0.00 mcs  stat: 0.00 mcs  user cbk: 0.00 mcs  5: 0.00 mcs  ;TID 8124
2016-01-14 13:46:17.955;P2ReplStorage;;Basic policy deleted;policy 0x1BFDCAA0;strm 0x1C004C40;TID 8124
2016-01-14 13:46:17.955;cgate.listener.p2repl;;State changed OPENING -> CLOSED @cee{name: noname15, obj: 0x1C003C70, thread: 8124};TID 8124
2016-01-14 13:46:17.955;cgate.user;;cg_lsn_destroy: 1C003CC8;TID 8124
2016-01-14 13:46:17.955;cgate.listener.p2repl;;Done @cee{name: noname15, obj: 0x1C003C70, thread: 8124};TID 8124
2016-01-14 13:46:17.955;***TP***;;data: 0.00 mcs  begin trans: 0.00 mcs  process_tables: 0.00 mcs  commit: 0.00 mcs  parse: 0.00 mcs  stat: 0.00 mcs  user cbk: 0.00 mcs  5: 0.00 mcs  ;TID 8124
2016-01-14 13:46:17.955;cgate.env;;Listener was unregistered: 0x1C003CC8.;TID 8124
2016-01-14 13:46:17.955;***TP***;;data: 0.00 mcs  begin trans: 0.00 mcs  process_tables: 0.00 mcs  commit: 0.00 mcs  parse: 0.00 mcs  stat: 0.00 mcs  user cbk: 0.00 mcs  5: 0.00 mcs  ;TID 1336
2016-01-14 13:46:17.955;cgate.env;;Listener was unregistered: 0x23D88CB8.;TID 1336
2016-01-14 13:46:17.956;cgate.user;;cg_conn_close: 1BE163F0;TID 11012
2016-01-14 13:46:17.956;cgate.user;;cg_conn_close: 1BE16BA0;TID 13784
2016-01-14 13:46:17.956;cgate.connection.p2;;Close @cee{name: noname4, obj: 0x1BE16B50, thread: 13784};TID 13784
2016-01-14 13:46:17.956;cgate.user;;cg_conn_close: 1BE16160;TID 6632
2016-01-14 13:46:17.956;cgate.connection.p2;;Close @cee{name: noname1, obj: 0x1BE16110, thread: 6632};TID 6632
2016-01-14 13:46:17.956;cgate.connection.p2;;Close @cee{name: noname2, obj: 0x1BE163A0, thread: 11012};TID 11012
2016-01-14 13:46:17.956;p2mq-cli;;Connection disconnected; mq-conn 0x1;TID 6632
2016-01-14 13:46:17.957;p2repl-cli;warning;Stream state was changed during service resolve;currState 0; prevState 10strm 0x1BFE5A90;TID 13784
2016-01-14 13:46:17.957;p2mq-cli;;Connection disconnected; mq-conn 0x4;TID 13784
2016-01-14 13:46:17.957;cgate.user;;cg_conn_close: 1BE16E30;TID 1336
2016-01-14 13:46:17.957;cgate.connection.p2;;Close @cee{name: noname5, obj: 0x1BE16DE0, thread: 1336};TID 1336
2016-01-14 13:46:17.957;p2repl-cli;warning;Stream state was changed during service resolve;currState 0; prevState 10strm 0x1BFE6270;TID 11012
2016-01-14 13:46:17.957;cgate.connection.p2;;State changed ACTIVE -> CLOSED @cee{name: noname4, obj: 0x1BE16B50, thread: 13784};TID 13784
2016-01-14 13:46:17.957;p2repl-cli;warning;Stream state was changed during service resolve;currState 0; prevState 10strm 0x1C0079F0;TID 11012
2016-01-14 13:46:17.957;p2repl-cli;warning;Stream state was changed during service resolve;currState 0; prevState 10strm 0x1C008850;TID 11012
2016-01-14 13:46:17.957;p2repl-cli;warning;Stream state was changed during service resolve;currState 0; prevState 10strm 0x1C0096B0;TID 11012
2016-01-14 13:46:17.957;p2repl-cli;warning;Stream state was changed during service resolve;currState 0; prevState 10strm 0x1C00A510;TID 11012
2016-01-14 13:46:17.957;p2repl-cli;warning;Stream state was changed during service resolve;currState 0; prevState 10strm 0x1C00BAC0;TID 11012
2016-01-14 13:46:17.957;p2repl-cli;warning;Stream state was changed during service resolve;currState 0; prevState 10strm 0x1C00CD80;TID 11012
2016-01-14 13:46:17.957;p2mq-cli;;Connection disconnected; mq-conn 0x2;TID 11012
2016-01-14 13:46:17.957;p2repl-cli;warning;Stream state was changed during service resolve;currState 0; prevState 10strm 0x1BFE8BB0;TID 1336
2016-01-14 13:46:17.957;p2repl-cli;warning;Stream state was changed during service resolve;currState 0; prevState 10strm 0x1C0114B0;TID 1336
2016-01-14 13:46:17.957;cgate.connection.p2;;State changed ACTIVE -> CLOSED @cee{name: noname2, obj: 0x1BE163A0, thread: 11012};TID 11012
2016-01-14 13:46:17.957;p2mq-cli;;Connection disconnected; mq-conn 0x5;TID 1336
2016-01-14 13:46:17.957;cgate.user;;cg_conn_close: 1BE16910;TID 8124
2016-01-14 13:46:17.957;cgate.connection.p2;;Close @cee{name: noname3, obj: 0x1BE168C0, thread: 8124};TID 8124
2016-01-14 13:46:17.957;cgate.user;;cg_conn_destroy: 1BE16BA0;TID 13784
2016-01-14 13:46:17.957;cgate.connection.p2;;done: connection done. @cee{name: noname4, obj: 0x1BE16B50, thread: 13784};TID 13784
2016-01-14 13:46:17.957;cgate.connection.p2;;Close @cee{name: noname4, obj: 0x1BE16B50, thread: 13784};TID 13784
2016-01-14 13:46:17.957;cgate.env;;Connection was unregistered: 0x1BE16BA0.;TID 13784
2016-01-14 13:46:17.957;cgate.user;;cg_conn_destroy: 1BE163F0;TID 11012
2016-01-14 13:46:17.957;cgate.connection.p2;;done: connection done. @cee{name: noname2, obj: 0x1BE163A0, thread: 11012};TID 11012
2016-01-14 13:46:17.957;cgate.connection.p2;;Close @cee{name: noname2, obj: 0x1BE163A0, thread: 11012};TID 11012
2016-01-14 13:46:17.957;cgate.env;;Connection was unregistered: 0x1BE163F0.;TID 11012
2016-01-14 13:46:17.957;cgate.connection.p2;;State changed ACTIVE -> CLOSED @cee{name: noname5, obj: 0x1BE16DE0, thread: 1336};TID 1336
2016-01-14 13:46:17.957;cgate.user;;cg_conn_destroy: 1BE16E30;TID 1336
2016-01-14 13:46:17.957;cgate.connection.p2;;done: connection done. @cee{name: noname5, obj: 0x1BE16DE0, thread: 1336};TID 1336
2016-01-14 13:46:17.957;cgate.connection.p2;;Close @cee{name: noname5, obj: 0x1BE16DE0, thread: 1336};TID 1336
2016-01-14 13:46:17.957;cgate.env;;Connection was unregistered: 0x1BE16E30.;TID 1336
2016-01-14 13:46:17.958;p2repl-cli;warning;Stream state was changed during service resolve;currState 0; prevState 10strm 0x23D899E0;TID 8124
2016-01-14 13:46:17.958;p2repl-cli;warning;Stream state was changed during service resolve;currState 0; prevState 10strm 0x1C004C40;TID 8124
2016-01-14 13:46:17.958;p2mq-cli;;Connection disconnected; mq-conn 0x3;TID 8124
2016-01-14 13:46:17.958;cgate.connection.p2;;State changed ACTIVE -> CLOSED @cee{name: noname1, obj: 0x1BE16110, thread: 6632};TID 6632
2016-01-14 13:46:17.958;cgate.connection.p2;;State changed ACTIVE -> CLOSED @cee{name: noname3, obj: 0x1BE168C0, thread: 8124};TID 8124
2016-01-14 13:46:17.959;cgate.user;;cg_conn_destroy: 1BE16910;TID 8124
2016-01-14 13:46:17.959;cgate.connection.p2;;done: connection done. @cee{name: noname3, obj: 0x1BE168C0, thread: 8124};TID 8124
2016-01-14 13:46:17.959;cgate.connection.p2;;Close @cee{name: noname3, obj: 0x1BE168C0, thread: 8124};TID 8124
2016-01-14 13:46:17.959;cgate.env;;Connection was unregistered: 0x1BE16910.;TID 8124
2016-01-14 13:46:17.959;cgate.user;;cg_conn_destroy: 1BE16160;TID 6632
2016-01-14 13:46:17.959;cgate.connection.p2;;done: connection done. @cee{name: noname1, obj: 0x1BE16110, thread: 6632};TID 6632
2016-01-14 13:46:17.959;cgate.connection.p2;;Close @cee{name: noname1, obj: 0x1BE16110, thread: 6632};TID 6632
2016-01-14 13:46:17.959;cgate.env;;Connection was unregistered: 0x1BE16160.;TID 6632
2016-01-14 13:46:38.100;cgate.user;;cg_pub_close: 1BFE4038;TID 13912
2016-01-14 13:46:38.100;cgate.publisher.p2mq;;Close @cee{name: pub_127_0_0_1_4001_TestCGateConnection_0, obj: 0x1BFE3FE0, thread: 13912};TID 13912
2016-01-14 13:46:38.100;cgate.publisher.p2mq;;close. @cee{name: pub_127_0_0_1_4001_TestCGateConnection_0, obj: 0x1BFE3FE0, thread: 13912};TID 13912
2016-01-14 13:46:38.100;cgate.publisher.p2mq;;State changed ERROR -> CLOSED @cee{name: pub_127_0_0_1_4001_TestCGateConnection_0, obj: 0x1BFE3FE0, thread: 13912};TID 13912
2016-01-14 13:46:38.100;cgate.publisher.p2mq;;close: notify listeners publisher is closing. @cee{name: pub_127_0_0_1_4001_TestCGateConnection_0, obj: 0x1BFE3FE0, thread: 13912};TID 13912
2016-01-14 13:46:38.100;cgate.user;;cg_pub_destroy: 1BFE4038;TID 13912
2016-01-14 13:46:38.100;cgate.publisher.p2mq;;done: done publisher. @cee{name: pub_127_0_0_1_4001_TestCGateConnection_0, obj: 0x1BFE3FE0, thread: 13912};TID 13912
2016-01-14 13:46:38.100;cgate.publisher.p2mq;;done: notify listeners publisher is destroyed. @cee{name: pub_127_0_0_1_4001_TestCGateConnection_0, obj: 0x1BFE3FE0, thread: 13912};TID 13912
2016-01-14 13:46:38.100;cgate.env;;Publisher was unregistered: 0x1BFE4038.;TID 13912
