2016-07-01 09:21:12.897049;p2syslog;;Use async writing mode; msg_pool_size: 2048; logthread_affinity 0x0;TID 16912
2016-07-01 09:21:12.897059;p2syslog;;Precise system time supported;TID 16912
2016-07-01 09:21:12.897060;p2syslog;WARNING;Use default buffer size;TID 16912
2016-07-01 09:21:12.897083;cgate.env;;Registered default p2 logger cgate.env.;TID 16912
2016-07-01 09:21:12.897088;cgate.env;;Registered default p2 logger cgate.user.;TID 16912
2016-07-01 09:21:12.897119;p2mq-cli;;MQ library started.;TID 16912
2016-07-01 09:21:12.897130;p2repl-cli;;Client replication library started;TID 16912
2016-07-01 09:21:12.897250;cgate.env;;New conn impl registered: p2tcp.;TID 16912
2016-07-01 09:21:12.897253;cgate.env;;New conn impl registered: p2lrpcq.;TID 16912
2016-07-01 09:21:12.897254;cgate.env;;New conn impl registered: p2sys.;TID 16912
2016-07-01 09:21:12.897255;cgate.env;;New listener impl registered: p2sys.;TID 16912
2016-07-01 09:21:12.897257;cgate.env;;New publisher impl registered: p2sys.;TID 16912
2016-07-01 09:21:12.897259;cgate.env;;New publisher impl registered: p2mq.;TID 16912
2016-07-01 09:21:12.897260;cgate.env;;New listener impl registered: p2repl.;TID 16912
2016-07-01 09:21:12.897262;cgate.env;;New listener impl registered: p2mqreply.;TID 16912
2016-07-01 09:21:12.897263;cgate.env;;New listener impl registered: p2ordbook.;TID 16912
2016-07-01 09:21:12.897265;cgate.env;;New conn impl registered: test.;TID 16912
2016-07-01 09:21:12.897266;cgate.env;;New publisher impl registered: test.;TID 16912
2016-07-01 09:21:12.897268;cgate.env;;New listener impl registered: test.;TID 16912
2016-07-01 09:21:12.897269;cgate.env;;New conn impl registered: timer.;TID 16912
2016-07-01 09:21:12.897271;cgate.env;;New listener impl registered: interval_timer.;TID 16912
2016-07-01 09:21:12.897272;cgate.env;;New listener impl registered: cron_timer.;TID 16912
2016-07-01 09:21:12.897273;cgate.env;;New publisher impl registered: file.;TID 16912
2016-07-01 09:21:12.897279;cgate.user;;Cgate version: 5.1.0;TID 16912
2016-07-01 09:21:12.897305;cgate.user;;OS version: Microsoft  (build 9200), 64-bit;TID 16912
2016-07-01 09:21:12.897306;cgate.user;;P2 version: 206.;TID 16912
2016-07-01 09:21:12.897310;cgate.user;;Current work path: C:\REPOSITORY\-AistTrader\AistTrader\AistTrader\bin\x64\Debug;TID 16912
2016-07-01 09:21:12.897312;cgate.user;;cg_env_open settings: ini=StockSharp.Plaza.CGate.ini;key=11111111;TID 16912
2016-07-01 09:21:12.897735;cgate.user;;cg_conn_new settings: p2tcp://127.0.0.1:4001;app_name=SS_0;TID 16912
2016-07-01 09:21:12.897789;cgate.env;;Registered default p2 logger cgate.connection.p2.;TID 16912
2016-07-01 09:21:12.897813;cgate.connection.p2;;init: connection init. Connection settings: p2tcp://127.0.0.1:4001;app_name=SS_0;name=noname1 @cee{name: , obj: 0x2DB30ABA370, thread: 16912};TID 16912
2016-07-01 09:21:12.897830;cgate.env;;New connection was registered: noname1.;TID 16912
2016-07-01 09:21:12.897839;cgate.user;;cg_conn_new settings: p2tcp://127.0.0.1:4001;app_name=SS_1;TID 19184
2016-07-01 09:21:12.897856;cgate.connection.p2;;init: connection init. Connection settings: p2tcp://127.0.0.1:4001;app_name=SS_1;name=noname2 @cee{name: , obj: 0x2DB30ABBDB0, thread: 19184};TID 19184
2016-07-01 09:21:12.897865;cgate.env;;New connection was registered: noname2.;TID 19184
2016-07-01 09:21:12.897873;cgate.user;;cg_conn_new settings: p2tcp://127.0.0.1:4001;app_name=SS_2;TID 20104
2016-07-01 09:21:12.897888;cgate.connection.p2;;init: connection init. Connection settings: p2tcp://127.0.0.1:4001;app_name=SS_2;name=noname3 @cee{name: , obj: 0x2DB30ABAB50, thread: 20104};TID 20104
2016-07-01 09:21:12.897897;cgate.env;;New connection was registered: noname3.;TID 20104
2016-07-01 09:21:12.897905;cgate.user;;cg_conn_new settings: p2tcp://127.0.0.1:4001;app_name=SS_3;TID 6180
2016-07-01 09:21:12.897920;cgate.connection.p2;;init: connection init. Connection settings: p2tcp://127.0.0.1:4001;app_name=SS_3;name=noname4 @cee{name: , obj: 0x2DB30ABA610, thread: 6180};TID 6180
2016-07-01 09:21:12.897927;cgate.env;;New connection was registered: noname4.;TID 6180
2016-07-01 09:21:12.898045;cgate.user;;cg_conn_new settings: p2tcp://127.0.0.1:4001;app_name=SS_4;TID 20760
2016-07-01 09:21:12.898061;cgate.connection.p2;;init: connection init. Connection settings: p2tcp://127.0.0.1:4001;app_name=SS_4;name=noname5 @cee{name: , obj: 0x2DB30ABB330, thread: 20760};TID 20760
2016-07-01 09:21:12.898070;cgate.env;;New connection was registered: noname5.;TID 20760
2016-07-01 09:21:12.898518;cgate.user;;cg_conn_open: 2DB30ABA3C0;TID 16912
2016-07-01 09:21:12.898521;cgate.user;;cg_conn_open settings: ;TID 16912
2016-07-01 09:21:12.898523;cgate.connection.p2;;open: connection open. @cee{name: noname1, obj: 0x2DB30ABA370, thread: 16912};TID 16912
2016-07-01 09:21:12.898537;cgate.connection.p2;;P2MQ connection string: appName=SS_0;host=127.0.0.1;port=4001;
 @cee{name: noname1, obj: 0x2DB30ABA370, thread: 16912};TID 16912
2016-07-01 09:21:12.899147;cgate.user;;cg_conn_open: 2DB30ABB380;TID 20760
2016-07-01 09:21:12.899148;cgate.user;;cg_conn_open: 2DB30ABA660;TID 6180
2016-07-01 09:21:12.899150;cgate.user;;cg_conn_open settings: ;TID 20760
2016-07-01 09:21:12.899150;cgate.user;;cg_conn_open settings: ;TID 6180
2016-07-01 09:21:12.899153;cgate.connection.p2;;open: connection open. @cee{name: noname5, obj: 0x2DB30ABB330, thread: 20760};TID 20760
2016-07-01 09:21:12.899153;cgate.connection.p2;;open: connection open. @cee{name: noname4, obj: 0x2DB30ABA610, thread: 6180};TID 6180
2016-07-01 09:21:12.899160;cgate.connection.p2;;P2MQ connection string: appName=SS_4;host=127.0.0.1;port=4001;
 @cee{name: noname5, obj: 0x2DB30ABB330, thread: 20760};TID 20760
2016-07-01 09:21:12.899166;cgate.connection.p2;;P2MQ connection string: appName=SS_3;host=127.0.0.1;port=4001;
 @cee{name: noname4, obj: 0x2DB30ABA610, thread: 6180};TID 6180
2016-07-01 09:21:12.899184;cgate.user;;cg_conn_open: 2DB30ABABA0;TID 20104
2016-07-01 09:21:12.899186;cgate.user;;cg_conn_open settings: ;TID 20104
2016-07-01 09:21:12.899188;cgate.connection.p2;;open: connection open. @cee{name: noname3, obj: 0x2DB30ABAB50, thread: 20104};TID 20104
2016-07-01 09:21:12.899194;cgate.connection.p2;;P2MQ connection string: appName=SS_2;host=127.0.0.1;port=4001;
 @cee{name: noname3, obj: 0x2DB30ABAB50, thread: 20104};TID 20104
2016-07-01 09:21:12.899211;cgate.user;;cg_conn_open: 2DB30ABBE00;TID 19184
2016-07-01 09:21:12.899213;cgate.user;;cg_conn_open settings: ;TID 19184
2016-07-01 09:21:12.899215;cgate.connection.p2;;open: connection open. @cee{name: noname2, obj: 0x2DB30ABBDB0, thread: 19184};TID 19184
2016-07-01 09:21:12.899220;cgate.connection.p2;;P2MQ connection string: appName=SS_1;host=127.0.0.1;port=4001;
 @cee{name: noname2, obj: 0x2DB30ABBDB0, thread: 19184};TID 19184
2016-07-01 09:21:12.900611;p2mq-cli;;Connection 0x2DB30C59D80 connected; mq-conn 0x1; router state 'reconnecting'; 'appName=SS_0;host=127.0.0.1;port=4001;';TID 16912
2016-07-01 09:21:12.900640;cgate.connection.p2;;State changed CLOSED -> OPENING @cee{name: noname1, obj: 0x2DB30ABA370, thread: 16912};TID 16912
2016-07-01 09:21:12.900648;cgate.connection.p2;;Checking certification for: 127.0.0.1:4001, key: 11111111 @cee{name: noname1, obj: 0x2DB30ABA370, thread: 16912};TID 16912
2016-07-01 09:21:12.900661;cgate.connection.p2;;State changed OPENING -> ACTIVE @cee{name: noname1, obj: 0x2DB30ABA370, thread: 16912};TID 16912
2016-07-01 09:21:12.900983;p2mq-cli;;Connection 0x2DB30C59A90 connected; mq-conn 0x5; router state 'reconnecting'; 'appName=SS_4;host=127.0.0.1;port=4001;';TID 20760
2016-07-01 09:21:12.900996;cgate.connection.p2;;State changed CLOSED -> OPENING @cee{name: noname5, obj: 0x2DB30ABB330, thread: 20760};TID 20760
2016-07-01 09:21:12.901000;cgate.connection.p2;;Checking certification for: 127.0.0.1:4001, key: 11111111 @cee{name: noname5, obj: 0x2DB30ABB330, thread: 20760};TID 20760
2016-07-01 09:21:12.901007;cgate.connection.p2;;State changed OPENING -> ACTIVE @cee{name: noname5, obj: 0x2DB30ABB330, thread: 20760};TID 20760
2016-07-01 09:21:12.901348;p2mq-cli;;Connection 0x2DB30C58ED0 connected; mq-conn 0x4; router state 'reconnecting'; 'appName=SS_3;host=127.0.0.1;port=4001;';TID 6180
2016-07-01 09:21:12.901369;cgate.connection.p2;;State changed CLOSED -> OPENING @cee{name: noname4, obj: 0x2DB30ABA610, thread: 6180};TID 6180
2016-07-01 09:21:12.901372;cgate.connection.p2;;Checking certification for: 127.0.0.1:4001, key: 11111111 @cee{name: noname4, obj: 0x2DB30ABA610, thread: 6180};TID 6180
2016-07-01 09:21:12.901378;cgate.connection.p2;;State changed OPENING -> ACTIVE @cee{name: noname4, obj: 0x2DB30ABA610, thread: 6180};TID 6180
2016-07-01 09:21:12.901757;p2mq-cli;;Connection 0x2DB30C5A070 connected; mq-conn 0x3; router state 'reconnecting'; 'appName=SS_2;host=127.0.0.1;port=4001;';TID 20104
2016-07-01 09:21:12.901770;cgate.connection.p2;;State changed CLOSED -> OPENING @cee{name: noname3, obj: 0x2DB30ABAB50, thread: 20104};TID 20104
2016-07-01 09:21:12.901773;cgate.connection.p2;;Checking certification for: 127.0.0.1:4001, key: 11111111 @cee{name: noname3, obj: 0x2DB30ABAB50, thread: 20104};TID 20104
2016-07-01 09:21:12.901781;cgate.connection.p2;;State changed OPENING -> ACTIVE @cee{name: noname3, obj: 0x2DB30ABAB50, thread: 20104};TID 20104
2016-07-01 09:21:12.902106;p2mq-cli;;Connection 0x2DB30C5A360 connected; mq-conn 0x2; router state 'reconnecting'; 'appName=SS_1;host=127.0.0.1;port=4001;';TID 19184
2016-07-01 09:21:12.902117;cgate.connection.p2;;State changed CLOSED -> OPENING @cee{name: noname2, obj: 0x2DB30ABBDB0, thread: 19184};TID 19184
2016-07-01 09:21:12.902120;cgate.connection.p2;;Checking certification for: 127.0.0.1:4001, key: 11111111 @cee{name: noname2, obj: 0x2DB30ABBDB0, thread: 19184};TID 19184
2016-07-01 09:21:12.902126;cgate.connection.p2;;State changed OPENING -> ACTIVE @cee{name: noname2, obj: 0x2DB30ABBDB0, thread: 19184};TID 19184
2016-07-01 09:21:12.910740;cgate.user;;cg_pub_new settings: p2mq://SOFTWARE_AUTH;category=CERT_MSG;format=raw;name=certlistner_000002DB30ABA3C0;timeout=10000;scheme=noscheme;TID 16912
2016-07-01 09:21:12.910741;cgate.user;;cg_pub_new settings: p2mq://SOFTWARE_AUTH;category=CERT_MSG;format=raw;name=certlistner_000002DB30ABB380;timeout=10000;scheme=noscheme;TID 20760
2016-07-01 09:21:12.910763;cgate.user;;cg_pub_new settings: p2mq://SOFTWARE_AUTH;category=CERT_MSG;format=raw;name=certlistner_000002DB30ABBE00;timeout=10000;scheme=noscheme;TID 19184
2016-07-01 09:21:12.910777;cgate.user;;cg_pub_new settings: p2mq://SOFTWARE_AUTH;category=CERT_MSG;format=raw;name=certlistner_000002DB30ABA660;timeout=10000;scheme=noscheme;TID 6180
2016-07-01 09:21:12.910779;cgate.user;;cg_pub_new settings: p2mq://SOFTWARE_AUTH;category=CERT_MSG;format=raw;name=certlistner_000002DB30ABABA0;timeout=10000;scheme=noscheme;TID 20104
2016-07-01 09:21:12.910789;cgate.env;;Registered default p2 logger cgate.publisher.p2mq.;TID 16912
2016-07-01 09:21:12.910796;cgate.env;;Registered default p2 logger scheme.;TID 16912
2016-07-01 09:21:12.910815;cgate.publisher.p2mq;;init: init publisher. @cee{name: , obj: 0x2DB33F54D40, thread: 16912};TID 16912
2016-07-01 09:21:12.910816;cgate.publisher.p2mq;;init: init publisher. @cee{name: , obj: 0x2DB33F555B0, thread: 19184};TID 19184
2016-07-01 09:21:12.910816;cgate.publisher.p2mq;;init: init publisher. @cee{name: , obj: 0x2DB33F55880, thread: 20104};TID 20104
2016-07-01 09:21:12.910830;cgate.publisher.p2mq;;init: init publisher. @cee{name: , obj: 0x2DB33F56960, thread: 20760};TID 20760
2016-07-01 09:21:12.910834;cgate.publisher.p2mq;;init: init publisher. @cee{name: , obj: 0x2DB33F563C0, thread: 6180};TID 6180
2016-07-01 09:21:12.910844;cgate.env;;New publisher was registered: certlistner_000002DB30ABA3C0.;TID 16912
2016-07-01 09:21:12.910849;cgate.env;;New publisher was registered: certlistner_000002DB30ABB380.;TID 20760
2016-07-01 09:21:12.910852;cgate.user;;cg_lsn_new settings: p2mqreply://;category=CERT_MSG;format=raw;ref=certlistner_000002DB30ABA3C0;scheme=noscheme;TID 16912
2016-07-01 09:21:12.910854;cgate.user;;cg_lsn_new settings: p2mqreply://;category=CERT_MSG;format=raw;ref=certlistner_000002DB30ABB380;scheme=noscheme;TID 20760
2016-07-01 09:21:12.910858;cgate.env;;New publisher was registered: certlistner_000002DB30ABA660.;TID 6180
2016-07-01 09:21:12.910864;cgate.user;;cg_lsn_new settings: p2mqreply://;category=CERT_MSG;format=raw;ref=certlistner_000002DB30ABA660;scheme=noscheme;TID 6180
2016-07-01 09:21:12.910881;cgate.env;;Registered default p2 logger cgate.listener.p2mqreply.;TID 16912
2016-07-01 09:21:12.910884;cgate.env;;New publisher was registered: certlistner_000002DB30ABBE00.;TID 19184
2016-07-01 09:21:12.910887;cgate.listener.p2mqreply;;init: init listener: p2mqreply://;category=CERT_MSG;format=raw;ref=certlistner_000002DB30ABA3C0;scheme=noscheme;name=noname6. @cee{name: , obj: 0x2DB30B5FAC0, thread: 16912};TID 16912
2016-07-01 09:21:12.910888;cgate.user;;cg_lsn_new settings: p2mqreply://;category=CERT_MSG;format=raw;ref=certlistner_000002DB30ABBE00;scheme=noscheme;TID 19184
2016-07-01 09:21:12.910893;cgate.listener.p2mqreply;;init: init listener: p2mqreply://;category=CERT_MSG;format=raw;ref=certlistner_000002DB30ABA660;scheme=noscheme;name=noname8. @cee{name: , obj: 0x2DB30B5FC80, thread: 6180};TID 6180
2016-07-01 09:21:12.910896;cgate.listener.p2mqreply;;init: init listener: p2mqreply://;category=CERT_MSG;format=raw;ref=certlistner_000002DB30ABBE00;scheme=noscheme;name=noname9. @cee{name: , obj: 0x2DB30B5FE40, thread: 19184};TID 19184
2016-07-01 09:21:12.910897;cgate.env;;New listener was registered: noname6.;TID 16912
2016-07-01 09:21:12.910899;cgate.user;;cg_pub_open: 2DB33F54D98;TID 16912
2016-07-01 09:21:12.910903;cgate.env;;New listener was registered: noname8.;TID 6180
2016-07-01 09:21:12.910905;cgate.user;;cg_pub_open: 2DB33F56418;TID 6180
2016-07-01 09:21:12.910906;cgate.publisher.p2mq;;open: (null). @cee{name: certlistner_000002DB30ABA3C0, obj: 0x2DB33F54D40, thread: 16912};TID 16912
2016-07-01 09:21:12.910907;cgate.publisher.p2mq;;open: (null). @cee{name: certlistner_000002DB30ABA660, obj: 0x2DB33F563C0, thread: 6180};TID 6180
2016-07-01 09:21:12.910928;cgate.env;;New publisher was registered: certlistner_000002DB30ABABA0.;TID 20104
2016-07-01 09:21:12.910936;cgate.env;;New listener was registered: noname9.;TID 19184
2016-07-01 09:21:12.910938;cgate.user;;cg_lsn_new settings: p2mqreply://;category=CERT_MSG;format=raw;ref=certlistner_000002DB30ABABA0;scheme=noscheme;TID 20104
2016-07-01 09:21:12.910941;cgate.user;;cg_pub_open: 2DB33F55608;TID 19184
2016-07-01 09:21:12.910942;cgate.publisher.p2mq;;open: (null). @cee{name: certlistner_000002DB30ABBE00, obj: 0x2DB33F555B0, thread: 19184};TID 19184
2016-07-01 09:21:12.910946;cgate.publisher.p2mq;;State changed CLOSED -> OPENING @cee{name: certlistner_000002DB30ABA3C0, obj: 0x2DB33F54D40, thread: 16912};TID 16912
2016-07-01 09:21:12.910948;cgate.listener.p2mqreply;;init: init listener: p2mqreply://;category=CERT_MSG;format=raw;ref=certlistner_000002DB30ABB380;scheme=noscheme;name=noname7. @cee{name: , obj: 0x2DB30B60380, thread: 20760};TID 20760
2016-07-01 09:21:12.910949;cgate.publisher.p2mq;;State changed CLOSED -> OPENING @cee{name: certlistner_000002DB30ABBE00, obj: 0x2DB33F555B0, thread: 19184};TID 19184
2016-07-01 09:21:12.910952;cgate.listener.p2mqreply;;init: init listener: p2mqreply://;category=CERT_MSG;format=raw;ref=certlistner_000002DB30ABABA0;scheme=noscheme;name=noname10. @cee{name: , obj: 0x2DB30B60540, thread: 20104};TID 20104
2016-07-01 09:21:12.910955;cgate.publisher.p2mq;;open: settings scheme is noscheme. @cee{name: certlistner_000002DB30ABA3C0, obj: 0x2DB33F54D40, thread: 16912};TID 16912
2016-07-01 09:21:12.910957;cgate.env;;New listener was registered: noname7.;TID 20760
2016-07-01 09:21:12.910958;cgate.publisher.p2mq;;State changed CLOSED -> OPENING @cee{name: certlistner_000002DB30ABA660, obj: 0x2DB33F563C0, thread: 6180};TID 6180
2016-07-01 09:21:12.910959;cgate.publisher.p2mq;;open: settings scheme is noscheme. @cee{name: certlistner_000002DB30ABA660, obj: 0x2DB33F563C0, thread: 6180};TID 6180
2016-07-01 09:21:12.910959;cgate.user;;cg_pub_open: 2DB33F569B8;TID 20760
2016-07-01 09:21:12.910962;cgate.env;;New listener was registered: noname10.;TID 20104
2016-07-01 09:21:12.910964;cgate.user;;cg_pub_open: 2DB33F558D8;TID 20104
2016-07-01 09:21:12.910964;cgate.publisher.p2mq;;open: (null). @cee{name: certlistner_000002DB30ABB380, obj: 0x2DB33F56960, thread: 20760};TID 20760
2016-07-01 09:21:12.910966;cgate.publisher.p2mq;;open: (null). @cee{name: certlistner_000002DB30ABABA0, obj: 0x2DB33F55880, thread: 20104};TID 20104
2016-07-01 09:21:12.910967;cgate.publisher.p2mq;;open: settings scheme is noscheme. @cee{name: certlistner_000002DB30ABBE00, obj: 0x2DB33F555B0, thread: 19184};TID 19184
2016-07-01 09:21:12.910970;cgate.publisher.p2mq;;State changed CLOSED -> OPENING @cee{name: certlistner_000002DB30ABB380, obj: 0x2DB33F56960, thread: 20760};TID 20760
2016-07-01 09:21:12.910972;cgate.publisher.p2mq;;open: settings scheme is noscheme. @cee{name: certlistner_000002DB30ABB380, obj: 0x2DB33F56960, thread: 20760};TID 20760
2016-07-01 09:21:12.910973;cgate.publisher.p2mq;;State changed CLOSED -> OPENING @cee{name: certlistner_000002DB30ABABA0, obj: 0x2DB33F55880, thread: 20104};TID 20104
2016-07-01 09:21:12.910975;cgate.publisher.p2mq;;open: settings scheme is noscheme. @cee{name: certlistner_000002DB30ABABA0, obj: 0x2DB33F55880, thread: 20104};TID 20104
2016-07-01 09:21:12.914334;cgate.publisher.p2mq;ERROR;open: P2MQServiceResolve failed with error: 0x9002. 'SERV:NO_SERVICE' @cee{name: certlistner_000002DB30ABA3C0, obj: 0x2DB33F54D40, thread: 16912};TID 16912
2016-07-01 09:21:12.914351;cgate.publisher.p2mq;;State changed OPENING -> ERROR @cee{name: certlistner_000002DB30ABA3C0, obj: 0x2DB33F54D40, thread: 16912};TID 16912
2016-07-01 09:21:12.914355;cgate.publisher.p2mq;ERROR;open: P2MQServiceResolve failed with error: 0x9002. 'SERV:NO_SERVICE' @cee{name: certlistner_000002DB30ABA660, obj: 0x2DB33F563C0, thread: 6180};TID 6180
2016-07-01 09:21:12.914364;cgate.publisher.p2mq;;State changed OPENING -> ERROR @cee{name: certlistner_000002DB30ABA660, obj: 0x2DB33F563C0, thread: 6180};TID 6180
2016-07-01 09:21:12.914427;cgate.publisher.p2mq;ERROR;open: P2MQServiceResolve failed with error: 0x9002. 'SERV:NO_SERVICE' @cee{name: certlistner_000002DB30ABB380, obj: 0x2DB33F56960, thread: 20760};TID 20760
2016-07-01 09:21:12.914436;cgate.publisher.p2mq;;State changed OPENING -> ERROR @cee{name: certlistner_000002DB30ABB380, obj: 0x2DB33F56960, thread: 20760};TID 20760
2016-07-01 09:21:12.914442;cgate.publisher.p2mq;ERROR;open: P2MQServiceResolve failed with error: 0x9002. 'SERV:NO_SERVICE' @cee{name: certlistner_000002DB30ABBE00, obj: 0x2DB33F555B0, thread: 19184};TID 19184
2016-07-01 09:21:12.914490;cgate.publisher.p2mq;ERROR;open: P2MQServiceResolve failed with error: 0x9002. 'SERV:NO_SERVICE' @cee{name: certlistner_000002DB30ABABA0, obj: 0x2DB33F55880, thread: 20104};TID 20104
2016-07-01 09:21:12.914494;cgate.publisher.p2mq;;State changed OPENING -> ERROR @cee{name: certlistner_000002DB30ABBE00, obj: 0x2DB33F555B0, thread: 19184};TID 19184
2016-07-01 09:21:12.914496;cgate.publisher.p2mq;;State changed OPENING -> ERROR @cee{name: certlistner_000002DB30ABABA0, obj: 0x2DB33F55880, thread: 20104};TID 20104
2016-07-01 09:21:12.914540;cgate.user;;cg_pub_destroy: 2DB33F54D98;TID 16912
2016-07-01 09:21:12.914542;cgate.publisher.p2mq;;Close @cee{name: certlistner_000002DB30ABA3C0, obj: 0x2DB33F54D40, thread: 16912};TID 16912
2016-07-01 09:21:12.914543;cgate.user;;cg_pub_destroy: 2DB33F569B8;TID 20760
2016-07-01 09:21:12.914544;cgate.publisher.p2mq;;close. @cee{name: certlistner_000002DB30ABA3C0, obj: 0x2DB33F54D40, thread: 16912};TID 16912
2016-07-01 09:21:12.914545;cgate.publisher.p2mq;;Close @cee{name: certlistner_000002DB30ABB380, obj: 0x2DB33F56960, thread: 20760};TID 20760
2016-07-01 09:21:12.914549;cgate.user;;cg_pub_destroy: 2DB33F56418;TID 6180
2016-07-01 09:21:12.914549;cgate.publisher.p2mq;;State changed ERROR -> CLOSED @cee{name: certlistner_000002DB30ABA3C0, obj: 0x2DB33F54D40, thread: 16912};TID 16912
2016-07-01 09:21:12.914550;cgate.publisher.p2mq;;close. @cee{name: certlistner_000002DB30ABB380, obj: 0x2DB33F56960, thread: 20760};TID 20760
2016-07-01 09:21:12.914551;cgate.publisher.p2mq;;close: notify listeners publisher is closing. @cee{name: certlistner_000002DB30ABA3C0, obj: 0x2DB33F54D40, thread: 16912};TID 16912
2016-07-01 09:21:12.914551;cgate.publisher.p2mq;;Close @cee{name: certlistner_000002DB30ABA660, obj: 0x2DB33F563C0, thread: 6180};TID 6180
2016-07-01 09:21:12.914554;cgate.user;;cg_pub_destroy: 2DB33F558D8;TID 20104
2016-07-01 09:21:12.914555;cgate.publisher.p2mq;;State changed ERROR -> CLOSED @cee{name: certlistner_000002DB30ABB380, obj: 0x2DB33F56960, thread: 20760};TID 20760
2016-07-01 09:21:12.914556;cgate.publisher.p2mq;;close. @cee{name: certlistner_000002DB30ABA660, obj: 0x2DB33F563C0, thread: 6180};TID 6180
2016-07-01 09:21:12.914557;cgate.publisher.p2mq;;close: notify listeners publisher is closing. @cee{name: certlistner_000002DB30ABB380, obj: 0x2DB33F56960, thread: 20760};TID 20760
2016-07-01 09:21:12.914561;cgate.publisher.p2mq;;State changed ERROR -> CLOSED @cee{name: certlistner_000002DB30ABA660, obj: 0x2DB33F563C0, thread: 6180};TID 6180
2016-07-01 09:21:12.914556;cgate.publisher.p2mq;;Close @cee{name: certlistner_000002DB30ABABA0, obj: 0x2DB33F55880, thread: 20104};TID 20104
2016-07-01 09:21:12.914562;cgate.publisher.p2mq;;done: done publisher. @cee{name: certlistner_000002DB30ABA3C0, obj: 0x2DB33F54D40, thread: 16912};TID 16912
2016-07-01 09:21:12.914563;cgate.publisher.p2mq;;close: notify listeners publisher is closing. @cee{name: certlistner_000002DB30ABA660, obj: 0x2DB33F563C0, thread: 6180};TID 6180
2016-07-01 09:21:12.914564;cgate.publisher.p2mq;;done: done publisher. @cee{name: certlistner_000002DB30ABB380, obj: 0x2DB33F56960, thread: 20760};TID 20760
2016-07-01 09:21:12.914564;cgate.publisher.p2mq;;close. @cee{name: certlistner_000002DB30ABABA0, obj: 0x2DB33F55880, thread: 20104};TID 20104
2016-07-01 09:21:12.914565;cgate.publisher.p2mq;;done: notify listeners publisher is destroyed. @cee{name: certlistner_000002DB30ABA3C0, obj: 0x2DB33F54D40, thread: 16912};TID 16912
2016-07-01 09:21:12.914565;cgate.publisher.p2mq;;done: done publisher. @cee{name: certlistner_000002DB30ABA660, obj: 0x2DB33F563C0, thread: 6180};TID 6180
2016-07-01 09:21:12.914566;cgate.publisher.p2mq;;done: notify listeners publisher is destroyed. @cee{name: certlistner_000002DB30ABB380, obj: 0x2DB33F56960, thread: 20760};TID 20760
2016-07-01 09:21:12.914567;cgate.publisher.p2mq;;done: notify listeners publisher is destroyed. @cee{name: certlistner_000002DB30ABA660, obj: 0x2DB33F563C0, thread: 6180};TID 6180
2016-07-01 09:21:12.914570;cgate.publisher.p2mq;;State changed ERROR -> CLOSED @cee{name: certlistner_000002DB30ABABA0, obj: 0x2DB33F55880, thread: 20104};TID 20104
2016-07-01 09:21:12.914573;cgate.publisher.p2mq;;close: notify listeners publisher is closing. @cee{name: certlistner_000002DB30ABABA0, obj: 0x2DB33F55880, thread: 20104};TID 20104
2016-07-01 09:21:12.914574;cgate.publisher.p2mq;;done: done publisher. @cee{name: certlistner_000002DB30ABABA0, obj: 0x2DB33F55880, thread: 20104};TID 20104
2016-07-01 09:21:12.914575;cgate.publisher.p2mq;;done: notify listeners publisher is destroyed. @cee{name: certlistner_000002DB30ABABA0, obj: 0x2DB33F55880, thread: 20104};TID 20104
2016-07-01 09:21:12.914579;cgate.env;;Publisher was unregistered: 0x2DB33F54D98.;TID 16912
2016-07-01 09:21:12.914583;cgate.user;;cg_lsn_destroy: 2DB30B5FB18;TID 16912
2016-07-01 09:21:12.914584;cgate.env;;Publisher was unregistered: 0x2DB33F56418.;TID 6180
2016-07-01 09:21:12.914584;cgate.listener.p2mqreply;;Done @cee{name: noname6, obj: 0x2DB30B5FAC0, thread: 16912};TID 16912
2016-07-01 09:21:12.914586;cgate.listener.p2mqreply;;done: done listener. @cee{name: noname6, obj: 0x2DB30B5FAC0, thread: 16912};TID 16912
2016-07-01 09:21:12.914587;cgate.user;;cg_lsn_destroy: 2DB30B5FCD8;TID 6180
2016-07-01 09:21:12.914589;cgate.listener.p2mqreply;;Done @cee{name: noname8, obj: 0x2DB30B5FC80, thread: 6180};TID 6180
2016-07-01 09:21:12.914590;cgate.env;;Publisher was unregistered: 0x2DB33F569B8.;TID 20760
2016-07-01 09:21:12.914591;cgate.listener.p2mqreply;;done: done listener. @cee{name: noname8, obj: 0x2DB30B5FC80, thread: 6180};TID 6180
2016-07-01 09:21:12.914593;cgate.user;;cg_lsn_destroy: 2DB30B603D8;TID 20760
2016-07-01 09:21:12.914594;cgate.listener.p2mqreply;;Done @cee{name: noname7, obj: 0x2DB30B60380, thread: 20760};TID 20760
2016-07-01 09:21:12.914595;cgate.env;;Publisher was unregistered: 0x2DB33F558D8.;TID 20104
2016-07-01 09:21:12.914596;cgate.listener.p2mqreply;;done: done listener. @cee{name: noname7, obj: 0x2DB30B60380, thread: 20760};TID 20760
2016-07-01 09:21:12.914599;cgate.user;;cg_lsn_destroy: 2DB30B60598;TID 20104
2016-07-01 09:21:12.914600;cgate.env;;Listener was unregistered: 0x2DB30B5FB18.;TID 16912
2016-07-01 09:21:12.914601;cgate.listener.p2mqreply;;Done @cee{name: noname10, obj: 0x2DB30B60540, thread: 20104};TID 20104
2016-07-01 09:21:12.914602;cgate.listener.p2mqreply;;done: done listener. @cee{name: noname10, obj: 0x2DB30B60540, thread: 20104};TID 20104
2016-07-01 09:21:12.914610;cgate.env;;Listener was unregistered: 0x2DB30B5FCD8.;TID 6180
2016-07-01 09:21:12.914640;cgate.env;;Listener was unregistered: 0x2DB30B60598.;TID 20104
2016-07-01 09:21:12.914707;cgate.env;;Listener was unregistered: 0x2DB30B603D8.;TID 20760
2016-07-01 09:21:12.914797;cgate.user;ERROR;Unable to open certificate publisher, error 0x20000.;TID 20104
2016-07-01 09:21:12.914803;cgate.connection.p2;ERROR;Certificate check failed @cee{name: noname3, obj: 0x2DB30ABAB50, thread: 20104};TID 20104
2016-07-01 09:21:12.914815;cgate.connection.p2;;Close @cee{name: noname3, obj: 0x2DB30ABAB50, thread: 20104};TID 20104
2016-07-01 09:21:12.914814;cgate.user;ERROR;Unable to open certificate publisher, error 0x20000.;TID 20760
2016-07-01 09:21:12.914819;cgate.connection.p2;ERROR;Certificate check failed @cee{name: noname5, obj: 0x2DB30ABB330, thread: 20760};TID 20760
2016-07-01 09:21:12.914820;cgate.connection.p2;;Close @cee{name: noname5, obj: 0x2DB30ABB330, thread: 20760};TID 20760
2016-07-01 09:21:12.914831;cgate.user;ERROR;Unable to open certificate publisher, error 0x20000.;TID 16912
2016-07-01 09:21:12.914835;cgate.connection.p2;ERROR;Certificate check failed @cee{name: noname1, obj: 0x2DB30ABA370, thread: 16912};TID 16912
2016-07-01 09:21:12.914836;cgate.connection.p2;;Close @cee{name: noname1, obj: 0x2DB30ABA370, thread: 16912};TID 16912
2016-07-01 09:21:12.914841;p2mq-cli;;Connection disconnected; mq-conn 0x5;TID 20760
2016-07-01 09:21:12.914852;p2mq-cli;;Connection disconnected; mq-conn 0x1;TID 16912
2016-07-01 09:21:12.914858;p2mq-cli;;Connection disconnected; mq-conn 0x3;TID 20104
2016-07-01 09:21:12.914900;cgate.user;ERROR;Unable to open certificate publisher, error 0x20000.;TID 6180
2016-07-01 09:21:12.914931;cgate.connection.p2;ERROR;Certificate check failed @cee{name: noname4, obj: 0x2DB30ABA610, thread: 6180};TID 6180
2016-07-01 09:21:12.914932;cgate.connection.p2;;State changed ACTIVE -> CLOSED @cee{name: noname5, obj: 0x2DB30ABB330, thread: 20760};TID 20760
2016-07-01 09:21:12.914942;cgate.connection.p2;;Close @cee{name: noname4, obj: 0x2DB30ABA610, thread: 6180};TID 6180
2016-07-01 09:21:12.914944;cgate.connection.p2;;State changed ACTIVE -> CLOSED @cee{name: noname1, obj: 0x2DB30ABA370, thread: 16912};TID 16912
2016-07-01 09:21:12.914947;cgate.connection.p2;;State changed ACTIVE -> CLOSED @cee{name: noname3, obj: 0x2DB30ABAB50, thread: 20104};TID 20104
2016-07-01 09:21:12.914969;p2mq-cli;;Connection disconnected; mq-conn 0x4;TID 6180
2016-07-01 09:21:12.915049;cgate.connection.p2;;State changed ACTIVE -> CLOSED @cee{name: noname4, obj: 0x2DB30ABA610, thread: 6180};TID 6180
2016-07-01 09:21:12.914898;cgate.user;;cg_pub_destroy: 2DB33F55608;TID 19184
2016-07-01 09:21:12.915180;cgate.publisher.p2mq;;Close @cee{name: certlistner_000002DB30ABBE00, obj: 0x2DB33F555B0, thread: 19184};TID 19184
2016-07-01 09:21:12.915187;cgate.publisher.p2mq;;close. @cee{name: certlistner_000002DB30ABBE00, obj: 0x2DB33F555B0, thread: 19184};TID 19184
2016-07-01 09:21:12.915192;cgate.publisher.p2mq;;State changed ERROR -> CLOSED @cee{name: certlistner_000002DB30ABBE00, obj: 0x2DB33F555B0, thread: 19184};TID 19184
2016-07-01 09:21:12.915195;cgate.publisher.p2mq;;close: notify listeners publisher is closing. @cee{name: certlistner_000002DB30ABBE00, obj: 0x2DB33F555B0, thread: 19184};TID 19184
2016-07-01 09:21:12.915196;cgate.publisher.p2mq;;done: done publisher. @cee{name: certlistner_000002DB30ABBE00, obj: 0x2DB33F555B0, thread: 19184};TID 19184
2016-07-01 09:21:12.915198;cgate.publisher.p2mq;;done: notify listeners publisher is destroyed. @cee{name: certlistner_000002DB30ABBE00, obj: 0x2DB33F555B0, thread: 19184};TID 19184
2016-07-01 09:21:12.915206;cgate.env;;Publisher was unregistered: 0x2DB33F55608.;TID 19184
2016-07-01 09:21:12.915209;cgate.user;;cg_lsn_destroy: 2DB30B5FE98;TID 19184
2016-07-01 09:21:12.915210;cgate.listener.p2mqreply;;Done @cee{name: noname9, obj: 0x2DB30B5FE40, thread: 19184};TID 19184
2016-07-01 09:21:12.915211;cgate.listener.p2mqreply;;done: done listener. @cee{name: noname9, obj: 0x2DB30B5FE40, thread: 19184};TID 19184
2016-07-01 09:21:12.915216;cgate.env;;Listener was unregistered: 0x2DB30B5FE98.;TID 19184
2016-07-01 09:21:12.915378;cgate.user;ERROR;Unable to open certificate publisher, error 0x20000.;TID 19184
2016-07-01 09:21:12.915382;cgate.connection.p2;ERROR;Certificate check failed @cee{name: noname2, obj: 0x2DB30ABBDB0, thread: 19184};TID 19184
2016-07-01 09:21:12.915383;cgate.connection.p2;;Close @cee{name: noname2, obj: 0x2DB30ABBDB0, thread: 19184};TID 19184
2016-07-01 09:21:12.915411;p2mq-cli;;Connection disconnected; mq-conn 0x2;TID 19184
2016-07-01 09:21:12.915475;cgate.connection.p2;;State changed ACTIVE -> CLOSED @cee{name: noname2, obj: 0x2DB30ABBDB0, thread: 19184};TID 19184
